--------------------|---------|----------|---------|---------|-----------------------------
File                | % Stmts | % Branch | % Funcs | % Lines | Uncovered Line #s           
--------------------|---------|----------|---------|---------|-----------------------------
All files           |   83.33 |    73.22 |   86.15 |   88.94 |                             
 dist               |   79.72 |    66.66 |   85.71 |   83.87 |                             
  api.js            |   79.72 |    66.66 |   85.71 |   83.87 | 10-11,16,29,68-69,85,95-100 
 dist/Metrics       |   84.88 |    78.57 |   86.36 |   90.96 |                             
  Correctness.js    |   86.88 |    78.78 |   88.88 |   92.85 | 6,74,88,121                 
  RampUp.js         |    84.9 |    83.33 |   83.33 |   91.66 | 6,65-66,86                  
  Responsiveness.js |   82.75 |    73.68 |   85.71 |   88.23 | 6,54,57,85-86,104           
--------------------|---------|----------|---------|---------|-----------------------------
