{"/home/mo_alaa/mo/ECE461_Project_Phase1/src/dist/api.js": {"path":"/home/mo_alaa/mo/ECE461_Project_Phase1/src/dist/api.js","statementMap":{"0":{"start":{"line":1,"column":16},"end":{"line":9,"column":1}},"1":{"start":{"line":2,"column":28},"end":{"line":2,"column":110}},"2":{"start":{"line":2,"column":91},"end":{"line":2,"column":106}},"3":{"start":{"line":3,"column":4},"end":{"line":8,"column":7}},"4":{"start":{"line":4,"column":36},"end":{"line":4,"column":97}},"5":{"start":{"line":4,"column":42},"end":{"line":4,"column":70}},"6":{"start":{"line":4,"column":85},"end":{"line":4,"column":95}},"7":{"start":{"line":5,"column":35},"end":{"line":5,"column":100}},"8":{"start":{"line":5,"column":41},"end":{"line":5,"column":73}},"9":{"start":{"line":5,"column":88},"end":{"line":5,"column":98}},"10":{"start":{"line":6,"column":32},"end":{"line":6,"column":116}},"11":{"start":{"line":7,"column":8},"end":{"line":7,"column":78}},"12":{"start":{"line":12,"column":0},"end":{"line":12,"column":16}},"13":{"start":{"line":13,"column":12},"end":{"line":13,"column":23}},"14":{"start":{"line":16,"column":8},"end":{"line":16,"column":33}},"15":{"start":{"line":21,"column":8},"end":{"line":21,"column":22}},"16":{"start":{"line":22,"column":8},"end":{"line":22,"column":35}},"17":{"start":{"line":25,"column":8},"end":{"line":42,"column":11}},"18":{"start":{"line":26,"column":24},"end":{"line":26,"column":56}},"19":{"start":{"line":27,"column":28},"end":{"line":29,"column":13}},"20":{"start":{"line":30,"column":25},"end":{"line":33,"column":13}},"21":{"start":{"line":34,"column":12},"end":{"line":41,"column":13}},"22":{"start":{"line":35,"column":33},"end":{"line":35,"column":73}},"23":{"start":{"line":36,"column":16},"end":{"line":36,"column":37}},"24":{"start":{"line":39,"column":16},"end":{"line":39,"column":69}},"25":{"start":{"line":40,"column":16},"end":{"line":40,"column":28}},"26":{"start":{"line":47,"column":8},"end":{"line":47,"column":22}},"27":{"start":{"line":50,"column":8},"end":{"line":72,"column":11}},"28":{"start":{"line":51,"column":24},"end":{"line":51,"column":73}},"29":{"start":{"line":52,"column":12},"end":{"line":71,"column":13}},"30":{"start":{"line":53,"column":33},"end":{"line":53,"column":49}},"31":{"start":{"line":54,"column":16},"end":{"line":56,"column":17}},"32":{"start":{"line":55,"column":20},"end":{"line":55,"column":91}},"33":{"start":{"line":57,"column":29},"end":{"line":57,"column":50}},"34":{"start":{"line":58,"column":38},"end":{"line":58,"column":62}},"35":{"start":{"line":59,"column":42},"end":{"line":59,"column":70}},"36":{"start":{"line":60,"column":34},"end":{"line":60,"column":66}},"37":{"start":{"line":61,"column":16},"end":{"line":66,"column":17}},"38":{"start":{"line":62,"column":20},"end":{"line":62,"column":37}},"39":{"start":{"line":65,"column":20},"end":{"line":65,"column":66}},"40":{"start":{"line":69,"column":16},"end":{"line":69,"column":69}},"41":{"start":{"line":70,"column":16},"end":{"line":70,"column":28}},"42":{"start":{"line":75,"column":15},"end":{"line":75,"column":50}},"43":{"start":{"line":77,"column":4},"end":{"line":94,"column":7}},"44":{"start":{"line":78,"column":21},"end":{"line":92,"column":2}},"45":{"start":{"line":93,"column":8},"end":{"line":93,"column":22}},"46":{"start":{"line":96,"column":0},"end":{"line":96,"column":7}}},"fnMap":{"0":{"name":"(anonymous_0)","decl":{"start":{"line":1,"column":44},"end":{"line":1,"column":45}},"loc":{"start":{"line":1,"column":89},"end":{"line":9,"column":1}},"line":1},"1":{"name":"adopt","decl":{"start":{"line":2,"column":13},"end":{"line":2,"column":18}},"loc":{"start":{"line":2,"column":26},"end":{"line":2,"column":112}},"line":2},"2":{"name":"(anonymous_2)","decl":{"start":{"line":2,"column":70},"end":{"line":2,"column":71}},"loc":{"start":{"line":2,"column":89},"end":{"line":2,"column":108}},"line":2},"3":{"name":"(anonymous_3)","decl":{"start":{"line":3,"column":36},"end":{"line":3,"column":37}},"loc":{"start":{"line":3,"column":63},"end":{"line":8,"column":5}},"line":3},"4":{"name":"fulfilled","decl":{"start":{"line":4,"column":17},"end":{"line":4,"column":26}},"loc":{"start":{"line":4,"column":34},"end":{"line":4,"column":99}},"line":4},"5":{"name":"rejected","decl":{"start":{"line":5,"column":17},"end":{"line":5,"column":25}},"loc":{"start":{"line":5,"column":33},"end":{"line":5,"column":102}},"line":5},"6":{"name":"step","decl":{"start":{"line":6,"column":17},"end":{"line":6,"column":21}},"loc":{"start":{"line":6,"column":30},"end":{"line":6,"column":118}},"line":6},"7":{"name":"(anonymous_7)","decl":{"start":{"line":15,"column":4},"end":{"line":15,"column":5}},"loc":{"start":{"line":15,"column":22},"end":{"line":17,"column":5}},"line":15},"8":{"name":"(anonymous_8)","decl":{"start":{"line":20,"column":4},"end":{"line":20,"column":5}},"loc":{"start":{"line":20,"column":34},"end":{"line":23,"column":5}},"line":20},"9":{"name":"(anonymous_9)","decl":{"start":{"line":24,"column":4},"end":{"line":24,"column":5}},"loc":{"start":{"line":24,"column":34},"end":{"line":43,"column":5}},"line":24},"10":{"name":"(anonymous_10)","decl":{"start":{"line":25,"column":47},"end":{"line":25,"column":48}},"loc":{"start":{"line":25,"column":60},"end":{"line":42,"column":9}},"line":25},"11":{"name":"(anonymous_11)","decl":{"start":{"line":46,"column":4},"end":{"line":46,"column":5}},"loc":{"start":{"line":46,"column":24},"end":{"line":48,"column":5}},"line":46},"12":{"name":"(anonymous_12)","decl":{"start":{"line":49,"column":4},"end":{"line":49,"column":5}},"loc":{"start":{"line":49,"column":14},"end":{"line":73,"column":5}},"line":49},"13":{"name":"(anonymous_13)","decl":{"start":{"line":50,"column":47},"end":{"line":50,"column":48}},"loc":{"start":{"line":50,"column":60},"end":{"line":72,"column":9}},"line":50},"14":{"name":"test","decl":{"start":{"line":76,"column":9},"end":{"line":76,"column":13}},"loc":{"start":{"line":76,"column":16},"end":{"line":95,"column":1}},"line":76},"15":{"name":"(anonymous_15)","decl":{"start":{"line":77,"column":43},"end":{"line":77,"column":44}},"loc":{"start":{"line":77,"column":56},"end":{"line":94,"column":5}},"line":77}},"branchMap":{"0":{"loc":{"start":{"line":1,"column":16},"end":{"line":9,"column":1}},"type":"binary-expr","locations":[{"start":{"line":1,"column":17},"end":{"line":1,"column":21}},{"start":{"line":1,"column":25},"end":{"line":1,"column":39}},{"start":{"line":1,"column":44},"end":{"line":9,"column":1}}],"line":1},"1":{"loc":{"start":{"line":2,"column":35},"end":{"line":2,"column":109}},"type":"cond-expr","locations":[{"start":{"line":2,"column":56},"end":{"line":2,"column":61}},{"start":{"line":2,"column":64},"end":{"line":2,"column":109}}],"line":2},"2":{"loc":{"start":{"line":3,"column":16},"end":{"line":3,"column":34}},"type":"binary-expr","locations":[{"start":{"line":3,"column":16},"end":{"line":3,"column":17}},{"start":{"line":3,"column":22},"end":{"line":3,"column":33}}],"line":3},"3":{"loc":{"start":{"line":6,"column":32},"end":{"line":6,"column":115}},"type":"cond-expr","locations":[{"start":{"line":6,"column":46},"end":{"line":6,"column":67}},{"start":{"line":6,"column":70},"end":{"line":6,"column":115}}],"line":6},"4":{"loc":{"start":{"line":7,"column":51},"end":{"line":7,"column":67}},"type":"binary-expr","locations":[{"start":{"line":7,"column":51},"end":{"line":7,"column":61}},{"start":{"line":7,"column":65},"end":{"line":7,"column":67}}],"line":7},"5":{"loc":{"start":{"line":54,"column":16},"end":{"line":56,"column":17}},"type":"if","locations":[{"start":{"line":54,"column":16},"end":{"line":56,"column":17}},{"start":{},"end":{}}],"line":54},"6":{"loc":{"start":{"line":61,"column":16},"end":{"line":66,"column":17}},"type":"if","locations":[{"start":{"line":61,"column":16},"end":{"line":66,"column":17}},{"start":{"line":64,"column":21},"end":{"line":66,"column":17}}],"line":61}},"s":{"0":5,"1":52,"2":4,"3":50,"4":48,"5":48,"6":0,"7":0,"8":0,"9":0,"10":98,"11":50,"12":5,"13":5,"14":23,"15":21,"16":21,"17":43,"18":43,"19":43,"20":43,"21":43,"22":43,"23":39,"24":0,"25":0,"26":2,"27":2,"28":2,"29":2,"30":2,"31":2,"32":0,"33":2,"34":2,"35":2,"36":2,"37":2,"38":2,"39":0,"40":0,"41":0,"42":5,"43":5,"44":5,"45":5,"46":5},"f":{"0":50,"1":52,"2":4,"3":50,"4":48,"5":0,"6":98,"7":23,"8":21,"9":43,"10":43,"11":2,"12":2,"13":2,"14":5,"15":5},"b":{"0":[5,0,5],"1":[48,4],"2":[50,50],"3":[46,52],"4":[50,50],"5":[0,2],"6":[2,0]},"_coverageSchema":"1a1c01bbd47fc00a2c39e90264f33305004495a9","hash":"b7f58e6dce32ca15a3cbd959920b89c4356848f3"}
,"/home/mo_alaa/mo/ECE461_Project_Phase1/src/dist/logger.js": {"path":"/home/mo_alaa/mo/ECE461_Project_Phase1/src/dist/logger.js","statementMap":{"0":{"start":{"line":2,"column":21},"end":{"line":19,"column":1}},"1":{"start":{"line":20,"column":15},"end":{"line":29,"column":2}},"2":{"start":{"line":23,"column":8},"end":{"line":23,"column":53}}},"fnMap":{"0":{"name":"(anonymous_0)","decl":{"start":{"line":22,"column":61},"end":{"line":22,"column":62}},"loc":{"start":{"line":22,"column":96},"end":{"line":24,"column":5}},"line":22}},"branchMap":{},"s":{"0":1,"1":1,"2":1},"f":{"0":1},"b":{},"_coverageSchema":"1a1c01bbd47fc00a2c39e90264f33305004495a9","hash":"e8b0bf2fc6ff31c3549f3ac6fd69dbddb24dd95d"}
,"/home/mo_alaa/mo/ECE461_Project_Phase1/src/dist/Metrics/BusFactor.js": {"path":"/home/mo_alaa/mo/ECE461_Project_Phase1/src/dist/Metrics/BusFactor.js","statementMap":{"0":{"start":{"line":1,"column":16},"end":{"line":9,"column":1}},"1":{"start":{"line":2,"column":28},"end":{"line":2,"column":110}},"2":{"start":{"line":2,"column":91},"end":{"line":2,"column":106}},"3":{"start":{"line":3,"column":4},"end":{"line":8,"column":7}},"4":{"start":{"line":4,"column":36},"end":{"line":4,"column":97}},"5":{"start":{"line":4,"column":42},"end":{"line":4,"column":70}},"6":{"start":{"line":4,"column":85},"end":{"line":4,"column":95}},"7":{"start":{"line":5,"column":35},"end":{"line":5,"column":100}},"8":{"start":{"line":5,"column":41},"end":{"line":5,"column":73}},"9":{"start":{"line":5,"column":88},"end":{"line":5,"column":98}},"10":{"start":{"line":6,"column":32},"end":{"line":6,"column":116}},"11":{"start":{"line":7,"column":8},"end":{"line":7,"column":78}},"12":{"start":{"line":11,"column":14},"end":{"line":37,"column":1}},"13":{"start":{"line":39,"column":4},"end":{"line":90,"column":7}},"14":{"start":{"line":40,"column":25},"end":{"line":40,"column":60}},"15":{"start":{"line":41,"column":26},"end":{"line":41,"column":30}},"16":{"start":{"line":42,"column":24},"end":{"line":42,"column":28}},"17":{"start":{"line":43,"column":28},"end":{"line":43,"column":30}},"18":{"start":{"line":44,"column":24},"end":{"line":44,"column":25}},"19":{"start":{"line":45,"column":8},"end":{"line":88,"column":9}},"20":{"start":{"line":46,"column":12},"end":{"line":67,"column":13}},"21":{"start":{"line":47,"column":29},"end":{"line":51,"column":18}},"22":{"start":{"line":52,"column":32},"end":{"line":52,"column":90}},"23":{"start":{"line":53,"column":16},"end":{"line":62,"column":19}},"24":{"start":{"line":55,"column":35},"end":{"line":55,"column":111}},"25":{"start":{"line":56,"column":20},"end":{"line":61,"column":21}},"26":{"start":{"line":57,"column":24},"end":{"line":59,"column":25}},"27":{"start":{"line":58,"column":28},"end":{"line":58,"column":52}},"28":{"start":{"line":60,"column":24},"end":{"line":60,"column":49}},"29":{"start":{"line":63,"column":16},"end":{"line":64,"column":94}},"30":{"start":{"line":65,"column":16},"end":{"line":66,"column":92}},"31":{"start":{"line":68,"column":34},"end":{"line":68,"column":36}},"32":{"start":{"line":69,"column":12},"end":{"line":71,"column":15}},"33":{"start":{"line":70,"column":16},"end":{"line":70,"column":47}},"34":{"start":{"line":72,"column":12},"end":{"line":72,"column":48}},"35":{"start":{"line":72,"column":41},"end":{"line":72,"column":46}},"36":{"start":{"line":73,"column":22},"end":{"line":73,"column":23}},"37":{"start":{"line":74,"column":12},"end":{"line":76,"column":15}},"38":{"start":{"line":75,"column":16},"end":{"line":75,"column":36}},"39":{"start":{"line":77,"column":29},"end":{"line":77,"column":30}},"40":{"start":{"line":78,"column":12},"end":{"line":84,"column":13}},"41":{"start":{"line":79,"column":16},"end":{"line":79,"column":38}},"42":{"start":{"line":80,"column":16},"end":{"line":80,"column":31}},"43":{"start":{"line":81,"column":16},"end":{"line":83,"column":17}},"44":{"start":{"line":82,"column":20},"end":{"line":82,"column":26}},"45":{"start":{"line":87,"column":12},"end":{"line":87,"column":73}},"46":{"start":{"line":89,"column":8},"end":{"line":89,"column":25}},"47":{"start":{"line":94,"column":4},"end":{"line":112,"column":7}},"48":{"start":{"line":95,"column":25},"end":{"line":95,"column":45}},"49":{"start":{"line":96,"column":20},"end":{"line":96,"column":22}},"50":{"start":{"line":97,"column":19},"end":{"line":97,"column":21}},"51":{"start":{"line":98,"column":8},"end":{"line":109,"column":9}},"52":{"start":{"line":99,"column":29},"end":{"line":99,"column":53}},"53":{"start":{"line":100,"column":12},"end":{"line":105,"column":13}},"54":{"start":{"line":101,"column":42},"end":{"line":101,"column":61}},"55":{"start":{"line":102,"column":16},"end":{"line":102,"column":74}},"56":{"start":{"line":103,"column":16},"end":{"line":104,"column":76}},"57":{"start":{"line":108,"column":12},"end":{"line":108,"column":84}},"58":{"start":{"line":110,"column":24},"end":{"line":110,"column":59}},"59":{"start":{"line":111,"column":8},"end":{"line":111,"column":25}},"60":{"start":{"line":114,"column":14},"end":{"line":114,"column":24}},"61":{"start":{"line":115,"column":13},"end":{"line":115,"column":20}},"62":{"start":{"line":116,"column":0},"end":{"line":121,"column":6}},"63":{"start":{"line":116,"column":7},"end":{"line":121,"column":2}},"64":{"start":{"line":117,"column":22},"end":{"line":117,"column":57}},"65":{"start":{"line":118,"column":4},"end":{"line":118,"column":27}},"66":{"start":{"line":119,"column":25},"end":{"line":119,"column":56}},"67":{"start":{"line":120,"column":4},"end":{"line":120,"column":30}}},"fnMap":{"0":{"name":"(anonymous_0)","decl":{"start":{"line":1,"column":44},"end":{"line":1,"column":45}},"loc":{"start":{"line":1,"column":89},"end":{"line":9,"column":1}},"line":1},"1":{"name":"adopt","decl":{"start":{"line":2,"column":13},"end":{"line":2,"column":18}},"loc":{"start":{"line":2,"column":26},"end":{"line":2,"column":112}},"line":2},"2":{"name":"(anonymous_2)","decl":{"start":{"line":2,"column":70},"end":{"line":2,"column":71}},"loc":{"start":{"line":2,"column":89},"end":{"line":2,"column":108}},"line":2},"3":{"name":"(anonymous_3)","decl":{"start":{"line":3,"column":36},"end":{"line":3,"column":37}},"loc":{"start":{"line":3,"column":63},"end":{"line":8,"column":5}},"line":3},"4":{"name":"fulfilled","decl":{"start":{"line":4,"column":17},"end":{"line":4,"column":26}},"loc":{"start":{"line":4,"column":34},"end":{"line":4,"column":99}},"line":4},"5":{"name":"rejected","decl":{"start":{"line":5,"column":17},"end":{"line":5,"column":25}},"loc":{"start":{"line":5,"column":33},"end":{"line":5,"column":102}},"line":5},"6":{"name":"step","decl":{"start":{"line":6,"column":17},"end":{"line":6,"column":21}},"loc":{"start":{"line":6,"column":30},"end":{"line":6,"column":118}},"line":6},"7":{"name":"getCommitsByUser","decl":{"start":{"line":38,"column":9},"end":{"line":38,"column":25}},"loc":{"start":{"line":38,"column":39},"end":{"line":91,"column":1}},"line":38},"8":{"name":"(anonymous_8)","decl":{"start":{"line":39,"column":43},"end":{"line":39,"column":44}},"loc":{"start":{"line":39,"column":56},"end":{"line":90,"column":5}},"line":39},"9":{"name":"(anonymous_9)","decl":{"start":{"line":53,"column":32},"end":{"line":53,"column":33}},"loc":{"start":{"line":53,"column":44},"end":{"line":62,"column":17}},"line":53},"10":{"name":"(anonymous_10)","decl":{"start":{"line":69,"column":48},"end":{"line":69,"column":49}},"loc":{"start":{"line":69,"column":61},"end":{"line":71,"column":13}},"line":69},"11":{"name":"(anonymous_11)","decl":{"start":{"line":72,"column":31},"end":{"line":72,"column":32}},"loc":{"start":{"line":72,"column":41},"end":{"line":72,"column":46}},"line":72},"12":{"name":"(anonymous_12)","decl":{"start":{"line":74,"column":34},"end":{"line":74,"column":35}},"loc":{"start":{"line":74,"column":47},"end":{"line":76,"column":13}},"line":74},"13":{"name":"getNpmCommitsbyUser","decl":{"start":{"line":93,"column":16},"end":{"line":93,"column":35}},"loc":{"start":{"line":93,"column":49},"end":{"line":113,"column":1}},"line":93},"14":{"name":"(anonymous_14)","decl":{"start":{"line":94,"column":43},"end":{"line":94,"column":44}},"loc":{"start":{"line":94,"column":56},"end":{"line":112,"column":5}},"line":94},"15":{"name":"(anonymous_15)","decl":{"start":{"line":116,"column":1},"end":{"line":116,"column":2}},"loc":{"start":{"line":116,"column":7},"end":{"line":121,"column":2}},"line":116},"16":{"name":"(anonymous_16)","decl":{"start":{"line":116,"column":41},"end":{"line":116,"column":42}},"loc":{"start":{"line":116,"column":54},"end":{"line":121,"column":1}},"line":116}},"branchMap":{"0":{"loc":{"start":{"line":1,"column":16},"end":{"line":9,"column":1}},"type":"binary-expr","locations":[{"start":{"line":1,"column":17},"end":{"line":1,"column":21}},{"start":{"line":1,"column":25},"end":{"line":1,"column":39}},{"start":{"line":1,"column":44},"end":{"line":9,"column":1}}],"line":1},"1":{"loc":{"start":{"line":2,"column":35},"end":{"line":2,"column":109}},"type":"cond-expr","locations":[{"start":{"line":2,"column":56},"end":{"line":2,"column":61}},{"start":{"line":2,"column":64},"end":{"line":2,"column":109}}],"line":2},"2":{"loc":{"start":{"line":3,"column":16},"end":{"line":3,"column":34}},"type":"binary-expr","locations":[{"start":{"line":3,"column":16},"end":{"line":3,"column":17}},{"start":{"line":3,"column":22},"end":{"line":3,"column":33}}],"line":3},"3":{"loc":{"start":{"line":6,"column":32},"end":{"line":6,"column":115}},"type":"cond-expr","locations":[{"start":{"line":6,"column":46},"end":{"line":6,"column":67}},{"start":{"line":6,"column":70},"end":{"line":6,"column":115}}],"line":6},"4":{"loc":{"start":{"line":7,"column":51},"end":{"line":7,"column":67}},"type":"binary-expr","locations":[{"start":{"line":7,"column":51},"end":{"line":7,"column":61}},{"start":{"line":7,"column":65},"end":{"line":7,"column":67}}],"line":7},"5":{"loc":{"start":{"line":55,"column":35},"end":{"line":55,"column":111}},"type":"cond-expr","locations":[{"start":{"line":55,"column":94},"end":{"line":55,"column":100}},{"start":{"line":55,"column":103},"end":{"line":55,"column":111}}],"line":55},"6":{"loc":{"start":{"line":55,"column":35},"end":{"line":55,"column":91}},"type":"binary-expr","locations":[{"start":{"line":55,"column":35},"end":{"line":55,"column":74}},{"start":{"line":55,"column":78},"end":{"line":55,"column":91}}],"line":55},"7":{"loc":{"start":{"line":56,"column":20},"end":{"line":61,"column":21}},"type":"if","locations":[{"start":{"line":56,"column":20},"end":{"line":61,"column":21}},{"start":{},"end":{}}],"line":56},"8":{"loc":{"start":{"line":57,"column":24},"end":{"line":59,"column":25}},"type":"if","locations":[{"start":{"line":57,"column":24},"end":{"line":59,"column":25}},{"start":{},"end":{}}],"line":57},"9":{"loc":{"start":{"line":81,"column":16},"end":{"line":83,"column":17}},"type":"if","locations":[{"start":{"line":81,"column":16},"end":{"line":83,"column":17}},{"start":{},"end":{}}],"line":81},"10":{"loc":{"start":{"line":100,"column":12},"end":{"line":105,"column":13}},"type":"if","locations":[{"start":{"line":100,"column":12},"end":{"line":105,"column":13}},{"start":{},"end":{}}],"line":100}},"s":{"0":1,"1":13,"2":0,"3":3,"4":11,"5":11,"6":0,"7":0,"8":0,"9":0,"10":14,"11":3,"12":1,"13":2,"14":2,"15":2,"16":2,"17":2,"18":2,"19":2,"20":2,"21":12,"22":11,"23":11,"24":1060,"25":1060,"26":1059,"27":62,"28":1059,"29":11,"30":11,"31":1,"32":1,"33":26,"34":1,"35":82,"36":1,"37":1,"38":26,"39":1,"40":1,"41":2,"42":2,"43":2,"44":1,"45":0,"46":1,"47":0,"48":0,"49":0,"50":0,"51":0,"52":0,"53":0,"54":0,"55":0,"56":0,"57":0,"58":0,"59":0,"60":1,"61":1,"62":1,"63":1,"64":1,"65":0,"66":0,"67":0},"f":{"0":3,"1":13,"2":0,"3":3,"4":11,"5":0,"6":14,"7":2,"8":2,"9":1060,"10":26,"11":82,"12":26,"13":0,"14":0,"15":1,"16":1},"b":{"0":[1,0,1],"1":[13,0],"2":[3,3],"3":[1,13],"4":[3,3],"5":[1,1059],"6":[1060,1059],"7":[1059,1],"8":[62,997],"9":[1,1],"10":[0,0]},"_coverageSchema":"1a1c01bbd47fc00a2c39e90264f33305004495a9","hash":"7ca263b63e7feb2eafeaa9e5e1f7e39b3764acdf"}
,"/home/mo_alaa/mo/ECE461_Project_Phase1/src/dist/Metrics/Correctness.js": {"path":"/home/mo_alaa/mo/ECE461_Project_Phase1/src/dist/Metrics/Correctness.js","statementMap":{"0":{"start":{"line":1,"column":16},"end":{"line":9,"column":1}},"1":{"start":{"line":2,"column":28},"end":{"line":2,"column":110}},"2":{"start":{"line":2,"column":91},"end":{"line":2,"column":106}},"3":{"start":{"line":3,"column":4},"end":{"line":8,"column":7}},"4":{"start":{"line":4,"column":36},"end":{"line":4,"column":97}},"5":{"start":{"line":4,"column":42},"end":{"line":4,"column":70}},"6":{"start":{"line":4,"column":85},"end":{"line":4,"column":95}},"7":{"start":{"line":5,"column":35},"end":{"line":5,"column":100}},"8":{"start":{"line":5,"column":41},"end":{"line":5,"column":73}},"9":{"start":{"line":5,"column":88},"end":{"line":5,"column":98}},"10":{"start":{"line":6,"column":32},"end":{"line":6,"column":116}},"11":{"start":{"line":7,"column":8},"end":{"line":7,"column":78}},"12":{"start":{"line":12,"column":4},"end":{"line":31,"column":7}},"13":{"start":{"line":13,"column":27},"end":{"line":13,"column":50}},"14":{"start":{"line":14,"column":22},"end":{"line":28,"column":5}},"15":{"start":{"line":29,"column":23},"end":{"line":29,"column":60}},"16":{"start":{"line":30,"column":8},"end":{"line":30,"column":22}},"17":{"start":{"line":34,"column":4},"end":{"line":88,"column":7}},"18":{"start":{"line":35,"column":27},"end":{"line":35,"column":50}},"19":{"start":{"line":36,"column":22},"end":{"line":63,"column":4}},"20":{"start":{"line":64,"column":23},"end":{"line":64,"column":60}},"21":{"start":{"line":65,"column":25},"end":{"line":65,"column":26}},"22":{"start":{"line":67,"column":12},"end":{"line":67,"column":43}},"23":{"start":{"line":70,"column":12},"end":{"line":71,"column":23}},"24":{"start":{"line":71,"column":16},"end":{"line":71,"column":23}},"25":{"start":{"line":72,"column":12},"end":{"line":79,"column":15}},"26":{"start":{"line":73,"column":16},"end":{"line":78,"column":17}},"27":{"start":{"line":74,"column":20},"end":{"line":74,"column":64}},"28":{"start":{"line":76,"column":21},"end":{"line":78,"column":17}},"29":{"start":{"line":77,"column":20},"end":{"line":77,"column":55}},"30":{"start":{"line":81,"column":8},"end":{"line":86,"column":9}},"31":{"start":{"line":82,"column":12},"end":{"line":82,"column":64}},"32":{"start":{"line":85,"column":12},"end":{"line":85,"column":72}},"33":{"start":{"line":87,"column":8},"end":{"line":87,"column":26}},"34":{"start":{"line":91,"column":4},"end":{"line":101,"column":7}},"35":{"start":{"line":92,"column":27},"end":{"line":92,"column":57}},"36":{"start":{"line":93,"column":33},"end":{"line":93,"column":64}},"37":{"start":{"line":94,"column":28},"end":{"line":94,"column":72}},"38":{"start":{"line":95,"column":31},"end":{"line":95,"column":81}},"39":{"start":{"line":96,"column":26},"end":{"line":96,"column":73}},"40":{"start":{"line":97,"column":36},"end":{"line":97,"column":86}},"41":{"start":{"line":98,"column":35},"end":{"line":98,"column":90}},"42":{"start":{"line":99,"column":28},"end":{"line":99,"column":90}},"43":{"start":{"line":100,"column":8},"end":{"line":100,"column":27}},"44":{"start":{"line":104,"column":4},"end":{"line":122,"column":7}},"45":{"start":{"line":105,"column":25},"end":{"line":105,"column":45}},"46":{"start":{"line":106,"column":20},"end":{"line":106,"column":22}},"47":{"start":{"line":107,"column":19},"end":{"line":107,"column":21}},"48":{"start":{"line":108,"column":8},"end":{"line":119,"column":9}},"49":{"start":{"line":109,"column":29},"end":{"line":109,"column":53}},"50":{"start":{"line":110,"column":12},"end":{"line":115,"column":13}},"51":{"start":{"line":111,"column":42},"end":{"line":111,"column":61}},"52":{"start":{"line":112,"column":16},"end":{"line":112,"column":74}},"53":{"start":{"line":113,"column":16},"end":{"line":114,"column":76}},"54":{"start":{"line":118,"column":12},"end":{"line":118,"column":84}},"55":{"start":{"line":120,"column":24},"end":{"line":120,"column":63}},"56":{"start":{"line":121,"column":8},"end":{"line":121,"column":25}},"57":{"start":{"line":124,"column":14},"end":{"line":124,"column":24}},"58":{"start":{"line":125,"column":13},"end":{"line":125,"column":20}},"59":{"start":{"line":127,"column":0},"end":{"line":132,"column":6}},"60":{"start":{"line":127,"column":7},"end":{"line":132,"column":2}},"61":{"start":{"line":128,"column":22},"end":{"line":128,"column":61}},"62":{"start":{"line":129,"column":4},"end":{"line":129,"column":27}},"63":{"start":{"line":130,"column":25},"end":{"line":130,"column":54}},"64":{"start":{"line":131,"column":4},"end":{"line":131,"column":30}}},"fnMap":{"0":{"name":"(anonymous_0)","decl":{"start":{"line":1,"column":44},"end":{"line":1,"column":45}},"loc":{"start":{"line":1,"column":89},"end":{"line":9,"column":1}},"line":1},"1":{"name":"adopt","decl":{"start":{"line":2,"column":13},"end":{"line":2,"column":18}},"loc":{"start":{"line":2,"column":26},"end":{"line":2,"column":112}},"line":2},"2":{"name":"(anonymous_2)","decl":{"start":{"line":2,"column":70},"end":{"line":2,"column":71}},"loc":{"start":{"line":2,"column":89},"end":{"line":2,"column":108}},"line":2},"3":{"name":"(anonymous_3)","decl":{"start":{"line":3,"column":36},"end":{"line":3,"column":37}},"loc":{"start":{"line":3,"column":63},"end":{"line":8,"column":5}},"line":3},"4":{"name":"fulfilled","decl":{"start":{"line":4,"column":17},"end":{"line":4,"column":26}},"loc":{"start":{"line":4,"column":34},"end":{"line":4,"column":99}},"line":4},"5":{"name":"rejected","decl":{"start":{"line":5,"column":17},"end":{"line":5,"column":25}},"loc":{"start":{"line":5,"column":33},"end":{"line":5,"column":102}},"line":5},"6":{"name":"step","decl":{"start":{"line":6,"column":17},"end":{"line":6,"column":21}},"loc":{"start":{"line":6,"column":30},"end":{"line":6,"column":118}},"line":6},"7":{"name":"fetchIssues","decl":{"start":{"line":11,"column":9},"end":{"line":11,"column":20}},"loc":{"start":{"line":11,"column":34},"end":{"line":32,"column":1}},"line":11},"8":{"name":"(anonymous_8)","decl":{"start":{"line":12,"column":43},"end":{"line":12,"column":44}},"loc":{"start":{"line":12,"column":56},"end":{"line":31,"column":5}},"line":12},"9":{"name":"calculateLOC","decl":{"start":{"line":33,"column":9},"end":{"line":33,"column":21}},"loc":{"start":{"line":33,"column":35},"end":{"line":89,"column":1}},"line":33},"10":{"name":"(anonymous_10)","decl":{"start":{"line":34,"column":43},"end":{"line":34,"column":44}},"loc":{"start":{"line":34,"column":56},"end":{"line":88,"column":5}},"line":34},"11":{"name":"countLines","decl":{"start":{"line":66,"column":17},"end":{"line":66,"column":27}},"loc":{"start":{"line":66,"column":34},"end":{"line":68,"column":9}},"line":66},"12":{"name":"traverseTree","decl":{"start":{"line":69,"column":17},"end":{"line":69,"column":29}},"loc":{"start":{"line":69,"column":39},"end":{"line":80,"column":9}},"line":69},"13":{"name":"(anonymous_13)","decl":{"start":{"line":72,"column":28},"end":{"line":72,"column":29}},"loc":{"start":{"line":72,"column":39},"end":{"line":79,"column":13}},"line":72},"14":{"name":"calculateCorrectness","decl":{"start":{"line":90,"column":9},"end":{"line":90,"column":29}},"loc":{"start":{"line":90,"column":43},"end":{"line":102,"column":1}},"line":90},"15":{"name":"(anonymous_15)","decl":{"start":{"line":91,"column":43},"end":{"line":91,"column":44}},"loc":{"start":{"line":91,"column":56},"end":{"line":101,"column":5}},"line":91},"16":{"name":"getNpmCorrectness","decl":{"start":{"line":103,"column":16},"end":{"line":103,"column":33}},"loc":{"start":{"line":103,"column":47},"end":{"line":123,"column":1}},"line":103},"17":{"name":"(anonymous_17)","decl":{"start":{"line":104,"column":43},"end":{"line":104,"column":44}},"loc":{"start":{"line":104,"column":56},"end":{"line":122,"column":5}},"line":104},"18":{"name":"(anonymous_18)","decl":{"start":{"line":127,"column":1},"end":{"line":127,"column":2}},"loc":{"start":{"line":127,"column":7},"end":{"line":132,"column":2}},"line":127},"19":{"name":"(anonymous_19)","decl":{"start":{"line":127,"column":41},"end":{"line":127,"column":42}},"loc":{"start":{"line":127,"column":54},"end":{"line":132,"column":1}},"line":127}},"branchMap":{"0":{"loc":{"start":{"line":1,"column":16},"end":{"line":9,"column":1}},"type":"binary-expr","locations":[{"start":{"line":1,"column":17},"end":{"line":1,"column":21}},{"start":{"line":1,"column":25},"end":{"line":1,"column":39}},{"start":{"line":1,"column":44},"end":{"line":9,"column":1}}],"line":1},"1":{"loc":{"start":{"line":2,"column":35},"end":{"line":2,"column":109}},"type":"cond-expr","locations":[{"start":{"line":2,"column":56},"end":{"line":2,"column":61}},{"start":{"line":2,"column":64},"end":{"line":2,"column":109}}],"line":2},"2":{"loc":{"start":{"line":3,"column":16},"end":{"line":3,"column":34}},"type":"binary-expr","locations":[{"start":{"line":3,"column":16},"end":{"line":3,"column":17}},{"start":{"line":3,"column":22},"end":{"line":3,"column":33}}],"line":3},"3":{"loc":{"start":{"line":6,"column":32},"end":{"line":6,"column":115}},"type":"cond-expr","locations":[{"start":{"line":6,"column":46},"end":{"line":6,"column":67}},{"start":{"line":6,"column":70},"end":{"line":6,"column":115}}],"line":6},"4":{"loc":{"start":{"line":7,"column":51},"end":{"line":7,"column":67}},"type":"binary-expr","locations":[{"start":{"line":7,"column":51},"end":{"line":7,"column":61}},{"start":{"line":7,"column":65},"end":{"line":7,"column":67}}],"line":7},"5":{"loc":{"start":{"line":70,"column":12},"end":{"line":71,"column":23}},"type":"if","locations":[{"start":{"line":70,"column":12},"end":{"line":71,"column":23}},{"start":{},"end":{}}],"line":70},"6":{"loc":{"start":{"line":73,"column":16},"end":{"line":78,"column":17}},"type":"if","locations":[{"start":{"line":73,"column":16},"end":{"line":78,"column":17}},{"start":{"line":76,"column":21},"end":{"line":78,"column":17}}],"line":73},"7":{"loc":{"start":{"line":73,"column":20},"end":{"line":73,"column":78}},"type":"binary-expr","locations":[{"start":{"line":73,"column":20},"end":{"line":73,"column":41}},{"start":{"line":73,"column":45},"end":{"line":73,"column":57}},{"start":{"line":73,"column":61},"end":{"line":73,"column":78}}],"line":73},"8":{"loc":{"start":{"line":76,"column":21},"end":{"line":78,"column":17}},"type":"if","locations":[{"start":{"line":76,"column":21},"end":{"line":78,"column":17}},{"start":{},"end":{}}],"line":76},"9":{"loc":{"start":{"line":76,"column":25},"end":{"line":76,"column":86}},"type":"binary-expr","locations":[{"start":{"line":76,"column":25},"end":{"line":76,"column":46}},{"start":{"line":76,"column":50},"end":{"line":76,"column":62}},{"start":{"line":76,"column":66},"end":{"line":76,"column":86}}],"line":76},"10":{"loc":{"start":{"line":81,"column":8},"end":{"line":86,"column":9}},"type":"if","locations":[{"start":{"line":81,"column":8},"end":{"line":86,"column":9}},{"start":{"line":84,"column":13},"end":{"line":86,"column":9}}],"line":81},"11":{"loc":{"start":{"line":81,"column":12},"end":{"line":81,"column":82}},"type":"binary-expr","locations":[{"start":{"line":81,"column":12},"end":{"line":81,"column":41}},{"start":{"line":81,"column":45},"end":{"line":81,"column":82}}],"line":81},"12":{"loc":{"start":{"line":97,"column":36},"end":{"line":97,"column":86}},"type":"cond-expr","locations":[{"start":{"line":97,"column":54},"end":{"line":97,"column":82}},{"start":{"line":97,"column":85},"end":{"line":97,"column":86}}],"line":97},"13":{"loc":{"start":{"line":98,"column":35},"end":{"line":98,"column":90}},"type":"cond-expr","locations":[{"start":{"line":98,"column":58},"end":{"line":98,"column":86}},{"start":{"line":98,"column":89},"end":{"line":98,"column":90}}],"line":98},"14":{"loc":{"start":{"line":110,"column":12},"end":{"line":115,"column":13}},"type":"if","locations":[{"start":{"line":110,"column":12},"end":{"line":115,"column":13}},{"start":{},"end":{}}],"line":110}},"s":{"0":1,"1":20,"2":0,"3":14,"4":20,"5":20,"6":0,"7":0,"8":0,"9":0,"10":34,"11":14,"12":4,"13":4,"14":4,"15":4,"16":4,"17":4,"18":4,"19":4,"20":4,"21":4,"22":118,"23":24,"24":0,"25":24,"26":302,"27":118,"28":184,"29":20,"30":4,"31":4,"32":0,"33":4,"34":4,"35":4,"36":4,"37":4,"38":4,"39":4,"40":4,"41":4,"42":4,"43":4,"44":1,"45":1,"46":1,"47":1,"48":1,"49":1,"50":1,"51":1,"52":1,"53":1,"54":0,"55":1,"56":1,"57":1,"58":1,"59":1,"60":1,"61":1,"62":1,"63":1,"64":1},"f":{"0":14,"1":20,"2":0,"3":14,"4":20,"5":0,"6":34,"7":4,"8":4,"9":4,"10":4,"11":118,"12":24,"13":302,"14":4,"15":4,"16":1,"17":1,"18":1,"19":1},"b":{"0":[1,0,1],"1":[20,0],"2":[14,14],"3":[14,20],"4":[14,14],"5":[0,24],"6":[118,184],"7":[302,118,118],"8":[20,164],"9":[184,184,184],"10":[4,0],"11":[4,4],"12":[4,0],"13":[4,0],"14":[1,0]},"_coverageSchema":"1a1c01bbd47fc00a2c39e90264f33305004495a9","hash":"d804d764de05c2015f6fe17078cd0404e79f4d43"}
,"/home/mo_alaa/mo/ECE461_Project_Phase1/src/dist/Metrics/Licensing.js": {"path":"/home/mo_alaa/mo/ECE461_Project_Phase1/src/dist/Metrics/Licensing.js","statementMap":{"0":{"start":{"line":1,"column":16},"end":{"line":9,"column":1}},"1":{"start":{"line":2,"column":28},"end":{"line":2,"column":110}},"2":{"start":{"line":2,"column":91},"end":{"line":2,"column":106}},"3":{"start":{"line":3,"column":4},"end":{"line":8,"column":7}},"4":{"start":{"line":4,"column":36},"end":{"line":4,"column":97}},"5":{"start":{"line":4,"column":42},"end":{"line":4,"column":70}},"6":{"start":{"line":4,"column":85},"end":{"line":4,"column":95}},"7":{"start":{"line":5,"column":35},"end":{"line":5,"column":100}},"8":{"start":{"line":5,"column":41},"end":{"line":5,"column":73}},"9":{"start":{"line":5,"column":88},"end":{"line":5,"column":98}},"10":{"start":{"line":6,"column":32},"end":{"line":6,"column":116}},"11":{"start":{"line":7,"column":8},"end":{"line":7,"column":78}},"12":{"start":{"line":13,"column":12},"end":{"line":13,"column":23}},"13":{"start":{"line":14,"column":27},"end":{"line":47,"column":1}},"14":{"start":{"line":49,"column":4},"end":{"line":55,"column":7}},"15":{"start":{"line":50,"column":8},"end":{"line":52,"column":9}},"16":{"start":{"line":51,"column":12},"end":{"line":51,"column":61}},"17":{"start":{"line":53,"column":8},"end":{"line":53,"column":47}},"18":{"start":{"line":54,"column":8},"end":{"line":54,"column":52}},"19":{"start":{"line":58,"column":4},"end":{"line":64,"column":7}},"20":{"start":{"line":59,"column":32},"end":{"line":59,"column":57}},"21":{"start":{"line":60,"column":8},"end":{"line":62,"column":9}},"22":{"start":{"line":61,"column":12},"end":{"line":61,"column":60}},"23":{"start":{"line":63,"column":8},"end":{"line":63,"column":20}},"24":{"start":{"line":67,"column":18},"end":{"line":67,"column":44}},"25":{"start":{"line":68,"column":4},"end":{"line":75,"column":5}},"26":{"start":{"line":69,"column":28},"end":{"line":69,"column":43}},"27":{"start":{"line":70,"column":8},"end":{"line":74,"column":9}},"28":{"start":{"line":71,"column":12},"end":{"line":73,"column":13}},"29":{"start":{"line":72,"column":16},"end":{"line":72,"column":29}},"30":{"start":{"line":76,"column":4},"end":{"line":76,"column":13}},"31":{"start":{"line":79,"column":4},"end":{"line":90,"column":7}},"32":{"start":{"line":80,"column":20},"end":{"line":80,"column":57}},"33":{"start":{"line":81,"column":20},"end":{"line":81,"column":38}},"34":{"start":{"line":82,"column":8},"end":{"line":82,"column":40}},"35":{"start":{"line":83,"column":31},"end":{"line":83,"column":52}},"36":{"start":{"line":84,"column":8},"end":{"line":89,"column":9}},"37":{"start":{"line":85,"column":12},"end":{"line":85,"column":57}},"38":{"start":{"line":88,"column":12},"end":{"line":88,"column":21}}},"fnMap":{"0":{"name":"(anonymous_0)","decl":{"start":{"line":1,"column":44},"end":{"line":1,"column":45}},"loc":{"start":{"line":1,"column":89},"end":{"line":9,"column":1}},"line":1},"1":{"name":"adopt","decl":{"start":{"line":2,"column":13},"end":{"line":2,"column":18}},"loc":{"start":{"line":2,"column":26},"end":{"line":2,"column":112}},"line":2},"2":{"name":"(anonymous_2)","decl":{"start":{"line":2,"column":70},"end":{"line":2,"column":71}},"loc":{"start":{"line":2,"column":89},"end":{"line":2,"column":108}},"line":2},"3":{"name":"(anonymous_3)","decl":{"start":{"line":3,"column":36},"end":{"line":3,"column":37}},"loc":{"start":{"line":3,"column":63},"end":{"line":8,"column":5}},"line":3},"4":{"name":"fulfilled","decl":{"start":{"line":4,"column":17},"end":{"line":4,"column":26}},"loc":{"start":{"line":4,"column":34},"end":{"line":4,"column":99}},"line":4},"5":{"name":"rejected","decl":{"start":{"line":5,"column":17},"end":{"line":5,"column":25}},"loc":{"start":{"line":5,"column":33},"end":{"line":5,"column":102}},"line":5},"6":{"name":"step","decl":{"start":{"line":6,"column":17},"end":{"line":6,"column":21}},"loc":{"start":{"line":6,"column":30},"end":{"line":6,"column":118}},"line":6},"7":{"name":"cloneRepository","decl":{"start":{"line":48,"column":9},"end":{"line":48,"column":24}},"loc":{"start":{"line":48,"column":35},"end":{"line":56,"column":1}},"line":48},"8":{"name":"(anonymous_8)","decl":{"start":{"line":49,"column":43},"end":{"line":49,"column":44}},"loc":{"start":{"line":49,"column":56},"end":{"line":55,"column":5}},"line":49},"9":{"name":"getLicense","decl":{"start":{"line":57,"column":9},"end":{"line":57,"column":19}},"loc":{"start":{"line":57,"column":25},"end":{"line":65,"column":1}},"line":57},"10":{"name":"(anonymous_10)","decl":{"start":{"line":58,"column":43},"end":{"line":58,"column":44}},"loc":{"start":{"line":58,"column":56},"end":{"line":64,"column":5}},"line":58},"11":{"name":"determineLicenseScore","decl":{"start":{"line":66,"column":9},"end":{"line":66,"column":30}},"loc":{"start":{"line":66,"column":47},"end":{"line":77,"column":1}},"line":66},"12":{"name":"checkLicenseCompatibility","decl":{"start":{"line":78,"column":9},"end":{"line":78,"column":34}},"loc":{"start":{"line":78,"column":48},"end":{"line":91,"column":1}},"line":78},"13":{"name":"(anonymous_13)","decl":{"start":{"line":79,"column":43},"end":{"line":79,"column":44}},"loc":{"start":{"line":79,"column":56},"end":{"line":90,"column":5}},"line":79}},"branchMap":{"0":{"loc":{"start":{"line":1,"column":16},"end":{"line":9,"column":1}},"type":"binary-expr","locations":[{"start":{"line":1,"column":17},"end":{"line":1,"column":21}},{"start":{"line":1,"column":25},"end":{"line":1,"column":39}},{"start":{"line":1,"column":44},"end":{"line":9,"column":1}}],"line":1},"1":{"loc":{"start":{"line":2,"column":35},"end":{"line":2,"column":109}},"type":"cond-expr","locations":[{"start":{"line":2,"column":56},"end":{"line":2,"column":61}},{"start":{"line":2,"column":64},"end":{"line":2,"column":109}}],"line":2},"2":{"loc":{"start":{"line":3,"column":16},"end":{"line":3,"column":34}},"type":"binary-expr","locations":[{"start":{"line":3,"column":16},"end":{"line":3,"column":17}},{"start":{"line":3,"column":22},"end":{"line":3,"column":33}}],"line":3},"3":{"loc":{"start":{"line":6,"column":32},"end":{"line":6,"column":115}},"type":"cond-expr","locations":[{"start":{"line":6,"column":46},"end":{"line":6,"column":67}},{"start":{"line":6,"column":70},"end":{"line":6,"column":115}}],"line":6},"4":{"loc":{"start":{"line":7,"column":51},"end":{"line":7,"column":67}},"type":"binary-expr","locations":[{"start":{"line":7,"column":51},"end":{"line":7,"column":61}},{"start":{"line":7,"column":65},"end":{"line":7,"column":67}}],"line":7},"5":{"loc":{"start":{"line":50,"column":8},"end":{"line":52,"column":9}},"type":"if","locations":[{"start":{"line":50,"column":8},"end":{"line":52,"column":9}},{"start":{},"end":{}}],"line":50},"6":{"loc":{"start":{"line":60,"column":8},"end":{"line":62,"column":9}},"type":"if","locations":[{"start":{"line":60,"column":8},"end":{"line":62,"column":9}},{"start":{},"end":{}}],"line":60},"7":{"loc":{"start":{"line":68,"column":4},"end":{"line":75,"column":5}},"type":"if","locations":[{"start":{"line":68,"column":4},"end":{"line":75,"column":5}},{"start":{},"end":{}}],"line":68},"8":{"loc":{"start":{"line":71,"column":12},"end":{"line":73,"column":13}},"type":"if","locations":[{"start":{"line":71,"column":12},"end":{"line":73,"column":13}},{"start":{},"end":{}}],"line":71},"9":{"loc":{"start":{"line":84,"column":8},"end":{"line":89,"column":9}},"type":"if","locations":[{"start":{"line":84,"column":8},"end":{"line":89,"column":9}},{"start":{"line":87,"column":13},"end":{"line":89,"column":9}}],"line":84}},"s":{"0":1,"1":6,"2":2,"3":6,"4":6,"5":6,"6":0,"7":0,"8":0,"9":0,"10":12,"11":6,"12":1,"13":1,"14":2,"15":2,"16":2,"17":2,"18":2,"19":2,"20":2,"21":2,"22":2,"23":0,"24":5,"25":5,"26":4,"27":4,"28":38,"29":3,"30":2,"31":2,"32":2,"33":2,"34":2,"35":2,"36":2,"37":2,"38":0},"f":{"0":6,"1":6,"2":2,"3":6,"4":6,"5":0,"6":12,"7":2,"8":2,"9":2,"10":2,"11":5,"12":2,"13":2},"b":{"0":[1,0,1],"1":[4,2],"2":[6,6],"3":[6,6],"4":[6,6],"5":[2,0],"6":[2,0],"7":[4,1],"8":[3,35],"9":[2,0]},"_coverageSchema":"1a1c01bbd47fc00a2c39e90264f33305004495a9","hash":"49f837cb3fe05f9e35b432a78f3b0dfef4d61e43"}
,"/home/mo_alaa/mo/ECE461_Project_Phase1/src/dist/Metrics/RampUp.js": {"path":"/home/mo_alaa/mo/ECE461_Project_Phase1/src/dist/Metrics/RampUp.js","statementMap":{"0":{"start":{"line":1,"column":16},"end":{"line":9,"column":1}},"1":{"start":{"line":2,"column":28},"end":{"line":2,"column":110}},"2":{"start":{"line":2,"column":91},"end":{"line":2,"column":106}},"3":{"start":{"line":3,"column":4},"end":{"line":8,"column":7}},"4":{"start":{"line":4,"column":36},"end":{"line":4,"column":97}},"5":{"start":{"line":4,"column":42},"end":{"line":4,"column":70}},"6":{"start":{"line":4,"column":85},"end":{"line":4,"column":95}},"7":{"start":{"line":5,"column":35},"end":{"line":5,"column":100}},"8":{"start":{"line":5,"column":41},"end":{"line":5,"column":73}},"9":{"start":{"line":5,"column":88},"end":{"line":5,"column":98}},"10":{"start":{"line":6,"column":32},"end":{"line":6,"column":116}},"11":{"start":{"line":7,"column":8},"end":{"line":7,"column":78}},"12":{"start":{"line":11,"column":14},"end":{"line":30,"column":1}},"13":{"start":{"line":32,"column":4},"end":{"line":64,"column":7}},"14":{"start":{"line":33,"column":25},"end":{"line":33,"column":48}},"15":{"start":{"line":34,"column":26},"end":{"line":34,"column":30}},"16":{"start":{"line":35,"column":24},"end":{"line":35,"column":28}},"17":{"start":{"line":36,"column":29},"end":{"line":36,"column":31}},"18":{"start":{"line":37,"column":8},"end":{"line":63,"column":9}},"19":{"start":{"line":38,"column":12},"end":{"line":54,"column":13}},"20":{"start":{"line":39,"column":29},"end":{"line":43,"column":18}},"21":{"start":{"line":44,"column":37},"end":{"line":44,"column":76}},"22":{"start":{"line":45,"column":16},"end":{"line":51,"column":19}},"23":{"start":{"line":46,"column":35},"end":{"line":46,"column":49}},"24":{"start":{"line":47,"column":38},"end":{"line":47,"column":75}},"25":{"start":{"line":48,"column":20},"end":{"line":50,"column":21}},"26":{"start":{"line":49,"column":24},"end":{"line":49,"column":63}},"27":{"start":{"line":52,"column":16},"end":{"line":52,"column":85}},"28":{"start":{"line":53,"column":16},"end":{"line":53,"column":81}},"29":{"start":{"line":55,"column":33},"end":{"line":55,"column":60}},"30":{"start":{"line":56,"column":37},"end":{"line":56,"column":86}},"31":{"start":{"line":56,"column":72},"end":{"line":56,"column":82}},"32":{"start":{"line":57,"column":39},"end":{"line":57,"column":77}},"33":{"start":{"line":58,"column":12},"end":{"line":58,"column":38}},"34":{"start":{"line":61,"column":12},"end":{"line":61,"column":66}},"35":{"start":{"line":62,"column":12},"end":{"line":62,"column":24}},"36":{"start":{"line":68,"column":4},"end":{"line":86,"column":7}},"37":{"start":{"line":69,"column":25},"end":{"line":69,"column":45}},"38":{"start":{"line":70,"column":20},"end":{"line":70,"column":22}},"39":{"start":{"line":71,"column":19},"end":{"line":71,"column":21}},"40":{"start":{"line":72,"column":8},"end":{"line":83,"column":9}},"41":{"start":{"line":73,"column":29},"end":{"line":73,"column":53}},"42":{"start":{"line":74,"column":12},"end":{"line":79,"column":13}},"43":{"start":{"line":75,"column":42},"end":{"line":75,"column":61}},"44":{"start":{"line":76,"column":16},"end":{"line":76,"column":74}},"45":{"start":{"line":77,"column":16},"end":{"line":78,"column":76}},"46":{"start":{"line":82,"column":12},"end":{"line":82,"column":84}},"47":{"start":{"line":84,"column":24},"end":{"line":84,"column":73}},"48":{"start":{"line":85,"column":8},"end":{"line":85,"column":25}},"49":{"start":{"line":88,"column":14},"end":{"line":88,"column":24}},"50":{"start":{"line":89,"column":13},"end":{"line":89,"column":20}},"51":{"start":{"line":90,"column":0},"end":{"line":95,"column":6}},"52":{"start":{"line":90,"column":7},"end":{"line":95,"column":2}},"53":{"start":{"line":91,"column":22},"end":{"line":91,"column":71}},"54":{"start":{"line":92,"column":4},"end":{"line":92,"column":27}},"55":{"start":{"line":93,"column":25},"end":{"line":93,"column":49}},"56":{"start":{"line":94,"column":4},"end":{"line":94,"column":30}}},"fnMap":{"0":{"name":"(anonymous_0)","decl":{"start":{"line":1,"column":44},"end":{"line":1,"column":45}},"loc":{"start":{"line":1,"column":89},"end":{"line":9,"column":1}},"line":1},"1":{"name":"adopt","decl":{"start":{"line":2,"column":13},"end":{"line":2,"column":18}},"loc":{"start":{"line":2,"column":26},"end":{"line":2,"column":112}},"line":2},"2":{"name":"(anonymous_2)","decl":{"start":{"line":2,"column":70},"end":{"line":2,"column":71}},"loc":{"start":{"line":2,"column":89},"end":{"line":2,"column":108}},"line":2},"3":{"name":"(anonymous_3)","decl":{"start":{"line":3,"column":36},"end":{"line":3,"column":37}},"loc":{"start":{"line":3,"column":63},"end":{"line":8,"column":5}},"line":3},"4":{"name":"fulfilled","decl":{"start":{"line":4,"column":17},"end":{"line":4,"column":26}},"loc":{"start":{"line":4,"column":34},"end":{"line":4,"column":99}},"line":4},"5":{"name":"rejected","decl":{"start":{"line":5,"column":17},"end":{"line":5,"column":25}},"loc":{"start":{"line":5,"column":33},"end":{"line":5,"column":102}},"line":5},"6":{"name":"step","decl":{"start":{"line":6,"column":17},"end":{"line":6,"column":21}},"loc":{"start":{"line":6,"column":30},"end":{"line":6,"column":118}},"line":6},"7":{"name":"calculateAverageTimeForFirstPR","decl":{"start":{"line":31,"column":9},"end":{"line":31,"column":39}},"loc":{"start":{"line":31,"column":53},"end":{"line":65,"column":1}},"line":31},"8":{"name":"(anonymous_8)","decl":{"start":{"line":32,"column":43},"end":{"line":32,"column":44}},"loc":{"start":{"line":32,"column":56},"end":{"line":64,"column":5}},"line":32},"9":{"name":"(anonymous_9)","decl":{"start":{"line":45,"column":37},"end":{"line":45,"column":38}},"loc":{"start":{"line":45,"column":45},"end":{"line":51,"column":17}},"line":45},"10":{"name":"(anonymous_10)","decl":{"start":{"line":56,"column":57},"end":{"line":56,"column":58}},"loc":{"start":{"line":56,"column":72},"end":{"line":56,"column":82}},"line":56},"11":{"name":"getNpmRampUp","decl":{"start":{"line":67,"column":16},"end":{"line":67,"column":28}},"loc":{"start":{"line":67,"column":42},"end":{"line":87,"column":1}},"line":67},"12":{"name":"(anonymous_12)","decl":{"start":{"line":68,"column":43},"end":{"line":68,"column":44}},"loc":{"start":{"line":68,"column":56},"end":{"line":86,"column":5}},"line":68},"13":{"name":"(anonymous_13)","decl":{"start":{"line":90,"column":1},"end":{"line":90,"column":2}},"loc":{"start":{"line":90,"column":7},"end":{"line":95,"column":2}},"line":90},"14":{"name":"(anonymous_14)","decl":{"start":{"line":90,"column":41},"end":{"line":90,"column":42}},"loc":{"start":{"line":90,"column":54},"end":{"line":95,"column":1}},"line":90}},"branchMap":{"0":{"loc":{"start":{"line":1,"column":16},"end":{"line":9,"column":1}},"type":"binary-expr","locations":[{"start":{"line":1,"column":17},"end":{"line":1,"column":21}},{"start":{"line":1,"column":25},"end":{"line":1,"column":39}},{"start":{"line":1,"column":44},"end":{"line":9,"column":1}}],"line":1},"1":{"loc":{"start":{"line":2,"column":35},"end":{"line":2,"column":109}},"type":"cond-expr","locations":[{"start":{"line":2,"column":56},"end":{"line":2,"column":61}},{"start":{"line":2,"column":64},"end":{"line":2,"column":109}}],"line":2},"2":{"loc":{"start":{"line":3,"column":16},"end":{"line":3,"column":34}},"type":"binary-expr","locations":[{"start":{"line":3,"column":16},"end":{"line":3,"column":17}},{"start":{"line":3,"column":22},"end":{"line":3,"column":33}}],"line":3},"3":{"loc":{"start":{"line":6,"column":32},"end":{"line":6,"column":115}},"type":"cond-expr","locations":[{"start":{"line":6,"column":46},"end":{"line":6,"column":67}},{"start":{"line":6,"column":70},"end":{"line":6,"column":115}}],"line":6},"4":{"loc":{"start":{"line":7,"column":51},"end":{"line":7,"column":67}},"type":"binary-expr","locations":[{"start":{"line":7,"column":51},"end":{"line":7,"column":61}},{"start":{"line":7,"column":65},"end":{"line":7,"column":67}}],"line":7},"5":{"loc":{"start":{"line":48,"column":20},"end":{"line":50,"column":21}},"type":"if","locations":[{"start":{"line":48,"column":20},"end":{"line":50,"column":21}},{"start":{},"end":{}}],"line":48},"6":{"loc":{"start":{"line":48,"column":24},"end":{"line":48,"column":77}},"type":"binary-expr","locations":[{"start":{"line":48,"column":24},"end":{"line":48,"column":30}},{"start":{"line":48,"column":34},"end":{"line":48,"column":46}},{"start":{"line":48,"column":50},"end":{"line":48,"column":77}}],"line":48},"7":{"loc":{"start":{"line":74,"column":12},"end":{"line":79,"column":13}},"type":"if","locations":[{"start":{"line":74,"column":12},"end":{"line":79,"column":13}},{"start":{},"end":{}}],"line":74}},"s":{"0":1,"1":12,"2":0,"3":3,"4":10,"5":10,"6":0,"7":0,"8":0,"9":0,"10":13,"11":3,"12":1,"13":2,"14":2,"15":2,"16":2,"17":2,"18":2,"19":2,"20":11,"21":10,"22":10,"23":903,"24":903,"25":903,"26":101,"27":10,"28":10,"29":1,"30":1,"31":31,"32":1,"33":1,"34":0,"35":0,"36":0,"37":0,"38":0,"39":0,"40":0,"41":0,"42":0,"43":0,"44":0,"45":0,"46":0,"47":0,"48":0,"49":1,"50":1,"51":1,"52":1,"53":1,"54":0,"55":0,"56":0},"f":{"0":3,"1":12,"2":0,"3":3,"4":10,"5":0,"6":13,"7":2,"8":2,"9":903,"10":31,"11":0,"12":0,"13":1,"14":1},"b":{"0":[1,0,1],"1":[12,0],"2":[3,3],"3":[1,12],"4":[3,3],"5":[101,802],"6":[903,902,902],"7":[0,0]},"_coverageSchema":"1a1c01bbd47fc00a2c39e90264f33305004495a9","hash":"2d09b59a4710428d29c4ff1a609c278e172a05b7"}
,"/home/mo_alaa/mo/ECE461_Project_Phase1/src/dist/Metrics/Responsiveness.js": {"path":"/home/mo_alaa/mo/ECE461_Project_Phase1/src/dist/Metrics/Responsiveness.js","statementMap":{"0":{"start":{"line":1,"column":16},"end":{"line":9,"column":1}},"1":{"start":{"line":2,"column":28},"end":{"line":2,"column":110}},"2":{"start":{"line":2,"column":91},"end":{"line":2,"column":106}},"3":{"start":{"line":3,"column":4},"end":{"line":8,"column":7}},"4":{"start":{"line":4,"column":36},"end":{"line":4,"column":97}},"5":{"start":{"line":4,"column":42},"end":{"line":4,"column":70}},"6":{"start":{"line":4,"column":85},"end":{"line":4,"column":95}},"7":{"start":{"line":5,"column":35},"end":{"line":5,"column":100}},"8":{"start":{"line":5,"column":41},"end":{"line":5,"column":73}},"9":{"start":{"line":5,"column":88},"end":{"line":5,"column":98}},"10":{"start":{"line":6,"column":32},"end":{"line":6,"column":116}},"11":{"start":{"line":7,"column":8},"end":{"line":7,"column":78}},"12":{"start":{"line":11,"column":19},"end":{"line":17,"column":1}},"13":{"start":{"line":18,"column":21},"end":{"line":37,"column":1}},"14":{"start":{"line":39,"column":4},"end":{"line":85,"column":7}},"15":{"start":{"line":40,"column":25},"end":{"line":40,"column":48}},"16":{"start":{"line":41,"column":30},"end":{"line":41,"column":32}},"17":{"start":{"line":42,"column":31},"end":{"line":42,"column":32}},"18":{"start":{"line":43,"column":8},"end":{"line":84,"column":9}},"19":{"start":{"line":44,"column":32},"end":{"line":47,"column":14}},"20":{"start":{"line":48,"column":29},"end":{"line":48,"column":73}},"21":{"start":{"line":49,"column":12},"end":{"line":57,"column":13}},"22":{"start":{"line":50,"column":16},"end":{"line":50,"column":39}},"23":{"start":{"line":52,"column":17},"end":{"line":57,"column":13}},"24":{"start":{"line":53,"column":16},"end":{"line":53,"column":38}},"25":{"start":{"line":56,"column":16},"end":{"line":56,"column":38}},"26":{"start":{"line":58,"column":33},"end":{"line":62,"column":14}},"27":{"start":{"line":63,"column":27},"end":{"line":63,"column":68}},"28":{"start":{"line":64,"column":12},"end":{"line":73,"column":15}},"29":{"start":{"line":65,"column":34},"end":{"line":65,"column":64}},"30":{"start":{"line":66,"column":37},"end":{"line":66,"column":65}},"31":{"start":{"line":67,"column":16},"end":{"line":72,"column":17}},"32":{"start":{"line":68,"column":44},"end":{"line":68,"column":81}},"33":{"start":{"line":69,"column":41},"end":{"line":70,"column":50}},"34":{"start":{"line":71,"column":20},"end":{"line":71,"column":53}},"35":{"start":{"line":74,"column":12},"end":{"line":74,"column":48}},"36":{"start":{"line":74,"column":41},"end":{"line":74,"column":46}},"37":{"start":{"line":75,"column":38},"end":{"line":75,"column":88}},"38":{"start":{"line":75,"column":74},"end":{"line":75,"column":84}},"39":{"start":{"line":76,"column":40},"end":{"line":76,"column":80}},"40":{"start":{"line":77,"column":35},"end":{"line":77,"column":77}},"41":{"start":{"line":78,"column":12},"end":{"line":78,"column":59}},"42":{"start":{"line":79,"column":12},"end":{"line":79,"column":34}},"43":{"start":{"line":82,"column":12},"end":{"line":82,"column":73}},"44":{"start":{"line":83,"column":12},"end":{"line":83,"column":24}},"45":{"start":{"line":88,"column":4},"end":{"line":103,"column":7}},"46":{"start":{"line":89,"column":25},"end":{"line":89,"column":45}},"47":{"start":{"line":90,"column":8},"end":{"line":102,"column":9}},"48":{"start":{"line":91,"column":29},"end":{"line":91,"column":53}},"49":{"start":{"line":92,"column":12},"end":{"line":98,"column":13}},"50":{"start":{"line":93,"column":42},"end":{"line":93,"column":61}},"51":{"start":{"line":94,"column":30},"end":{"line":94,"column":79}},"52":{"start":{"line":95,"column":29},"end":{"line":96,"column":75}},"53":{"start":{"line":97,"column":16},"end":{"line":97,"column":51}},"54":{"start":{"line":101,"column":12},"end":{"line":101,"column":84}},"55":{"start":{"line":105,"column":14},"end":{"line":105,"column":24}},"56":{"start":{"line":106,"column":13},"end":{"line":106,"column":20}},"57":{"start":{"line":107,"column":0},"end":{"line":107,"column":35}},"58":{"start":{"line":108,"column":0},"end":{"line":108,"column":24}}},"fnMap":{"0":{"name":"(anonymous_0)","decl":{"start":{"line":1,"column":44},"end":{"line":1,"column":45}},"loc":{"start":{"line":1,"column":89},"end":{"line":9,"column":1}},"line":1},"1":{"name":"adopt","decl":{"start":{"line":2,"column":13},"end":{"line":2,"column":18}},"loc":{"start":{"line":2,"column":26},"end":{"line":2,"column":112}},"line":2},"2":{"name":"(anonymous_2)","decl":{"start":{"line":2,"column":70},"end":{"line":2,"column":71}},"loc":{"start":{"line":2,"column":89},"end":{"line":2,"column":108}},"line":2},"3":{"name":"(anonymous_3)","decl":{"start":{"line":3,"column":36},"end":{"line":3,"column":37}},"loc":{"start":{"line":3,"column":63},"end":{"line":8,"column":5}},"line":3},"4":{"name":"fulfilled","decl":{"start":{"line":4,"column":17},"end":{"line":4,"column":26}},"loc":{"start":{"line":4,"column":34},"end":{"line":4,"column":99}},"line":4},"5":{"name":"rejected","decl":{"start":{"line":5,"column":17},"end":{"line":5,"column":25}},"loc":{"start":{"line":5,"column":33},"end":{"line":5,"column":102}},"line":5},"6":{"name":"step","decl":{"start":{"line":6,"column":17},"end":{"line":6,"column":21}},"loc":{"start":{"line":6,"column":30},"end":{"line":6,"column":118}},"line":6},"7":{"name":"getIssueResponseTimes","decl":{"start":{"line":38,"column":16},"end":{"line":38,"column":37}},"loc":{"start":{"line":38,"column":51},"end":{"line":86,"column":1}},"line":38},"8":{"name":"(anonymous_8)","decl":{"start":{"line":39,"column":43},"end":{"line":39,"column":44}},"loc":{"start":{"line":39,"column":56},"end":{"line":85,"column":5}},"line":39},"9":{"name":"(anonymous_9)","decl":{"start":{"line":64,"column":27},"end":{"line":64,"column":28}},"loc":{"start":{"line":64,"column":38},"end":{"line":73,"column":13}},"line":64},"10":{"name":"(anonymous_10)","decl":{"start":{"line":74,"column":31},"end":{"line":74,"column":32}},"loc":{"start":{"line":74,"column":41},"end":{"line":74,"column":46}},"line":74},"11":{"name":"(anonymous_11)","decl":{"start":{"line":75,"column":59},"end":{"line":75,"column":60}},"loc":{"start":{"line":75,"column":74},"end":{"line":75,"column":84}},"line":75},"12":{"name":"getNpmPackageInfo","decl":{"start":{"line":87,"column":16},"end":{"line":87,"column":33}},"loc":{"start":{"line":87,"column":47},"end":{"line":104,"column":1}},"line":87},"13":{"name":"(anonymous_13)","decl":{"start":{"line":88,"column":43},"end":{"line":88,"column":44}},"loc":{"start":{"line":88,"column":56},"end":{"line":103,"column":5}},"line":88}},"branchMap":{"0":{"loc":{"start":{"line":1,"column":16},"end":{"line":9,"column":1}},"type":"binary-expr","locations":[{"start":{"line":1,"column":17},"end":{"line":1,"column":21}},{"start":{"line":1,"column":25},"end":{"line":1,"column":39}},{"start":{"line":1,"column":44},"end":{"line":9,"column":1}}],"line":1},"1":{"loc":{"start":{"line":2,"column":35},"end":{"line":2,"column":109}},"type":"cond-expr","locations":[{"start":{"line":2,"column":56},"end":{"line":2,"column":61}},{"start":{"line":2,"column":64},"end":{"line":2,"column":109}}],"line":2},"2":{"loc":{"start":{"line":3,"column":16},"end":{"line":3,"column":34}},"type":"binary-expr","locations":[{"start":{"line":3,"column":16},"end":{"line":3,"column":17}},{"start":{"line":3,"column":22},"end":{"line":3,"column":33}}],"line":3},"3":{"loc":{"start":{"line":6,"column":32},"end":{"line":6,"column":115}},"type":"cond-expr","locations":[{"start":{"line":6,"column":46},"end":{"line":6,"column":67}},{"start":{"line":6,"column":70},"end":{"line":6,"column":115}}],"line":6},"4":{"loc":{"start":{"line":7,"column":51},"end":{"line":7,"column":67}},"type":"binary-expr","locations":[{"start":{"line":7,"column":51},"end":{"line":7,"column":61}},{"start":{"line":7,"column":65},"end":{"line":7,"column":67}}],"line":7},"5":{"loc":{"start":{"line":49,"column":12},"end":{"line":57,"column":13}},"type":"if","locations":[{"start":{"line":49,"column":12},"end":{"line":57,"column":13}},{"start":{"line":52,"column":17},"end":{"line":57,"column":13}}],"line":49},"6":{"loc":{"start":{"line":52,"column":17},"end":{"line":57,"column":13}},"type":"if","locations":[{"start":{"line":52,"column":17},"end":{"line":57,"column":13}},{"start":{"line":55,"column":17},"end":{"line":57,"column":13}}],"line":52},"7":{"loc":{"start":{"line":67,"column":16},"end":{"line":72,"column":17}},"type":"if","locations":[{"start":{"line":67,"column":16},"end":{"line":72,"column":17}},{"start":{},"end":{}}],"line":67},"8":{"loc":{"start":{"line":92,"column":12},"end":{"line":98,"column":13}},"type":"if","locations":[{"start":{"line":92,"column":12},"end":{"line":98,"column":13}},{"start":{},"end":{}}],"line":92}},"s":{"0":1,"1":7,"2":0,"3":4,"4":5,"5":5,"6":0,"7":0,"8":0,"9":0,"10":9,"11":4,"12":1,"13":1,"14":3,"15":3,"16":3,"17":3,"18":3,"19":3,"20":3,"21":3,"22":2,"23":1,"24":0,"25":1,"26":3,"27":1,"28":1,"29":73,"30":73,"31":73,"32":70,"33":70,"34":70,"35":1,"36":340,"37":1,"38":70,"39":1,"40":1,"41":1,"42":1,"43":0,"44":0,"45":1,"46":1,"47":1,"48":1,"49":1,"50":1,"51":1,"52":1,"53":1,"54":0,"55":1,"56":1,"57":1,"58":1},"f":{"0":4,"1":7,"2":0,"3":4,"4":5,"5":0,"6":9,"7":3,"8":3,"9":73,"10":340,"11":70,"12":1,"13":1},"b":{"0":[1,0,1],"1":[7,0],"2":[4,4],"3":[2,7],"4":[4,4],"5":[2,1],"6":[0,1],"7":[70,3],"8":[1,0]},"_coverageSchema":"1a1c01bbd47fc00a2c39e90264f33305004495a9","hash":"c7c8e92988e58cf9f4a44b919d9dec5891a65eb6"}
,"/home/mo_alaa/mo/ECE461_Project_Phase1/src/dist/commands/InstallCommand.js": {"path":"/home/mo_alaa/mo/ECE461_Project_Phase1/src/dist/commands/InstallCommand.js","statementMap":{"0":{"start":{"line":1,"column":16},"end":{"line":9,"column":1}},"1":{"start":{"line":2,"column":28},"end":{"line":2,"column":110}},"2":{"start":{"line":2,"column":91},"end":{"line":2,"column":106}},"3":{"start":{"line":3,"column":4},"end":{"line":8,"column":7}},"4":{"start":{"line":4,"column":36},"end":{"line":4,"column":97}},"5":{"start":{"line":4,"column":42},"end":{"line":4,"column":70}},"6":{"start":{"line":4,"column":85},"end":{"line":4,"column":95}},"7":{"start":{"line":5,"column":35},"end":{"line":5,"column":100}},"8":{"start":{"line":5,"column":41},"end":{"line":5,"column":73}},"9":{"start":{"line":5,"column":88},"end":{"line":5,"column":98}},"10":{"start":{"line":6,"column":32},"end":{"line":6,"column":116}},"11":{"start":{"line":7,"column":8},"end":{"line":7,"column":78}},"12":{"start":{"line":15,"column":8},"end":{"line":29,"column":11}},"13":{"start":{"line":16,"column":12},"end":{"line":28,"column":15}},"14":{"start":{"line":17,"column":16},"end":{"line":22,"column":17}},"15":{"start":{"line":18,"column":20},"end":{"line":18,"column":67}},"16":{"start":{"line":19,"column":20},"end":{"line":19,"column":66}},"17":{"start":{"line":20,"column":20},"end":{"line":20,"column":32}},"18":{"start":{"line":21,"column":20},"end":{"line":21,"column":27}},"19":{"start":{"line":23,"column":16},"end":{"line":23,"column":61}},"20":{"start":{"line":24,"column":16},"end":{"line":24,"column":61}},"21":{"start":{"line":25,"column":16},"end":{"line":25,"column":61}},"22":{"start":{"line":26,"column":16},"end":{"line":26,"column":36}},"23":{"start":{"line":27,"column":16},"end":{"line":27,"column":26}},"24":{"start":{"line":32,"column":8},"end":{"line":57,"column":11}},"25":{"start":{"line":33,"column":12},"end":{"line":33,"column":63}},"26":{"start":{"line":34,"column":12},"end":{"line":34,"column":54}},"27":{"start":{"line":35,"column":12},"end":{"line":56,"column":16}},"28":{"start":{"line":35,"column":63},"end":{"line":56,"column":14}},"29":{"start":{"line":36,"column":16},"end":{"line":41,"column":17}},"30":{"start":{"line":37,"column":20},"end":{"line":37,"column":70}},"31":{"start":{"line":38,"column":20},"end":{"line":38,"column":69}},"32":{"start":{"line":39,"column":20},"end":{"line":39,"column":36}},"33":{"start":{"line":40,"column":20},"end":{"line":40,"column":27}},"34":{"start":{"line":42,"column":37},"end":{"line":42,"column":86}},"35":{"start":{"line":42,"column":68},"end":{"line":42,"column":85}},"36":{"start":{"line":43,"column":16},"end":{"line":55,"column":17}},"37":{"start":{"line":44,"column":20},"end":{"line":46,"column":21}},"38":{"start":{"line":45,"column":24},"end":{"line":45,"column":68}},"39":{"start":{"line":47,"column":20},"end":{"line":47,"column":72}},"40":{"start":{"line":48,"column":20},"end":{"line":48,"column":72}},"41":{"start":{"line":49,"column":20},"end":{"line":49,"column":36}},"42":{"start":{"line":52,"column":20},"end":{"line":52,"column":67}},"43":{"start":{"line":53,"column":20},"end":{"line":53,"column":66}},"44":{"start":{"line":54,"column":20},"end":{"line":54,"column":36}}},"fnMap":{"0":{"name":"(anonymous_0)","decl":{"start":{"line":1,"column":44},"end":{"line":1,"column":45}},"loc":{"start":{"line":1,"column":89},"end":{"line":9,"column":1}},"line":1},"1":{"name":"adopt","decl":{"start":{"line":2,"column":13},"end":{"line":2,"column":18}},"loc":{"start":{"line":2,"column":26},"end":{"line":2,"column":112}},"line":2},"2":{"name":"(anonymous_2)","decl":{"start":{"line":2,"column":70},"end":{"line":2,"column":71}},"loc":{"start":{"line":2,"column":89},"end":{"line":2,"column":108}},"line":2},"3":{"name":"(anonymous_3)","decl":{"start":{"line":3,"column":36},"end":{"line":3,"column":37}},"loc":{"start":{"line":3,"column":63},"end":{"line":8,"column":5}},"line":3},"4":{"name":"fulfilled","decl":{"start":{"line":4,"column":17},"end":{"line":4,"column":26}},"loc":{"start":{"line":4,"column":34},"end":{"line":4,"column":99}},"line":4},"5":{"name":"rejected","decl":{"start":{"line":5,"column":17},"end":{"line":5,"column":25}},"loc":{"start":{"line":5,"column":33},"end":{"line":5,"column":102}},"line":5},"6":{"name":"step","decl":{"start":{"line":6,"column":17},"end":{"line":6,"column":21}},"loc":{"start":{"line":6,"column":30},"end":{"line":6,"column":118}},"line":6},"7":{"name":"(anonymous_7)","decl":{"start":{"line":14,"column":4},"end":{"line":14,"column":5}},"loc":{"start":{"line":14,"column":34},"end":{"line":30,"column":5}},"line":14},"8":{"name":"(anonymous_8)","decl":{"start":{"line":15,"column":27},"end":{"line":15,"column":28}},"loc":{"start":{"line":15,"column":48},"end":{"line":29,"column":9}},"line":15},"9":{"name":"(anonymous_9)","decl":{"start":{"line":16,"column":39},"end":{"line":16,"column":40}},"loc":{"start":{"line":16,"column":56},"end":{"line":28,"column":13}},"line":16},"10":{"name":"(anonymous_10)","decl":{"start":{"line":31,"column":4},"end":{"line":31,"column":5}},"loc":{"start":{"line":31,"column":17},"end":{"line":58,"column":5}},"line":31},"11":{"name":"(anonymous_11)","decl":{"start":{"line":32,"column":47},"end":{"line":32,"column":48}},"loc":{"start":{"line":32,"column":60},"end":{"line":57,"column":9}},"line":32},"12":{"name":"(anonymous_12)","decl":{"start":{"line":35,"column":48},"end":{"line":35,"column":49}},"loc":{"start":{"line":35,"column":63},"end":{"line":56,"column":14}},"line":35},"13":{"name":"(anonymous_13)","decl":{"start":{"line":35,"column":95},"end":{"line":35,"column":96}},"loc":{"start":{"line":35,"column":108},"end":{"line":56,"column":13}},"line":35},"14":{"name":"(anonymous_14)","decl":{"start":{"line":42,"column":61},"end":{"line":42,"column":62}},"loc":{"start":{"line":42,"column":68},"end":{"line":42,"column":85}},"line":42}},"branchMap":{"0":{"loc":{"start":{"line":1,"column":16},"end":{"line":9,"column":1}},"type":"binary-expr","locations":[{"start":{"line":1,"column":17},"end":{"line":1,"column":21}},{"start":{"line":1,"column":25},"end":{"line":1,"column":39}},{"start":{"line":1,"column":44},"end":{"line":9,"column":1}}],"line":1},"1":{"loc":{"start":{"line":2,"column":35},"end":{"line":2,"column":109}},"type":"cond-expr","locations":[{"start":{"line":2,"column":56},"end":{"line":2,"column":61}},{"start":{"line":2,"column":64},"end":{"line":2,"column":109}}],"line":2},"2":{"loc":{"start":{"line":3,"column":16},"end":{"line":3,"column":34}},"type":"binary-expr","locations":[{"start":{"line":3,"column":16},"end":{"line":3,"column":17}},{"start":{"line":3,"column":22},"end":{"line":3,"column":33}}],"line":3},"3":{"loc":{"start":{"line":6,"column":32},"end":{"line":6,"column":115}},"type":"cond-expr","locations":[{"start":{"line":6,"column":46},"end":{"line":6,"column":67}},{"start":{"line":6,"column":70},"end":{"line":6,"column":115}}],"line":6},"4":{"loc":{"start":{"line":7,"column":51},"end":{"line":7,"column":67}},"type":"binary-expr","locations":[{"start":{"line":7,"column":51},"end":{"line":7,"column":61}},{"start":{"line":7,"column":65},"end":{"line":7,"column":67}}],"line":7},"5":{"loc":{"start":{"line":17,"column":16},"end":{"line":22,"column":17}},"type":"if","locations":[{"start":{"line":17,"column":16},"end":{"line":22,"column":17}},{"start":{},"end":{}}],"line":17},"6":{"loc":{"start":{"line":36,"column":16},"end":{"line":41,"column":17}},"type":"if","locations":[{"start":{"line":36,"column":16},"end":{"line":41,"column":17}},{"start":{},"end":{}}],"line":36}},"s":{"0":1,"1":0,"2":0,"3":0,"4":0,"5":0,"6":0,"7":0,"8":0,"9":0,"10":0,"11":0,"12":1,"13":1,"14":1,"15":0,"16":0,"17":0,"18":0,"19":1,"20":1,"21":1,"22":1,"23":1,"24":0,"25":0,"26":0,"27":0,"28":0,"29":0,"30":0,"31":0,"32":0,"33":0,"34":0,"35":0,"36":0,"37":0,"38":0,"39":0,"40":0,"41":0,"42":0,"43":0,"44":0},"f":{"0":0,"1":0,"2":0,"3":0,"4":0,"5":0,"6":0,"7":1,"8":1,"9":1,"10":0,"11":0,"12":0,"13":0,"14":0},"b":{"0":[1,0,1],"1":[0,0],"2":[0,0],"3":[0,0],"4":[0,0],"5":[0,1],"6":[0,0]},"_coverageSchema":"1a1c01bbd47fc00a2c39e90264f33305004495a9","hash":"5ce64a4dd304ac32eba13ca86e323d4ee31684f4"}
}
