{"C:\\Users\\calia\\Desktop\\ECE461_Project_Phase1\\src\\dist\\api.js": {"path":"C:\\Users\\calia\\Desktop\\ECE461_Project_Phase1\\src\\dist\\api.js","statementMap":{"0":{"start":{"line":2,"column":22},"end":{"line":12,"column":3}},"1":{"start":{"line":3,"column":4},"end":{"line":3,"column":33}},"2":{"start":{"line":3,"column":26},"end":{"line":3,"column":33}},"3":{"start":{"line":4,"column":15},"end":{"line":4,"column":52}},"4":{"start":{"line":5,"column":4},"end":{"line":7,"column":5}},"5":{"start":{"line":6,"column":6},"end":{"line":6,"column":68}},"6":{"start":{"line":6,"column":51},"end":{"line":6,"column":63}},"7":{"start":{"line":8,"column":4},"end":{"line":8,"column":39}},"8":{"start":{"line":10,"column":4},"end":{"line":10,"column":33}},"9":{"start":{"line":10,"column":26},"end":{"line":10,"column":33}},"10":{"start":{"line":11,"column":4},"end":{"line":11,"column":17}},"11":{"start":{"line":13,"column":25},"end":{"line":17,"column":2}},"12":{"start":{"line":14,"column":4},"end":{"line":14,"column":72}},"13":{"start":{"line":16,"column":4},"end":{"line":16,"column":21}},"14":{"start":{"line":18,"column":19},"end":{"line":24,"column":1}},"15":{"start":{"line":19,"column":4},"end":{"line":19,"column":42}},"16":{"start":{"line":19,"column":31},"end":{"line":19,"column":42}},"17":{"start":{"line":20,"column":17},"end":{"line":20,"column":19}},"18":{"start":{"line":21,"column":4},"end":{"line":21,"column":141}},"19":{"start":{"line":21,"column":21},"end":{"line":21,"column":141}},"20":{"start":{"line":21,"column":40},"end":{"line":21,"column":141}},"21":{"start":{"line":21,"column":109},"end":{"line":21,"column":141}},"22":{"start":{"line":22,"column":4},"end":{"line":22,"column":36}},"23":{"start":{"line":23,"column":4},"end":{"line":23,"column":18}},"24":{"start":{"line":25,"column":16},"end":{"line":33,"column":1}},"25":{"start":{"line":26,"column":28},"end":{"line":26,"column":110}},"26":{"start":{"line":26,"column":91},"end":{"line":26,"column":106}},"27":{"start":{"line":27,"column":4},"end":{"line":32,"column":7}},"28":{"start":{"line":28,"column":36},"end":{"line":28,"column":97}},"29":{"start":{"line":28,"column":42},"end":{"line":28,"column":70}},"30":{"start":{"line":28,"column":85},"end":{"line":28,"column":95}},"31":{"start":{"line":29,"column":35},"end":{"line":29,"column":100}},"32":{"start":{"line":29,"column":41},"end":{"line":29,"column":73}},"33":{"start":{"line":29,"column":88},"end":{"line":29,"column":98}},"34":{"start":{"line":30,"column":32},"end":{"line":30,"column":116}},"35":{"start":{"line":31,"column":8},"end":{"line":31,"column":78}},"36":{"start":{"line":34,"column":22},"end":{"line":36,"column":1}},"37":{"start":{"line":35,"column":4},"end":{"line":35,"column":62}},"38":{"start":{"line":37,"column":0},"end":{"line":37,"column":62}},"39":{"start":{"line":38,"column":0},"end":{"line":38,"column":38}},"40":{"start":{"line":39,"column":16},"end":{"line":39,"column":49}},"41":{"start":{"line":40,"column":15},"end":{"line":40,"column":46}},"42":{"start":{"line":41,"column":0},"end":{"line":41,"column":16}},"43":{"start":{"line":42,"column":12},"end":{"line":42,"column":23}},"44":{"start":{"line":45,"column":8},"end":{"line":45,"column":33}},"45":{"start":{"line":50,"column":8},"end":{"line":50,"column":22}},"46":{"start":{"line":51,"column":8},"end":{"line":51,"column":35}},"47":{"start":{"line":54,"column":8},"end":{"line":71,"column":11}},"48":{"start":{"line":55,"column":24},"end":{"line":55,"column":56}},"49":{"start":{"line":56,"column":28},"end":{"line":58,"column":13}},"50":{"start":{"line":59,"column":25},"end":{"line":62,"column":13}},"51":{"start":{"line":63,"column":12},"end":{"line":70,"column":13}},"52":{"start":{"line":64,"column":33},"end":{"line":64,"column":83}},"53":{"start":{"line":65,"column":16},"end":{"line":65,"column":37}},"54":{"start":{"line":68,"column":16},"end":{"line":68,"column":69}},"55":{"start":{"line":69,"column":16},"end":{"line":69,"column":28}},"56":{"start":{"line":74,"column":0},"end":{"line":74,"column":24}},"57":{"start":{"line":77,"column":8},"end":{"line":77,"column":22}},"58":{"start":{"line":80,"column":8},"end":{"line":102,"column":11}},"59":{"start":{"line":81,"column":24},"end":{"line":81,"column":73}},"60":{"start":{"line":82,"column":12},"end":{"line":101,"column":13}},"61":{"start":{"line":83,"column":33},"end":{"line":83,"column":49}},"62":{"start":{"line":84,"column":16},"end":{"line":86,"column":17}},"63":{"start":{"line":85,"column":20},"end":{"line":85,"column":91}},"64":{"start":{"line":87,"column":29},"end":{"line":87,"column":50}},"65":{"start":{"line":88,"column":38},"end":{"line":88,"column":62}},"66":{"start":{"line":89,"column":42},"end":{"line":89,"column":70}},"67":{"start":{"line":90,"column":34},"end":{"line":90,"column":66}},"68":{"start":{"line":91,"column":16},"end":{"line":96,"column":17}},"69":{"start":{"line":92,"column":20},"end":{"line":92,"column":37}},"70":{"start":{"line":95,"column":20},"end":{"line":95,"column":66}},"71":{"start":{"line":99,"column":16},"end":{"line":99,"column":69}},"72":{"start":{"line":100,"column":16},"end":{"line":100,"column":28}},"73":{"start":{"line":105,"column":0},"end":{"line":105,"column":18}}},"fnMap":{"0":{"name":"(anonymous_0)","decl":{"start":{"line":2,"column":74},"end":{"line":2,"column":75}},"loc":{"start":{"line":2,"column":96},"end":{"line":9,"column":1}},"line":2},"1":{"name":"(anonymous_1)","decl":{"start":{"line":6,"column":38},"end":{"line":6,"column":39}},"loc":{"start":{"line":6,"column":49},"end":{"line":6,"column":65}},"line":6},"2":{"name":"(anonymous_2)","decl":{"start":{"line":9,"column":6},"end":{"line":9,"column":7}},"loc":{"start":{"line":9,"column":28},"end":{"line":12,"column":1}},"line":9},"3":{"name":"(anonymous_3)","decl":{"start":{"line":13,"column":80},"end":{"line":13,"column":81}},"loc":{"start":{"line":13,"column":95},"end":{"line":15,"column":1}},"line":13},"4":{"name":"(anonymous_4)","decl":{"start":{"line":15,"column":5},"end":{"line":15,"column":6}},"loc":{"start":{"line":15,"column":20},"end":{"line":17,"column":1}},"line":15},"5":{"name":"(anonymous_5)","decl":{"start":{"line":18,"column":50},"end":{"line":18,"column":51}},"loc":{"start":{"line":18,"column":65},"end":{"line":24,"column":1}},"line":18},"6":{"name":"(anonymous_6)","decl":{"start":{"line":25,"column":44},"end":{"line":25,"column":45}},"loc":{"start":{"line":25,"column":89},"end":{"line":33,"column":1}},"line":25},"7":{"name":"adopt","decl":{"start":{"line":26,"column":13},"end":{"line":26,"column":18}},"loc":{"start":{"line":26,"column":26},"end":{"line":26,"column":112}},"line":26},"8":{"name":"(anonymous_8)","decl":{"start":{"line":26,"column":70},"end":{"line":26,"column":71}},"loc":{"start":{"line":26,"column":89},"end":{"line":26,"column":108}},"line":26},"9":{"name":"(anonymous_9)","decl":{"start":{"line":27,"column":36},"end":{"line":27,"column":37}},"loc":{"start":{"line":27,"column":63},"end":{"line":32,"column":5}},"line":27},"10":{"name":"fulfilled","decl":{"start":{"line":28,"column":17},"end":{"line":28,"column":26}},"loc":{"start":{"line":28,"column":34},"end":{"line":28,"column":99}},"line":28},"11":{"name":"rejected","decl":{"start":{"line":29,"column":17},"end":{"line":29,"column":25}},"loc":{"start":{"line":29,"column":33},"end":{"line":29,"column":102}},"line":29},"12":{"name":"step","decl":{"start":{"line":30,"column":17},"end":{"line":30,"column":21}},"loc":{"start":{"line":30,"column":30},"end":{"line":30,"column":118}},"line":30},"13":{"name":"(anonymous_13)","decl":{"start":{"line":34,"column":56},"end":{"line":34,"column":57}},"loc":{"start":{"line":34,"column":71},"end":{"line":36,"column":1}},"line":34},"14":{"name":"(anonymous_14)","decl":{"start":{"line":44,"column":4},"end":{"line":44,"column":5}},"loc":{"start":{"line":44,"column":22},"end":{"line":46,"column":5}},"line":44},"15":{"name":"(anonymous_15)","decl":{"start":{"line":49,"column":4},"end":{"line":49,"column":5}},"loc":{"start":{"line":49,"column":34},"end":{"line":52,"column":5}},"line":49},"16":{"name":"(anonymous_16)","decl":{"start":{"line":53,"column":4},"end":{"line":53,"column":5}},"loc":{"start":{"line":53,"column":34},"end":{"line":72,"column":5}},"line":53},"17":{"name":"(anonymous_17)","decl":{"start":{"line":54,"column":47},"end":{"line":54,"column":48}},"loc":{"start":{"line":54,"column":60},"end":{"line":71,"column":9}},"line":54},"18":{"name":"(anonymous_18)","decl":{"start":{"line":76,"column":4},"end":{"line":76,"column":5}},"loc":{"start":{"line":76,"column":24},"end":{"line":78,"column":5}},"line":76},"19":{"name":"(anonymous_19)","decl":{"start":{"line":79,"column":4},"end":{"line":79,"column":5}},"loc":{"start":{"line":79,"column":14},"end":{"line":103,"column":5}},"line":79},"20":{"name":"(anonymous_20)","decl":{"start":{"line":80,"column":47},"end":{"line":80,"column":48}},"loc":{"start":{"line":80,"column":60},"end":{"line":102,"column":9}},"line":80}},"branchMap":{"0":{"loc":{"start":{"line":2,"column":22},"end":{"line":12,"column":3}},"type":"binary-expr","locations":[{"start":{"line":2,"column":23},"end":{"line":2,"column":27}},{"start":{"line":2,"column":31},"end":{"line":2,"column":51}},{"start":{"line":2,"column":57},"end":{"line":12,"column":2}}],"line":2},"1":{"loc":{"start":{"line":2,"column":57},"end":{"line":12,"column":2}},"type":"cond-expr","locations":[{"start":{"line":2,"column":74},"end":{"line":9,"column":1}},{"start":{"line":9,"column":6},"end":{"line":12,"column":1}}],"line":2},"2":{"loc":{"start":{"line":3,"column":4},"end":{"line":3,"column":33}},"type":"if","locations":[{"start":{"line":3,"column":4},"end":{"line":3,"column":33}},{"start":{},"end":{}}],"line":3},"3":{"loc":{"start":{"line":5,"column":4},"end":{"line":7,"column":5}},"type":"if","locations":[{"start":{"line":5,"column":4},"end":{"line":7,"column":5}},{"start":{},"end":{}}],"line":5},"4":{"loc":{"start":{"line":5,"column":8},"end":{"line":5,"column":85}},"type":"binary-expr","locations":[{"start":{"line":5,"column":8},"end":{"line":5,"column":13}},{"start":{"line":5,"column":18},"end":{"line":5,"column":84}}],"line":5},"5":{"loc":{"start":{"line":5,"column":18},"end":{"line":5,"column":84}},"type":"cond-expr","locations":[{"start":{"line":5,"column":34},"end":{"line":5,"column":47}},{"start":{"line":5,"column":50},"end":{"line":5,"column":84}}],"line":5},"6":{"loc":{"start":{"line":5,"column":50},"end":{"line":5,"column":84}},"type":"binary-expr","locations":[{"start":{"line":5,"column":50},"end":{"line":5,"column":63}},{"start":{"line":5,"column":67},"end":{"line":5,"column":84}}],"line":5},"7":{"loc":{"start":{"line":10,"column":4},"end":{"line":10,"column":33}},"type":"if","locations":[{"start":{"line":10,"column":4},"end":{"line":10,"column":33}},{"start":{},"end":{}}],"line":10},"8":{"loc":{"start":{"line":13,"column":25},"end":{"line":17,"column":2}},"type":"binary-expr","locations":[{"start":{"line":13,"column":26},"end":{"line":13,"column":30}},{"start":{"line":13,"column":34},"end":{"line":13,"column":57}},{"start":{"line":13,"column":63},"end":{"line":17,"column":1}}],"line":13},"9":{"loc":{"start":{"line":13,"column":63},"end":{"line":17,"column":1}},"type":"cond-expr","locations":[{"start":{"line":13,"column":80},"end":{"line":15,"column":1}},{"start":{"line":15,"column":5},"end":{"line":17,"column":1}}],"line":13},"10":{"loc":{"start":{"line":18,"column":19},"end":{"line":24,"column":1}},"type":"binary-expr","locations":[{"start":{"line":18,"column":20},"end":{"line":18,"column":24}},{"start":{"line":18,"column":28},"end":{"line":18,"column":45}},{"start":{"line":18,"column":50},"end":{"line":24,"column":1}}],"line":18},"11":{"loc":{"start":{"line":19,"column":4},"end":{"line":19,"column":42}},"type":"if","locations":[{"start":{"line":19,"column":4},"end":{"line":19,"column":42}},{"start":{},"end":{}}],"line":19},"12":{"loc":{"start":{"line":19,"column":8},"end":{"line":19,"column":29}},"type":"binary-expr","locations":[{"start":{"line":19,"column":8},"end":{"line":19,"column":11}},{"start":{"line":19,"column":15},"end":{"line":19,"column":29}}],"line":19},"13":{"loc":{"start":{"line":21,"column":4},"end":{"line":21,"column":141}},"type":"if","locations":[{"start":{"line":21,"column":4},"end":{"line":21,"column":141}},{"start":{},"end":{}}],"line":21},"14":{"loc":{"start":{"line":21,"column":40},"end":{"line":21,"column":141}},"type":"if","locations":[{"start":{"line":21,"column":40},"end":{"line":21,"column":141}},{"start":{},"end":{}}],"line":21},"15":{"loc":{"start":{"line":21,"column":44},"end":{"line":21,"column":107}},"type":"binary-expr","locations":[{"start":{"line":21,"column":44},"end":{"line":21,"column":59}},{"start":{"line":21,"column":63},"end":{"line":21,"column":107}}],"line":21},"16":{"loc":{"start":{"line":25,"column":16},"end":{"line":33,"column":1}},"type":"binary-expr","locations":[{"start":{"line":25,"column":17},"end":{"line":25,"column":21}},{"start":{"line":25,"column":25},"end":{"line":25,"column":39}},{"start":{"line":25,"column":44},"end":{"line":33,"column":1}}],"line":25},"17":{"loc":{"start":{"line":26,"column":35},"end":{"line":26,"column":109}},"type":"cond-expr","locations":[{"start":{"line":26,"column":56},"end":{"line":26,"column":61}},{"start":{"line":26,"column":64},"end":{"line":26,"column":109}}],"line":26},"18":{"loc":{"start":{"line":27,"column":16},"end":{"line":27,"column":34}},"type":"binary-expr","locations":[{"start":{"line":27,"column":16},"end":{"line":27,"column":17}},{"start":{"line":27,"column":22},"end":{"line":27,"column":33}}],"line":27},"19":{"loc":{"start":{"line":30,"column":32},"end":{"line":30,"column":115}},"type":"cond-expr","locations":[{"start":{"line":30,"column":46},"end":{"line":30,"column":67}},{"start":{"line":30,"column":70},"end":{"line":30,"column":115}}],"line":30},"20":{"loc":{"start":{"line":31,"column":51},"end":{"line":31,"column":67}},"type":"binary-expr","locations":[{"start":{"line":31,"column":51},"end":{"line":31,"column":61}},{"start":{"line":31,"column":65},"end":{"line":31,"column":67}}],"line":31},"21":{"loc":{"start":{"line":34,"column":22},"end":{"line":36,"column":1}},"type":"binary-expr","locations":[{"start":{"line":34,"column":23},"end":{"line":34,"column":27}},{"start":{"line":34,"column":31},"end":{"line":34,"column":51}},{"start":{"line":34,"column":56},"end":{"line":36,"column":1}}],"line":34},"22":{"loc":{"start":{"line":35,"column":11},"end":{"line":35,"column":61}},"type":"cond-expr","locations":[{"start":{"line":35,"column":37},"end":{"line":35,"column":40}},{"start":{"line":35,"column":43},"end":{"line":35,"column":61}}],"line":35},"23":{"loc":{"start":{"line":35,"column":12},"end":{"line":35,"column":33}},"type":"binary-expr","locations":[{"start":{"line":35,"column":12},"end":{"line":35,"column":15}},{"start":{"line":35,"column":19},"end":{"line":35,"column":33}}],"line":35},"24":{"loc":{"start":{"line":84,"column":16},"end":{"line":86,"column":17}},"type":"if","locations":[{"start":{"line":84,"column":16},"end":{"line":86,"column":17}},{"start":{},"end":{}}],"line":84},"25":{"loc":{"start":{"line":91,"column":16},"end":{"line":96,"column":17}},"type":"if","locations":[{"start":{"line":91,"column":16},"end":{"line":96,"column":17}},{"start":{"line":94,"column":21},"end":{"line":96,"column":17}}],"line":91}},"s":{"0":7,"1":49,"2":49,"3":49,"4":49,"5":49,"6":7,"7":49,"8":0,"9":0,"10":0,"11":7,"12":7,"13":0,"14":7,"15":7,"16":0,"17":7,"18":7,"19":7,"20":49,"21":49,"22":7,"23":7,"24":7,"25":123,"26":8,"27":119,"28":123,"29":123,"30":0,"31":0,"32":0,"33":0,"34":242,"35":119,"36":7,"37":7,"38":7,"39":7,"40":7,"41":7,"42":7,"43":7,"44":22,"45":18,"46":18,"47":115,"48":115,"49":115,"50":115,"51":115,"52":115,"53":115,"54":0,"55":0,"56":7,"57":4,"58":4,"59":4,"60":4,"61":4,"62":4,"63":0,"64":4,"65":4,"66":4,"67":4,"68":4,"69":4,"70":0,"71":0,"72":0,"73":7},"f":{"0":49,"1":7,"2":0,"3":7,"4":0,"5":7,"6":119,"7":123,"8":8,"9":119,"10":123,"11":0,"12":242,"13":7,"14":22,"15":18,"16":115,"17":115,"18":4,"19":4,"20":4},"b":{"0":[7,0,7],"1":[7,0],"2":[49,0],"3":[49,0],"4":[49,49],"5":[0,49],"6":[49,0],"7":[0,0],"8":[7,0,7],"9":[7,0],"10":[7,0,7],"11":[0,7],"12":[7,7],"13":[7,0],"14":[49,0],"15":[49,49],"16":[7,0,7],"17":[115,8],"18":[119,119],"19":[119,123],"20":[119,119],"21":[7,0,7],"22":[0,7],"23":[7,7],"24":[0,4],"25":[4,0]},"_coverageSchema":"1a1c01bbd47fc00a2c39e90264f33305004495a9","hash":"7899706550a74a572182c072784406b9a248c1af"}
,"C:\\Users\\calia\\Desktop\\ECE461_Project_Phase1\\src\\dist\\timeWrapper.js": {"path":"C:\\Users\\calia\\Desktop\\ECE461_Project_Phase1\\src\\dist\\timeWrapper.js","statementMap":{"0":{"start":{"line":2,"column":16},"end":{"line":10,"column":1}},"1":{"start":{"line":3,"column":28},"end":{"line":3,"column":110}},"2":{"start":{"line":3,"column":91},"end":{"line":3,"column":106}},"3":{"start":{"line":4,"column":4},"end":{"line":9,"column":7}},"4":{"start":{"line":5,"column":36},"end":{"line":5,"column":97}},"5":{"start":{"line":5,"column":42},"end":{"line":5,"column":70}},"6":{"start":{"line":5,"column":85},"end":{"line":5,"column":95}},"7":{"start":{"line":6,"column":35},"end":{"line":6,"column":100}},"8":{"start":{"line":6,"column":41},"end":{"line":6,"column":73}},"9":{"start":{"line":6,"column":88},"end":{"line":6,"column":98}},"10":{"start":{"line":7,"column":32},"end":{"line":7,"column":116}},"11":{"start":{"line":8,"column":8},"end":{"line":8,"column":78}},"12":{"start":{"line":11,"column":0},"end":{"line":11,"column":62}},"13":{"start":{"line":12,"column":0},"end":{"line":12,"column":34}},"14":{"start":{"line":14,"column":4},"end":{"line":31,"column":6}},"15":{"start":{"line":15,"column":8},"end":{"line":30,"column":11}},"16":{"start":{"line":16,"column":26},"end":{"line":16,"column":42}},"17":{"start":{"line":17,"column":12},"end":{"line":29,"column":13}},"18":{"start":{"line":18,"column":31},"end":{"line":18,"column":48}},"19":{"start":{"line":19,"column":28},"end":{"line":19,"column":49}},"20":{"start":{"line":20,"column":29},"end":{"line":20,"column":50}},"21":{"start":{"line":21,"column":36},"end":{"line":21,"column":66}},"22":{"start":{"line":22,"column":16},"end":{"line":22,"column":53}},"23":{"start":{"line":25,"column":28},"end":{"line":25,"column":49}},"24":{"start":{"line":26,"column":29},"end":{"line":26,"column":50}},"25":{"start":{"line":27,"column":36},"end":{"line":27,"column":66}},"26":{"start":{"line":28,"column":16},"end":{"line":28,"column":51}}},"fnMap":{"0":{"name":"(anonymous_0)","decl":{"start":{"line":2,"column":44},"end":{"line":2,"column":45}},"loc":{"start":{"line":2,"column":89},"end":{"line":10,"column":1}},"line":2},"1":{"name":"adopt","decl":{"start":{"line":3,"column":13},"end":{"line":3,"column":18}},"loc":{"start":{"line":3,"column":26},"end":{"line":3,"column":112}},"line":3},"2":{"name":"(anonymous_2)","decl":{"start":{"line":3,"column":70},"end":{"line":3,"column":71}},"loc":{"start":{"line":3,"column":89},"end":{"line":3,"column":108}},"line":3},"3":{"name":"(anonymous_3)","decl":{"start":{"line":4,"column":36},"end":{"line":4,"column":37}},"loc":{"start":{"line":4,"column":63},"end":{"line":9,"column":5}},"line":4},"4":{"name":"fulfilled","decl":{"start":{"line":5,"column":17},"end":{"line":5,"column":26}},"loc":{"start":{"line":5,"column":34},"end":{"line":5,"column":99}},"line":5},"5":{"name":"rejected","decl":{"start":{"line":6,"column":17},"end":{"line":6,"column":25}},"loc":{"start":{"line":6,"column":33},"end":{"line":6,"column":102}},"line":6},"6":{"name":"step","decl":{"start":{"line":7,"column":17},"end":{"line":7,"column":21}},"loc":{"start":{"line":7,"column":30},"end":{"line":7,"column":118}},"line":7},"7":{"name":"timeWrapper","decl":{"start":{"line":13,"column":9},"end":{"line":13,"column":20}},"loc":{"start":{"line":13,"column":25},"end":{"line":32,"column":1}},"line":13},"8":{"name":"(anonymous_8)","decl":{"start":{"line":14,"column":11},"end":{"line":14,"column":12}},"loc":{"start":{"line":14,"column":30},"end":{"line":31,"column":5}},"line":14},"9":{"name":"(anonymous_9)","decl":{"start":{"line":15,"column":47},"end":{"line":15,"column":48}},"loc":{"start":{"line":15,"column":60},"end":{"line":30,"column":9}},"line":15}},"branchMap":{"0":{"loc":{"start":{"line":2,"column":16},"end":{"line":10,"column":1}},"type":"binary-expr","locations":[{"start":{"line":2,"column":17},"end":{"line":2,"column":21}},{"start":{"line":2,"column":25},"end":{"line":2,"column":39}},{"start":{"line":2,"column":44},"end":{"line":10,"column":1}}],"line":2},"1":{"loc":{"start":{"line":3,"column":35},"end":{"line":3,"column":109}},"type":"cond-expr","locations":[{"start":{"line":3,"column":56},"end":{"line":3,"column":61}},{"start":{"line":3,"column":64},"end":{"line":3,"column":109}}],"line":3},"2":{"loc":{"start":{"line":4,"column":16},"end":{"line":4,"column":34}},"type":"binary-expr","locations":[{"start":{"line":4,"column":16},"end":{"line":4,"column":17}},{"start":{"line":4,"column":22},"end":{"line":4,"column":33}}],"line":4},"3":{"loc":{"start":{"line":7,"column":32},"end":{"line":7,"column":115}},"type":"cond-expr","locations":[{"start":{"line":7,"column":46},"end":{"line":7,"column":67}},{"start":{"line":7,"column":70},"end":{"line":7,"column":115}}],"line":7},"4":{"loc":{"start":{"line":8,"column":51},"end":{"line":8,"column":67}},"type":"binary-expr","locations":[{"start":{"line":8,"column":51},"end":{"line":8,"column":61}},{"start":{"line":8,"column":65},"end":{"line":8,"column":67}}],"line":8}},"s":{"0":1,"1":5,"2":0,"3":5,"4":5,"5":5,"6":0,"7":0,"8":0,"9":0,"10":10,"11":5,"12":1,"13":1,"14":10,"15":5,"16":5,"17":5,"18":5,"19":5,"20":5,"21":5,"22":5,"23":0,"24":0,"25":0,"26":0},"f":{"0":5,"1":5,"2":0,"3":5,"4":5,"5":0,"6":10,"7":10,"8":5,"9":5},"b":{"0":[1,0,1],"1":[5,0],"2":[5,5],"3":[5,5],"4":[5,5]},"_coverageSchema":"1a1c01bbd47fc00a2c39e90264f33305004495a9","hash":"1c37869c87ae308b082fc3c2941c7486c87aa808"}
,"C:\\Users\\calia\\Desktop\\ECE461_Project_Phase1\\src\\dist\\Metrics\\BusFactor.js": {"path":"C:\\Users\\calia\\Desktop\\ECE461_Project_Phase1\\src\\dist\\Metrics\\BusFactor.js","statementMap":{"0":{"start":{"line":2,"column":16},"end":{"line":10,"column":1}},"1":{"start":{"line":3,"column":28},"end":{"line":3,"column":110}},"2":{"start":{"line":3,"column":91},"end":{"line":3,"column":106}},"3":{"start":{"line":4,"column":4},"end":{"line":9,"column":7}},"4":{"start":{"line":5,"column":36},"end":{"line":5,"column":97}},"5":{"start":{"line":5,"column":42},"end":{"line":5,"column":70}},"6":{"start":{"line":5,"column":85},"end":{"line":5,"column":95}},"7":{"start":{"line":6,"column":35},"end":{"line":6,"column":100}},"8":{"start":{"line":6,"column":41},"end":{"line":6,"column":73}},"9":{"start":{"line":6,"column":88},"end":{"line":6,"column":98}},"10":{"start":{"line":7,"column":32},"end":{"line":7,"column":116}},"11":{"start":{"line":8,"column":8},"end":{"line":8,"column":78}},"12":{"start":{"line":11,"column":0},"end":{"line":11,"column":62}},"13":{"start":{"line":12,"column":0},"end":{"line":12,"column":50}},"14":{"start":{"line":13,"column":17},"end":{"line":13,"column":37}},"15":{"start":{"line":14,"column":14},"end":{"line":40,"column":1}},"16":{"start":{"line":42,"column":4},"end":{"line":93,"column":7}},"17":{"start":{"line":43,"column":25},"end":{"line":43,"column":69}},"18":{"start":{"line":44,"column":26},"end":{"line":44,"column":30}},"19":{"start":{"line":45,"column":24},"end":{"line":45,"column":28}},"20":{"start":{"line":46,"column":28},"end":{"line":46,"column":30}},"21":{"start":{"line":47,"column":24},"end":{"line":47,"column":25}},"22":{"start":{"line":48,"column":8},"end":{"line":91,"column":9}},"23":{"start":{"line":49,"column":12},"end":{"line":70,"column":13}},"24":{"start":{"line":50,"column":29},"end":{"line":54,"column":18}},"25":{"start":{"line":55,"column":32},"end":{"line":55,"column":90}},"26":{"start":{"line":56,"column":16},"end":{"line":65,"column":19}},"27":{"start":{"line":58,"column":35},"end":{"line":58,"column":111}},"28":{"start":{"line":59,"column":20},"end":{"line":64,"column":21}},"29":{"start":{"line":60,"column":24},"end":{"line":62,"column":25}},"30":{"start":{"line":61,"column":28},"end":{"line":61,"column":52}},"31":{"start":{"line":63,"column":24},"end":{"line":63,"column":49}},"32":{"start":{"line":66,"column":16},"end":{"line":67,"column":94}},"33":{"start":{"line":68,"column":16},"end":{"line":69,"column":92}},"34":{"start":{"line":71,"column":34},"end":{"line":71,"column":36}},"35":{"start":{"line":72,"column":12},"end":{"line":74,"column":15}},"36":{"start":{"line":73,"column":16},"end":{"line":73,"column":47}},"37":{"start":{"line":75,"column":12},"end":{"line":75,"column":48}},"38":{"start":{"line":75,"column":41},"end":{"line":75,"column":46}},"39":{"start":{"line":76,"column":22},"end":{"line":76,"column":23}},"40":{"start":{"line":77,"column":12},"end":{"line":79,"column":15}},"41":{"start":{"line":78,"column":16},"end":{"line":78,"column":36}},"42":{"start":{"line":80,"column":29},"end":{"line":80,"column":30}},"43":{"start":{"line":81,"column":12},"end":{"line":87,"column":13}},"44":{"start":{"line":82,"column":16},"end":{"line":82,"column":38}},"45":{"start":{"line":83,"column":16},"end":{"line":83,"column":31}},"46":{"start":{"line":84,"column":16},"end":{"line":86,"column":17}},"47":{"start":{"line":85,"column":20},"end":{"line":85,"column":26}},"48":{"start":{"line":90,"column":12},"end":{"line":90,"column":73}},"49":{"start":{"line":92,"column":8},"end":{"line":92,"column":25}},"50":{"start":{"line":95,"column":0},"end":{"line":95,"column":35}},"51":{"start":{"line":97,"column":4},"end":{"line":115,"column":7}},"52":{"start":{"line":98,"column":25},"end":{"line":98,"column":54}},"53":{"start":{"line":99,"column":20},"end":{"line":99,"column":22}},"54":{"start":{"line":100,"column":19},"end":{"line":100,"column":21}},"55":{"start":{"line":101,"column":8},"end":{"line":112,"column":9}},"56":{"start":{"line":102,"column":29},"end":{"line":102,"column":53}},"57":{"start":{"line":103,"column":12},"end":{"line":108,"column":13}},"58":{"start":{"line":104,"column":42},"end":{"line":104,"column":61}},"59":{"start":{"line":105,"column":16},"end":{"line":105,"column":74}},"60":{"start":{"line":106,"column":16},"end":{"line":107,"column":76}},"61":{"start":{"line":111,"column":12},"end":{"line":111,"column":84}},"62":{"start":{"line":113,"column":24},"end":{"line":113,"column":59}},"63":{"start":{"line":114,"column":8},"end":{"line":114,"column":25}}},"fnMap":{"0":{"name":"(anonymous_0)","decl":{"start":{"line":2,"column":44},"end":{"line":2,"column":45}},"loc":{"start":{"line":2,"column":89},"end":{"line":10,"column":1}},"line":2},"1":{"name":"adopt","decl":{"start":{"line":3,"column":13},"end":{"line":3,"column":18}},"loc":{"start":{"line":3,"column":26},"end":{"line":3,"column":112}},"line":3},"2":{"name":"(anonymous_2)","decl":{"start":{"line":3,"column":70},"end":{"line":3,"column":71}},"loc":{"start":{"line":3,"column":89},"end":{"line":3,"column":108}},"line":3},"3":{"name":"(anonymous_3)","decl":{"start":{"line":4,"column":36},"end":{"line":4,"column":37}},"loc":{"start":{"line":4,"column":63},"end":{"line":9,"column":5}},"line":4},"4":{"name":"fulfilled","decl":{"start":{"line":5,"column":17},"end":{"line":5,"column":26}},"loc":{"start":{"line":5,"column":34},"end":{"line":5,"column":99}},"line":5},"5":{"name":"rejected","decl":{"start":{"line":6,"column":17},"end":{"line":6,"column":25}},"loc":{"start":{"line":6,"column":33},"end":{"line":6,"column":102}},"line":6},"6":{"name":"step","decl":{"start":{"line":7,"column":17},"end":{"line":7,"column":21}},"loc":{"start":{"line":7,"column":30},"end":{"line":7,"column":118}},"line":7},"7":{"name":"getCommitsByUser","decl":{"start":{"line":41,"column":9},"end":{"line":41,"column":25}},"loc":{"start":{"line":41,"column":39},"end":{"line":94,"column":1}},"line":41},"8":{"name":"(anonymous_8)","decl":{"start":{"line":42,"column":43},"end":{"line":42,"column":44}},"loc":{"start":{"line":42,"column":56},"end":{"line":93,"column":5}},"line":42},"9":{"name":"(anonymous_9)","decl":{"start":{"line":56,"column":32},"end":{"line":56,"column":33}},"loc":{"start":{"line":56,"column":44},"end":{"line":65,"column":17}},"line":56},"10":{"name":"(anonymous_10)","decl":{"start":{"line":72,"column":48},"end":{"line":72,"column":49}},"loc":{"start":{"line":72,"column":61},"end":{"line":74,"column":13}},"line":72},"11":{"name":"(anonymous_11)","decl":{"start":{"line":75,"column":31},"end":{"line":75,"column":32}},"loc":{"start":{"line":75,"column":41},"end":{"line":75,"column":46}},"line":75},"12":{"name":"(anonymous_12)","decl":{"start":{"line":77,"column":34},"end":{"line":77,"column":35}},"loc":{"start":{"line":77,"column":47},"end":{"line":79,"column":13}},"line":77},"13":{"name":"getNpmCommitsbyUser","decl":{"start":{"line":96,"column":9},"end":{"line":96,"column":28}},"loc":{"start":{"line":96,"column":42},"end":{"line":116,"column":1}},"line":96},"14":{"name":"(anonymous_14)","decl":{"start":{"line":97,"column":43},"end":{"line":97,"column":44}},"loc":{"start":{"line":97,"column":56},"end":{"line":115,"column":5}},"line":97}},"branchMap":{"0":{"loc":{"start":{"line":2,"column":16},"end":{"line":10,"column":1}},"type":"binary-expr","locations":[{"start":{"line":2,"column":17},"end":{"line":2,"column":21}},{"start":{"line":2,"column":25},"end":{"line":2,"column":39}},{"start":{"line":2,"column":44},"end":{"line":10,"column":1}}],"line":2},"1":{"loc":{"start":{"line":3,"column":35},"end":{"line":3,"column":109}},"type":"cond-expr","locations":[{"start":{"line":3,"column":56},"end":{"line":3,"column":61}},{"start":{"line":3,"column":64},"end":{"line":3,"column":109}}],"line":3},"2":{"loc":{"start":{"line":4,"column":16},"end":{"line":4,"column":34}},"type":"binary-expr","locations":[{"start":{"line":4,"column":16},"end":{"line":4,"column":17}},{"start":{"line":4,"column":22},"end":{"line":4,"column":33}}],"line":4},"3":{"loc":{"start":{"line":7,"column":32},"end":{"line":7,"column":115}},"type":"cond-expr","locations":[{"start":{"line":7,"column":46},"end":{"line":7,"column":67}},{"start":{"line":7,"column":70},"end":{"line":7,"column":115}}],"line":7},"4":{"loc":{"start":{"line":8,"column":51},"end":{"line":8,"column":67}},"type":"binary-expr","locations":[{"start":{"line":8,"column":51},"end":{"line":8,"column":61}},{"start":{"line":8,"column":65},"end":{"line":8,"column":67}}],"line":8},"5":{"loc":{"start":{"line":58,"column":35},"end":{"line":58,"column":111}},"type":"cond-expr","locations":[{"start":{"line":58,"column":94},"end":{"line":58,"column":100}},{"start":{"line":58,"column":103},"end":{"line":58,"column":111}}],"line":58},"6":{"loc":{"start":{"line":58,"column":35},"end":{"line":58,"column":91}},"type":"binary-expr","locations":[{"start":{"line":58,"column":35},"end":{"line":58,"column":74}},{"start":{"line":58,"column":78},"end":{"line":58,"column":91}}],"line":58},"7":{"loc":{"start":{"line":59,"column":20},"end":{"line":64,"column":21}},"type":"if","locations":[{"start":{"line":59,"column":20},"end":{"line":64,"column":21}},{"start":{},"end":{}}],"line":59},"8":{"loc":{"start":{"line":60,"column":24},"end":{"line":62,"column":25}},"type":"if","locations":[{"start":{"line":60,"column":24},"end":{"line":62,"column":25}},{"start":{},"end":{}}],"line":60},"9":{"loc":{"start":{"line":84,"column":16},"end":{"line":86,"column":17}},"type":"if","locations":[{"start":{"line":84,"column":16},"end":{"line":86,"column":17}},{"start":{},"end":{}}],"line":84},"10":{"loc":{"start":{"line":103,"column":12},"end":{"line":108,"column":13}},"type":"if","locations":[{"start":{"line":103,"column":12},"end":{"line":108,"column":13}},{"start":{},"end":{}}],"line":103}},"s":{"0":2,"1":74,"2":0,"3":4,"4":74,"5":74,"6":0,"7":0,"8":0,"9":0,"10":78,"11":4,"12":2,"13":2,"14":2,"15":2,"16":3,"17":3,"18":3,"19":3,"20":3,"21":3,"22":3,"23":3,"24":72,"25":72,"26":72,"27":7099,"28":7099,"29":6949,"30":339,"31":6949,"32":72,"33":72,"34":3,"35":3,"36":339,"37":3,"38":1480,"39":3,"40":3,"41":339,"42":3,"43":3,"44":5,"45":5,"46":5,"47":3,"48":0,"49":3,"50":2,"51":1,"52":1,"53":1,"54":1,"55":1,"56":1,"57":1,"58":1,"59":1,"60":1,"61":0,"62":1,"63":1},"f":{"0":4,"1":74,"2":0,"3":4,"4":74,"5":0,"6":78,"7":3,"8":3,"9":7099,"10":339,"11":1480,"12":339,"13":1,"14":1},"b":{"0":[2,0,2],"1":[74,0],"2":[4,4],"3":[4,74],"4":[4,4],"5":[150,6949],"6":[7099,6949],"7":[6949,150],"8":[339,6610],"9":[3,2],"10":[1,0]},"_coverageSchema":"1a1c01bbd47fc00a2c39e90264f33305004495a9","hash":"7222e0eaf2fd3759ace3255515fa1345b66df15b"}
,"C:\\Users\\calia\\Desktop\\ECE461_Project_Phase1\\src\\dist\\Metrics\\Correctness.js": {"path":"C:\\Users\\calia\\Desktop\\ECE461_Project_Phase1\\src\\dist\\Metrics\\Correctness.js","statementMap":{"0":{"start":{"line":2,"column":16},"end":{"line":10,"column":1}},"1":{"start":{"line":3,"column":28},"end":{"line":3,"column":110}},"2":{"start":{"line":3,"column":91},"end":{"line":3,"column":106}},"3":{"start":{"line":4,"column":4},"end":{"line":9,"column":7}},"4":{"start":{"line":5,"column":36},"end":{"line":5,"column":97}},"5":{"start":{"line":5,"column":42},"end":{"line":5,"column":70}},"6":{"start":{"line":5,"column":85},"end":{"line":5,"column":95}},"7":{"start":{"line":6,"column":35},"end":{"line":6,"column":100}},"8":{"start":{"line":6,"column":41},"end":{"line":6,"column":73}},"9":{"start":{"line":6,"column":88},"end":{"line":6,"column":98}},"10":{"start":{"line":7,"column":32},"end":{"line":7,"column":116}},"11":{"start":{"line":8,"column":8},"end":{"line":8,"column":78}},"12":{"start":{"line":11,"column":0},"end":{"line":11,"column":62}},"13":{"start":{"line":12,"column":0},"end":{"line":12,"column":46}},"14":{"start":{"line":13,"column":17},"end":{"line":13,"column":37}},"15":{"start":{"line":15,"column":4},"end":{"line":34,"column":7}},"16":{"start":{"line":16,"column":27},"end":{"line":16,"column":59}},"17":{"start":{"line":17,"column":22},"end":{"line":31,"column":5}},"18":{"start":{"line":32,"column":23},"end":{"line":32,"column":60}},"19":{"start":{"line":33,"column":8},"end":{"line":33,"column":22}},"20":{"start":{"line":37,"column":4},"end":{"line":91,"column":7}},"21":{"start":{"line":38,"column":27},"end":{"line":38,"column":59}},"22":{"start":{"line":39,"column":22},"end":{"line":66,"column":4}},"23":{"start":{"line":67,"column":23},"end":{"line":67,"column":60}},"24":{"start":{"line":68,"column":25},"end":{"line":68,"column":26}},"25":{"start":{"line":70,"column":12},"end":{"line":70,"column":43}},"26":{"start":{"line":73,"column":12},"end":{"line":74,"column":23}},"27":{"start":{"line":74,"column":16},"end":{"line":74,"column":23}},"28":{"start":{"line":75,"column":12},"end":{"line":82,"column":15}},"29":{"start":{"line":76,"column":16},"end":{"line":81,"column":17}},"30":{"start":{"line":77,"column":20},"end":{"line":77,"column":64}},"31":{"start":{"line":79,"column":21},"end":{"line":81,"column":17}},"32":{"start":{"line":80,"column":20},"end":{"line":80,"column":55}},"33":{"start":{"line":84,"column":8},"end":{"line":89,"column":9}},"34":{"start":{"line":85,"column":12},"end":{"line":85,"column":64}},"35":{"start":{"line":88,"column":12},"end":{"line":88,"column":72}},"36":{"start":{"line":90,"column":8},"end":{"line":90,"column":26}},"37":{"start":{"line":94,"column":4},"end":{"line":104,"column":7}},"38":{"start":{"line":95,"column":27},"end":{"line":95,"column":57}},"39":{"start":{"line":96,"column":33},"end":{"line":96,"column":64}},"40":{"start":{"line":97,"column":28},"end":{"line":97,"column":72}},"41":{"start":{"line":98,"column":31},"end":{"line":98,"column":81}},"42":{"start":{"line":99,"column":26},"end":{"line":99,"column":73}},"43":{"start":{"line":100,"column":36},"end":{"line":100,"column":86}},"44":{"start":{"line":101,"column":35},"end":{"line":101,"column":90}},"45":{"start":{"line":102,"column":28},"end":{"line":102,"column":90}},"46":{"start":{"line":103,"column":8},"end":{"line":103,"column":27}},"47":{"start":{"line":107,"column":4},"end":{"line":125,"column":7}},"48":{"start":{"line":108,"column":25},"end":{"line":108,"column":54}},"49":{"start":{"line":109,"column":20},"end":{"line":109,"column":22}},"50":{"start":{"line":110,"column":19},"end":{"line":110,"column":21}},"51":{"start":{"line":111,"column":8},"end":{"line":122,"column":9}},"52":{"start":{"line":112,"column":29},"end":{"line":112,"column":53}},"53":{"start":{"line":113,"column":12},"end":{"line":118,"column":13}},"54":{"start":{"line":114,"column":42},"end":{"line":114,"column":61}},"55":{"start":{"line":115,"column":16},"end":{"line":115,"column":74}},"56":{"start":{"line":116,"column":16},"end":{"line":117,"column":76}},"57":{"start":{"line":121,"column":12},"end":{"line":121,"column":84}},"58":{"start":{"line":123,"column":26},"end":{"line":123,"column":65}},"59":{"start":{"line":124,"column":8},"end":{"line":124,"column":27}},"60":{"start":{"line":127,"column":0},"end":{"line":127,"column":39}}},"fnMap":{"0":{"name":"(anonymous_0)","decl":{"start":{"line":2,"column":44},"end":{"line":2,"column":45}},"loc":{"start":{"line":2,"column":89},"end":{"line":10,"column":1}},"line":2},"1":{"name":"adopt","decl":{"start":{"line":3,"column":13},"end":{"line":3,"column":18}},"loc":{"start":{"line":3,"column":26},"end":{"line":3,"column":112}},"line":3},"2":{"name":"(anonymous_2)","decl":{"start":{"line":3,"column":70},"end":{"line":3,"column":71}},"loc":{"start":{"line":3,"column":89},"end":{"line":3,"column":108}},"line":3},"3":{"name":"(anonymous_3)","decl":{"start":{"line":4,"column":36},"end":{"line":4,"column":37}},"loc":{"start":{"line":4,"column":63},"end":{"line":9,"column":5}},"line":4},"4":{"name":"fulfilled","decl":{"start":{"line":5,"column":17},"end":{"line":5,"column":26}},"loc":{"start":{"line":5,"column":34},"end":{"line":5,"column":99}},"line":5},"5":{"name":"rejected","decl":{"start":{"line":6,"column":17},"end":{"line":6,"column":25}},"loc":{"start":{"line":6,"column":33},"end":{"line":6,"column":102}},"line":6},"6":{"name":"step","decl":{"start":{"line":7,"column":17},"end":{"line":7,"column":21}},"loc":{"start":{"line":7,"column":30},"end":{"line":7,"column":118}},"line":7},"7":{"name":"fetchIssues","decl":{"start":{"line":14,"column":9},"end":{"line":14,"column":20}},"loc":{"start":{"line":14,"column":34},"end":{"line":35,"column":1}},"line":14},"8":{"name":"(anonymous_8)","decl":{"start":{"line":15,"column":43},"end":{"line":15,"column":44}},"loc":{"start":{"line":15,"column":56},"end":{"line":34,"column":5}},"line":15},"9":{"name":"calculateLOC","decl":{"start":{"line":36,"column":9},"end":{"line":36,"column":21}},"loc":{"start":{"line":36,"column":35},"end":{"line":92,"column":1}},"line":36},"10":{"name":"(anonymous_10)","decl":{"start":{"line":37,"column":43},"end":{"line":37,"column":44}},"loc":{"start":{"line":37,"column":56},"end":{"line":91,"column":5}},"line":37},"11":{"name":"countLines","decl":{"start":{"line":69,"column":17},"end":{"line":69,"column":27}},"loc":{"start":{"line":69,"column":34},"end":{"line":71,"column":9}},"line":69},"12":{"name":"traverseTree","decl":{"start":{"line":72,"column":17},"end":{"line":72,"column":29}},"loc":{"start":{"line":72,"column":39},"end":{"line":83,"column":9}},"line":72},"13":{"name":"(anonymous_13)","decl":{"start":{"line":75,"column":28},"end":{"line":75,"column":29}},"loc":{"start":{"line":75,"column":39},"end":{"line":82,"column":13}},"line":75},"14":{"name":"calculateCorrectness","decl":{"start":{"line":93,"column":9},"end":{"line":93,"column":29}},"loc":{"start":{"line":93,"column":43},"end":{"line":105,"column":1}},"line":93},"15":{"name":"(anonymous_15)","decl":{"start":{"line":94,"column":43},"end":{"line":94,"column":44}},"loc":{"start":{"line":94,"column":56},"end":{"line":104,"column":5}},"line":94},"16":{"name":"getNpmCorrectness","decl":{"start":{"line":106,"column":9},"end":{"line":106,"column":26}},"loc":{"start":{"line":106,"column":40},"end":{"line":126,"column":1}},"line":106},"17":{"name":"(anonymous_17)","decl":{"start":{"line":107,"column":43},"end":{"line":107,"column":44}},"loc":{"start":{"line":107,"column":56},"end":{"line":125,"column":5}},"line":107}},"branchMap":{"0":{"loc":{"start":{"line":2,"column":16},"end":{"line":10,"column":1}},"type":"binary-expr","locations":[{"start":{"line":2,"column":17},"end":{"line":2,"column":21}},{"start":{"line":2,"column":25},"end":{"line":2,"column":39}},{"start":{"line":2,"column":44},"end":{"line":10,"column":1}}],"line":2},"1":{"loc":{"start":{"line":3,"column":35},"end":{"line":3,"column":109}},"type":"cond-expr","locations":[{"start":{"line":3,"column":56},"end":{"line":3,"column":61}},{"start":{"line":3,"column":64},"end":{"line":3,"column":109}}],"line":3},"2":{"loc":{"start":{"line":4,"column":16},"end":{"line":4,"column":34}},"type":"binary-expr","locations":[{"start":{"line":4,"column":16},"end":{"line":4,"column":17}},{"start":{"line":4,"column":22},"end":{"line":4,"column":33}}],"line":4},"3":{"loc":{"start":{"line":7,"column":32},"end":{"line":7,"column":115}},"type":"cond-expr","locations":[{"start":{"line":7,"column":46},"end":{"line":7,"column":67}},{"start":{"line":7,"column":70},"end":{"line":7,"column":115}}],"line":7},"4":{"loc":{"start":{"line":8,"column":51},"end":{"line":8,"column":67}},"type":"binary-expr","locations":[{"start":{"line":8,"column":51},"end":{"line":8,"column":61}},{"start":{"line":8,"column":65},"end":{"line":8,"column":67}}],"line":8},"5":{"loc":{"start":{"line":73,"column":12},"end":{"line":74,"column":23}},"type":"if","locations":[{"start":{"line":73,"column":12},"end":{"line":74,"column":23}},{"start":{},"end":{}}],"line":73},"6":{"loc":{"start":{"line":76,"column":16},"end":{"line":81,"column":17}},"type":"if","locations":[{"start":{"line":76,"column":16},"end":{"line":81,"column":17}},{"start":{"line":79,"column":21},"end":{"line":81,"column":17}}],"line":76},"7":{"loc":{"start":{"line":76,"column":20},"end":{"line":76,"column":78}},"type":"binary-expr","locations":[{"start":{"line":76,"column":20},"end":{"line":76,"column":41}},{"start":{"line":76,"column":45},"end":{"line":76,"column":57}},{"start":{"line":76,"column":61},"end":{"line":76,"column":78}}],"line":76},"8":{"loc":{"start":{"line":79,"column":21},"end":{"line":81,"column":17}},"type":"if","locations":[{"start":{"line":79,"column":21},"end":{"line":81,"column":17}},{"start":{},"end":{}}],"line":79},"9":{"loc":{"start":{"line":79,"column":25},"end":{"line":79,"column":86}},"type":"binary-expr","locations":[{"start":{"line":79,"column":25},"end":{"line":79,"column":46}},{"start":{"line":79,"column":50},"end":{"line":79,"column":62}},{"start":{"line":79,"column":66},"end":{"line":79,"column":86}}],"line":79},"10":{"loc":{"start":{"line":84,"column":8},"end":{"line":89,"column":9}},"type":"if","locations":[{"start":{"line":84,"column":8},"end":{"line":89,"column":9}},{"start":{"line":87,"column":13},"end":{"line":89,"column":9}}],"line":84},"11":{"loc":{"start":{"line":84,"column":12},"end":{"line":84,"column":82}},"type":"binary-expr","locations":[{"start":{"line":84,"column":12},"end":{"line":84,"column":41}},{"start":{"line":84,"column":45},"end":{"line":84,"column":82}}],"line":84},"12":{"loc":{"start":{"line":100,"column":36},"end":{"line":100,"column":86}},"type":"cond-expr","locations":[{"start":{"line":100,"column":54},"end":{"line":100,"column":82}},{"start":{"line":100,"column":85},"end":{"line":100,"column":86}}],"line":100},"13":{"loc":{"start":{"line":101,"column":35},"end":{"line":101,"column":90}},"type":"cond-expr","locations":[{"start":{"line":101,"column":58},"end":{"line":101,"column":86}},{"start":{"line":101,"column":89},"end":{"line":101,"column":90}}],"line":101},"14":{"loc":{"start":{"line":113,"column":12},"end":{"line":118,"column":13}},"type":"if","locations":[{"start":{"line":113,"column":12},"end":{"line":118,"column":13}},{"start":{},"end":{}}],"line":113}},"s":{"0":2,"1":18,"2":0,"3":13,"4":18,"5":18,"6":0,"7":0,"8":0,"9":0,"10":31,"11":13,"12":2,"13":2,"14":2,"15":4,"16":4,"17":4,"18":4,"19":4,"20":4,"21":4,"22":4,"23":4,"24":4,"25":165,"26":21,"27":0,"28":21,"29":217,"30":165,"31":52,"32":17,"33":4,"34":4,"35":0,"36":4,"37":4,"38":4,"39":4,"40":4,"41":4,"42":4,"43":4,"44":4,"45":4,"46":4,"47":1,"48":1,"49":1,"50":1,"51":1,"52":1,"53":1,"54":1,"55":1,"56":1,"57":0,"58":1,"59":1,"60":2},"f":{"0":13,"1":18,"2":0,"3":13,"4":18,"5":0,"6":31,"7":4,"8":4,"9":4,"10":4,"11":165,"12":21,"13":217,"14":4,"15":4,"16":1,"17":1},"b":{"0":[2,0,2],"1":[18,0],"2":[13,13],"3":[13,18],"4":[13,13],"5":[0,21],"6":[165,52],"7":[217,165,165],"8":[17,35],"9":[52,52,52],"10":[4,0],"11":[4,4],"12":[4,0],"13":[4,0],"14":[1,0]},"_coverageSchema":"1a1c01bbd47fc00a2c39e90264f33305004495a9","hash":"3a33f0b22ef5f3e5609e331f610d26d12231a24b"}
,"C:\\Users\\calia\\Desktop\\ECE461_Project_Phase1\\src\\dist\\Metrics\\Licensing.js": {"path":"C:\\Users\\calia\\Desktop\\ECE461_Project_Phase1\\src\\dist\\Metrics\\Licensing.js","statementMap":{"0":{"start":{"line":2,"column":16},"end":{"line":10,"column":1}},"1":{"start":{"line":3,"column":28},"end":{"line":3,"column":110}},"2":{"start":{"line":3,"column":91},"end":{"line":3,"column":106}},"3":{"start":{"line":4,"column":4},"end":{"line":9,"column":7}},"4":{"start":{"line":5,"column":36},"end":{"line":5,"column":97}},"5":{"start":{"line":5,"column":42},"end":{"line":5,"column":70}},"6":{"start":{"line":5,"column":85},"end":{"line":5,"column":95}},"7":{"start":{"line":6,"column":35},"end":{"line":6,"column":100}},"8":{"start":{"line":6,"column":41},"end":{"line":6,"column":73}},"9":{"start":{"line":6,"column":88},"end":{"line":6,"column":98}},"10":{"start":{"line":7,"column":32},"end":{"line":7,"column":116}},"11":{"start":{"line":8,"column":8},"end":{"line":8,"column":78}},"12":{"start":{"line":11,"column":22},"end":{"line":13,"column":1}},"13":{"start":{"line":12,"column":4},"end":{"line":12,"column":62}},"14":{"start":{"line":14,"column":0},"end":{"line":14,"column":62}},"15":{"start":{"line":15,"column":0},"end":{"line":15,"column":62}},"16":{"start":{"line":16,"column":0},"end":{"line":16,"column":54}},"17":{"start":{"line":17,"column":0},"end":{"line":17,"column":68}},"18":{"start":{"line":18,"column":13},"end":{"line":18,"column":43}},"19":{"start":{"line":19,"column":15},"end":{"line":19,"column":47}},"20":{"start":{"line":20,"column":21},"end":{"line":20,"column":42}},"21":{"start":{"line":21,"column":17},"end":{"line":21,"column":37}},"22":{"start":{"line":22,"column":12},"end":{"line":22,"column":41}},"23":{"start":{"line":23,"column":27},"end":{"line":56,"column":1}},"24":{"start":{"line":58,"column":4},"end":{"line":69,"column":7}},"25":{"start":{"line":59,"column":8},"end":{"line":68,"column":9}},"26":{"start":{"line":60,"column":26},"end":{"line":60,"column":55}},"27":{"start":{"line":61,"column":12},"end":{"line":64,"column":13}},"28":{"start":{"line":62,"column":16},"end":{"line":62,"column":75}},"29":{"start":{"line":63,"column":16},"end":{"line":63,"column":65}},"30":{"start":{"line":67,"column":12},"end":{"line":67,"column":61}},"31":{"start":{"line":72,"column":4},"end":{"line":75,"column":7}},"32":{"start":{"line":73,"column":8},"end":{"line":73,"column":37}},"33":{"start":{"line":74,"column":8},"end":{"line":74,"column":52}},"34":{"start":{"line":78,"column":4},"end":{"line":84,"column":7}},"35":{"start":{"line":79,"column":32},"end":{"line":79,"column":67}},"36":{"start":{"line":80,"column":8},"end":{"line":82,"column":9}},"37":{"start":{"line":81,"column":12},"end":{"line":81,"column":70}},"38":{"start":{"line":83,"column":8},"end":{"line":83,"column":20}},"39":{"start":{"line":87,"column":18},"end":{"line":87,"column":44}},"40":{"start":{"line":88,"column":4},"end":{"line":95,"column":5}},"41":{"start":{"line":89,"column":28},"end":{"line":89,"column":43}},"42":{"start":{"line":90,"column":8},"end":{"line":94,"column":9}},"43":{"start":{"line":91,"column":12},"end":{"line":93,"column":13}},"44":{"start":{"line":92,"column":16},"end":{"line":92,"column":29}},"45":{"start":{"line":96,"column":4},"end":{"line":96,"column":13}},"46":{"start":{"line":99,"column":4},"end":{"line":110,"column":7}},"47":{"start":{"line":100,"column":20},"end":{"line":100,"column":57}},"48":{"start":{"line":101,"column":20},"end":{"line":101,"column":38}},"49":{"start":{"line":102,"column":8},"end":{"line":102,"column":40}},"50":{"start":{"line":103,"column":31},"end":{"line":103,"column":52}},"51":{"start":{"line":104,"column":8},"end":{"line":109,"column":9}},"52":{"start":{"line":105,"column":12},"end":{"line":105,"column":57}},"53":{"start":{"line":108,"column":12},"end":{"line":108,"column":21}},"54":{"start":{"line":113,"column":4},"end":{"line":128,"column":7}},"55":{"start":{"line":114,"column":25},"end":{"line":114,"column":54}},"56":{"start":{"line":115,"column":8},"end":{"line":127,"column":9}},"57":{"start":{"line":116,"column":29},"end":{"line":116,"column":53}},"58":{"start":{"line":117,"column":12},"end":{"line":123,"column":13}},"59":{"start":{"line":118,"column":42},"end":{"line":118,"column":61}},"60":{"start":{"line":119,"column":30},"end":{"line":119,"column":79}},"61":{"start":{"line":120,"column":29},"end":{"line":121,"column":75}},"62":{"start":{"line":122,"column":16},"end":{"line":122,"column":68}},"63":{"start":{"line":126,"column":12},"end":{"line":126,"column":84}}},"fnMap":{"0":{"name":"(anonymous_0)","decl":{"start":{"line":2,"column":44},"end":{"line":2,"column":45}},"loc":{"start":{"line":2,"column":89},"end":{"line":10,"column":1}},"line":2},"1":{"name":"adopt","decl":{"start":{"line":3,"column":13},"end":{"line":3,"column":18}},"loc":{"start":{"line":3,"column":26},"end":{"line":3,"column":112}},"line":3},"2":{"name":"(anonymous_2)","decl":{"start":{"line":3,"column":70},"end":{"line":3,"column":71}},"loc":{"start":{"line":3,"column":89},"end":{"line":3,"column":108}},"line":3},"3":{"name":"(anonymous_3)","decl":{"start":{"line":4,"column":36},"end":{"line":4,"column":37}},"loc":{"start":{"line":4,"column":63},"end":{"line":9,"column":5}},"line":4},"4":{"name":"fulfilled","decl":{"start":{"line":5,"column":17},"end":{"line":5,"column":26}},"loc":{"start":{"line":5,"column":34},"end":{"line":5,"column":99}},"line":5},"5":{"name":"rejected","decl":{"start":{"line":6,"column":17},"end":{"line":6,"column":25}},"loc":{"start":{"line":6,"column":33},"end":{"line":6,"column":102}},"line":6},"6":{"name":"step","decl":{"start":{"line":7,"column":17},"end":{"line":7,"column":21}},"loc":{"start":{"line":7,"column":30},"end":{"line":7,"column":118}},"line":7},"7":{"name":"(anonymous_7)","decl":{"start":{"line":11,"column":56},"end":{"line":11,"column":57}},"loc":{"start":{"line":11,"column":71},"end":{"line":13,"column":1}},"line":11},"8":{"name":"clearTmpDirectory","decl":{"start":{"line":57,"column":9},"end":{"line":57,"column":26}},"loc":{"start":{"line":57,"column":32},"end":{"line":70,"column":1}},"line":57},"9":{"name":"(anonymous_9)","decl":{"start":{"line":58,"column":43},"end":{"line":58,"column":44}},"loc":{"start":{"line":58,"column":56},"end":{"line":69,"column":5}},"line":58},"10":{"name":"cloneRepository","decl":{"start":{"line":71,"column":9},"end":{"line":71,"column":24}},"loc":{"start":{"line":71,"column":35},"end":{"line":76,"column":1}},"line":71},"11":{"name":"(anonymous_11)","decl":{"start":{"line":72,"column":43},"end":{"line":72,"column":44}},"loc":{"start":{"line":72,"column":56},"end":{"line":75,"column":5}},"line":72},"12":{"name":"getLicense","decl":{"start":{"line":77,"column":9},"end":{"line":77,"column":19}},"loc":{"start":{"line":77,"column":25},"end":{"line":85,"column":1}},"line":77},"13":{"name":"(anonymous_13)","decl":{"start":{"line":78,"column":43},"end":{"line":78,"column":44}},"loc":{"start":{"line":78,"column":56},"end":{"line":84,"column":5}},"line":78},"14":{"name":"determineLicenseScore","decl":{"start":{"line":86,"column":9},"end":{"line":86,"column":30}},"loc":{"start":{"line":86,"column":47},"end":{"line":97,"column":1}},"line":86},"15":{"name":"checkLicenseCompatibility","decl":{"start":{"line":98,"column":9},"end":{"line":98,"column":34}},"loc":{"start":{"line":98,"column":48},"end":{"line":111,"column":1}},"line":98},"16":{"name":"(anonymous_16)","decl":{"start":{"line":99,"column":43},"end":{"line":99,"column":44}},"loc":{"start":{"line":99,"column":56},"end":{"line":110,"column":5}},"line":99},"17":{"name":"checkLicenseCompatibilityNPM","decl":{"start":{"line":112,"column":9},"end":{"line":112,"column":37}},"loc":{"start":{"line":112,"column":51},"end":{"line":129,"column":1}},"line":112},"18":{"name":"(anonymous_18)","decl":{"start":{"line":113,"column":43},"end":{"line":113,"column":44}},"loc":{"start":{"line":113,"column":56},"end":{"line":128,"column":5}},"line":113}},"branchMap":{"0":{"loc":{"start":{"line":2,"column":16},"end":{"line":10,"column":1}},"type":"binary-expr","locations":[{"start":{"line":2,"column":17},"end":{"line":2,"column":21}},{"start":{"line":2,"column":25},"end":{"line":2,"column":39}},{"start":{"line":2,"column":44},"end":{"line":10,"column":1}}],"line":2},"1":{"loc":{"start":{"line":3,"column":35},"end":{"line":3,"column":109}},"type":"cond-expr","locations":[{"start":{"line":3,"column":56},"end":{"line":3,"column":61}},{"start":{"line":3,"column":64},"end":{"line":3,"column":109}}],"line":3},"2":{"loc":{"start":{"line":4,"column":16},"end":{"line":4,"column":34}},"type":"binary-expr","locations":[{"start":{"line":4,"column":16},"end":{"line":4,"column":17}},{"start":{"line":4,"column":22},"end":{"line":4,"column":33}}],"line":4},"3":{"loc":{"start":{"line":7,"column":32},"end":{"line":7,"column":115}},"type":"cond-expr","locations":[{"start":{"line":7,"column":46},"end":{"line":7,"column":67}},{"start":{"line":7,"column":70},"end":{"line":7,"column":115}}],"line":7},"4":{"loc":{"start":{"line":8,"column":51},"end":{"line":8,"column":67}},"type":"binary-expr","locations":[{"start":{"line":8,"column":51},"end":{"line":8,"column":61}},{"start":{"line":8,"column":65},"end":{"line":8,"column":67}}],"line":8},"5":{"loc":{"start":{"line":11,"column":22},"end":{"line":13,"column":1}},"type":"binary-expr","locations":[{"start":{"line":11,"column":23},"end":{"line":11,"column":27}},{"start":{"line":11,"column":31},"end":{"line":11,"column":51}},{"start":{"line":11,"column":56},"end":{"line":13,"column":1}}],"line":11},"6":{"loc":{"start":{"line":12,"column":11},"end":{"line":12,"column":61}},"type":"cond-expr","locations":[{"start":{"line":12,"column":37},"end":{"line":12,"column":40}},{"start":{"line":12,"column":43},"end":{"line":12,"column":61}}],"line":12},"7":{"loc":{"start":{"line":12,"column":12},"end":{"line":12,"column":33}},"type":"binary-expr","locations":[{"start":{"line":12,"column":12},"end":{"line":12,"column":15}},{"start":{"line":12,"column":19},"end":{"line":12,"column":33}}],"line":12},"8":{"loc":{"start":{"line":59,"column":8},"end":{"line":68,"column":9}},"type":"if","locations":[{"start":{"line":59,"column":8},"end":{"line":68,"column":9}},{"start":{"line":66,"column":13},"end":{"line":68,"column":9}}],"line":59},"9":{"loc":{"start":{"line":61,"column":12},"end":{"line":64,"column":13}},"type":"if","locations":[{"start":{"line":61,"column":12},"end":{"line":64,"column":13}},{"start":{},"end":{}}],"line":61},"10":{"loc":{"start":{"line":80,"column":8},"end":{"line":82,"column":9}},"type":"if","locations":[{"start":{"line":80,"column":8},"end":{"line":82,"column":9}},{"start":{},"end":{}}],"line":80},"11":{"loc":{"start":{"line":88,"column":4},"end":{"line":95,"column":5}},"type":"if","locations":[{"start":{"line":88,"column":4},"end":{"line":95,"column":5}},{"start":{},"end":{}}],"line":88},"12":{"loc":{"start":{"line":91,"column":12},"end":{"line":93,"column":13}},"type":"if","locations":[{"start":{"line":91,"column":12},"end":{"line":93,"column":13}},{"start":{},"end":{}}],"line":91},"13":{"loc":{"start":{"line":104,"column":8},"end":{"line":109,"column":9}},"type":"if","locations":[{"start":{"line":104,"column":8},"end":{"line":109,"column":9}},{"start":{"line":107,"column":13},"end":{"line":109,"column":9}}],"line":104},"14":{"loc":{"start":{"line":117,"column":12},"end":{"line":123,"column":13}},"type":"if","locations":[{"start":{"line":117,"column":12},"end":{"line":123,"column":13}},{"start":{},"end":{}}],"line":117}},"s":{"0":2,"1":12,"2":3,"3":12,"4":12,"5":12,"6":0,"7":0,"8":0,"9":0,"10":24,"11":12,"12":2,"13":4,"14":2,"15":2,"16":2,"17":2,"18":2,"19":2,"20":2,"21":2,"22":2,"23":2,"24":3,"25":3,"26":3,"27":3,"28":3,"29":3,"30":0,"31":3,"32":3,"33":3,"34":3,"35":3,"36":3,"37":3,"38":0,"39":6,"40":6,"41":5,"42":5,"43":40,"44":4,"45":2,"46":3,"47":3,"48":3,"49":3,"50":3,"51":3,"52":3,"53":0,"54":0,"55":0,"56":0,"57":0,"58":0,"59":0,"60":0,"61":0,"62":0,"63":0},"f":{"0":12,"1":12,"2":3,"3":12,"4":12,"5":0,"6":24,"7":4,"8":3,"9":3,"10":3,"11":3,"12":3,"13":3,"14":6,"15":3,"16":3,"17":0,"18":0},"b":{"0":[2,0,2],"1":[9,3],"2":[12,12],"3":[12,12],"4":[12,12],"5":[2,0,2],"6":[0,4],"7":[4,4],"8":[3,0],"9":[3,0],"10":[3,0],"11":[5,1],"12":[4,36],"13":[3,0],"14":[0,0]},"_coverageSchema":"1a1c01bbd47fc00a2c39e90264f33305004495a9","hash":"c7a205b45988c42c08ddcd7934a8cca5bb18c6ac"}
,"C:\\Users\\calia\\Desktop\\ECE461_Project_Phase1\\src\\dist\\Metrics\\MetricCalculator.js": {"path":"C:\\Users\\calia\\Desktop\\ECE461_Project_Phase1\\src\\dist\\Metrics\\MetricCalculator.js","statementMap":{"0":{"start":{"line":2,"column":16},"end":{"line":10,"column":1}},"1":{"start":{"line":3,"column":28},"end":{"line":3,"column":110}},"2":{"start":{"line":3,"column":91},"end":{"line":3,"column":106}},"3":{"start":{"line":4,"column":4},"end":{"line":9,"column":7}},"4":{"start":{"line":5,"column":36},"end":{"line":5,"column":97}},"5":{"start":{"line":5,"column":42},"end":{"line":5,"column":70}},"6":{"start":{"line":5,"column":85},"end":{"line":5,"column":95}},"7":{"start":{"line":6,"column":35},"end":{"line":6,"column":100}},"8":{"start":{"line":6,"column":41},"end":{"line":6,"column":73}},"9":{"start":{"line":6,"column":88},"end":{"line":6,"column":98}},"10":{"start":{"line":7,"column":32},"end":{"line":7,"column":116}},"11":{"start":{"line":8,"column":8},"end":{"line":8,"column":78}},"12":{"start":{"line":11,"column":22},"end":{"line":13,"column":1}},"13":{"start":{"line":12,"column":4},"end":{"line":12,"column":62}},"14":{"start":{"line":14,"column":0},"end":{"line":14,"column":62}},"15":{"start":{"line":15,"column":0},"end":{"line":15,"column":104}},"16":{"start":{"line":16,"column":25},"end":{"line":16,"column":53}},"17":{"start":{"line":17,"column":25},"end":{"line":17,"column":78}},"18":{"start":{"line":18,"column":23},"end":{"line":18,"column":57}},"19":{"start":{"line":19,"column":20},"end":{"line":19,"column":68}},"20":{"start":{"line":20,"column":28},"end":{"line":20,"column":67}},"21":{"start":{"line":21,"column":23},"end":{"line":21,"column":74}},"22":{"start":{"line":22,"column":23},"end":{"line":22,"column":57}},"23":{"start":{"line":23,"column":25},"end":{"line":23,"column":61}},"24":{"start":{"line":24,"column":23},"end":{"line":24,"column":57}},"25":{"start":{"line":25,"column":20},"end":{"line":25,"column":51}},"26":{"start":{"line":26,"column":28},"end":{"line":26,"column":67}},"27":{"start":{"line":27,"column":36},"end":{"line":27,"column":95}},"28":{"start":{"line":28,"column":41},"end":{"line":28,"column":116}},"29":{"start":{"line":29,"column":46},"end":{"line":29,"column":100}},"30":{"start":{"line":30,"column":37},"end":{"line":30,"column":113}},"31":{"start":{"line":31,"column":32},"end":{"line":31,"column":89}},"32":{"start":{"line":32,"column":35},"end":{"line":32,"column":104}},"33":{"start":{"line":33,"column":33},"end":{"line":33,"column":102}},"34":{"start":{"line":34,"column":44},"end":{"line":34,"column":122}},"35":{"start":{"line":35,"column":28},"end":{"line":35,"column":87}},"36":{"start":{"line":36,"column":36},"end":{"line":36,"column":111}},"37":{"start":{"line":39,"column":8},"end":{"line":41,"column":11}},"38":{"start":{"line":40,"column":12},"end":{"line":40,"column":66}},"39":{"start":{"line":44,"column":8},"end":{"line":46,"column":11}},"40":{"start":{"line":45,"column":12},"end":{"line":45,"column":71}},"41":{"start":{"line":49,"column":8},"end":{"line":51,"column":11}},"42":{"start":{"line":50,"column":12},"end":{"line":50,"column":76}},"43":{"start":{"line":54,"column":8},"end":{"line":56,"column":11}},"44":{"start":{"line":55,"column":12},"end":{"line":55,"column":67}},"45":{"start":{"line":59,"column":8},"end":{"line":61,"column":11}},"46":{"start":{"line":60,"column":12},"end":{"line":60,"column":62}},"47":{"start":{"line":64,"column":8},"end":{"line":64,"column":53}},"48":{"start":{"line":67,"column":0},"end":{"line":67,"column":56}},"49":{"start":{"line":70,"column":8},"end":{"line":72,"column":11}},"50":{"start":{"line":71,"column":12},"end":{"line":71,"column":63}},"51":{"start":{"line":75,"column":8},"end":{"line":77,"column":11}},"52":{"start":{"line":76,"column":12},"end":{"line":76,"column":74}},"53":{"start":{"line":80,"column":8},"end":{"line":82,"column":11}},"54":{"start":{"line":81,"column":12},"end":{"line":81,"column":58}},"55":{"start":{"line":85,"column":8},"end":{"line":87,"column":11}},"56":{"start":{"line":86,"column":12},"end":{"line":86,"column":66}},"57":{"start":{"line":90,"column":8},"end":{"line":92,"column":11}},"58":{"start":{"line":91,"column":12},"end":{"line":91,"column":65}},"59":{"start":{"line":95,"column":8},"end":{"line":95,"column":62}},"60":{"start":{"line":98,"column":0},"end":{"line":98,"column":50}},"61":{"start":{"line":101,"column":8},"end":{"line":106,"column":9}},"62":{"start":{"line":102,"column":12},"end":{"line":102,"column":48}},"63":{"start":{"line":105,"column":12},"end":{"line":105,"column":45}},"64":{"start":{"line":109,"column":0},"end":{"line":109,"column":58}}},"fnMap":{"0":{"name":"(anonymous_0)","decl":{"start":{"line":2,"column":44},"end":{"line":2,"column":45}},"loc":{"start":{"line":2,"column":89},"end":{"line":10,"column":1}},"line":2},"1":{"name":"adopt","decl":{"start":{"line":3,"column":13},"end":{"line":3,"column":18}},"loc":{"start":{"line":3,"column":26},"end":{"line":3,"column":112}},"line":3},"2":{"name":"(anonymous_2)","decl":{"start":{"line":3,"column":70},"end":{"line":3,"column":71}},"loc":{"start":{"line":3,"column":89},"end":{"line":3,"column":108}},"line":3},"3":{"name":"(anonymous_3)","decl":{"start":{"line":4,"column":36},"end":{"line":4,"column":37}},"loc":{"start":{"line":4,"column":63},"end":{"line":9,"column":5}},"line":4},"4":{"name":"fulfilled","decl":{"start":{"line":5,"column":17},"end":{"line":5,"column":26}},"loc":{"start":{"line":5,"column":34},"end":{"line":5,"column":99}},"line":5},"5":{"name":"rejected","decl":{"start":{"line":6,"column":17},"end":{"line":6,"column":25}},"loc":{"start":{"line":6,"column":33},"end":{"line":6,"column":102}},"line":6},"6":{"name":"step","decl":{"start":{"line":7,"column":17},"end":{"line":7,"column":21}},"loc":{"start":{"line":7,"column":30},"end":{"line":7,"column":118}},"line":7},"7":{"name":"(anonymous_7)","decl":{"start":{"line":11,"column":56},"end":{"line":11,"column":57}},"loc":{"start":{"line":11,"column":71},"end":{"line":13,"column":1}},"line":11},"8":{"name":"(anonymous_8)","decl":{"start":{"line":38,"column":4},"end":{"line":38,"column":5}},"loc":{"start":{"line":38,"column":38},"end":{"line":42,"column":5}},"line":38},"9":{"name":"(anonymous_9)","decl":{"start":{"line":39,"column":47},"end":{"line":39,"column":48}},"loc":{"start":{"line":39,"column":60},"end":{"line":41,"column":9}},"line":39},"10":{"name":"(anonymous_10)","decl":{"start":{"line":43,"column":4},"end":{"line":43,"column":5}},"loc":{"start":{"line":43,"column":47},"end":{"line":47,"column":5}},"line":43},"11":{"name":"(anonymous_11)","decl":{"start":{"line":44,"column":47},"end":{"line":44,"column":48}},"loc":{"start":{"line":44,"column":60},"end":{"line":46,"column":9}},"line":44},"12":{"name":"(anonymous_12)","decl":{"start":{"line":48,"column":4},"end":{"line":48,"column":5}},"loc":{"start":{"line":48,"column":33},"end":{"line":52,"column":5}},"line":48},"13":{"name":"(anonymous_13)","decl":{"start":{"line":49,"column":47},"end":{"line":49,"column":48}},"loc":{"start":{"line":49,"column":60},"end":{"line":51,"column":9}},"line":49},"14":{"name":"(anonymous_14)","decl":{"start":{"line":53,"column":4},"end":{"line":53,"column":5}},"loc":{"start":{"line":53,"column":41},"end":{"line":57,"column":5}},"line":53},"15":{"name":"(anonymous_15)","decl":{"start":{"line":54,"column":47},"end":{"line":54,"column":48}},"loc":{"start":{"line":54,"column":60},"end":{"line":56,"column":9}},"line":54},"16":{"name":"(anonymous_16)","decl":{"start":{"line":58,"column":4},"end":{"line":58,"column":5}},"loc":{"start":{"line":58,"column":36},"end":{"line":62,"column":5}},"line":58},"17":{"name":"(anonymous_17)","decl":{"start":{"line":59,"column":47},"end":{"line":59,"column":48}},"loc":{"start":{"line":59,"column":60},"end":{"line":61,"column":9}},"line":59},"18":{"name":"(anonymous_18)","decl":{"start":{"line":63,"column":4},"end":{"line":63,"column":5}},"loc":{"start":{"line":63,"column":24},"end":{"line":65,"column":5}},"line":63},"19":{"name":"(anonymous_19)","decl":{"start":{"line":69,"column":4},"end":{"line":69,"column":5}},"loc":{"start":{"line":69,"column":38},"end":{"line":73,"column":5}},"line":69},"20":{"name":"(anonymous_20)","decl":{"start":{"line":70,"column":47},"end":{"line":70,"column":48}},"loc":{"start":{"line":70,"column":60},"end":{"line":72,"column":9}},"line":70},"21":{"name":"(anonymous_21)","decl":{"start":{"line":74,"column":4},"end":{"line":74,"column":5}},"loc":{"start":{"line":74,"column":47},"end":{"line":78,"column":5}},"line":74},"22":{"name":"(anonymous_22)","decl":{"start":{"line":75,"column":47},"end":{"line":75,"column":48}},"loc":{"start":{"line":75,"column":60},"end":{"line":77,"column":9}},"line":75},"23":{"name":"(anonymous_23)","decl":{"start":{"line":79,"column":4},"end":{"line":79,"column":5}},"loc":{"start":{"line":79,"column":33},"end":{"line":83,"column":5}},"line":79},"24":{"name":"(anonymous_24)","decl":{"start":{"line":80,"column":47},"end":{"line":80,"column":48}},"loc":{"start":{"line":80,"column":60},"end":{"line":82,"column":9}},"line":80},"25":{"name":"(anonymous_25)","decl":{"start":{"line":84,"column":4},"end":{"line":84,"column":5}},"loc":{"start":{"line":84,"column":41},"end":{"line":88,"column":5}},"line":84},"26":{"name":"(anonymous_26)","decl":{"start":{"line":85,"column":47},"end":{"line":85,"column":48}},"loc":{"start":{"line":85,"column":60},"end":{"line":87,"column":9}},"line":85},"27":{"name":"(anonymous_27)","decl":{"start":{"line":89,"column":4},"end":{"line":89,"column":5}},"loc":{"start":{"line":89,"column":36},"end":{"line":93,"column":5}},"line":89},"28":{"name":"(anonymous_28)","decl":{"start":{"line":90,"column":47},"end":{"line":90,"column":48}},"loc":{"start":{"line":90,"column":60},"end":{"line":92,"column":9}},"line":90},"29":{"name":"(anonymous_29)","decl":{"start":{"line":94,"column":4},"end":{"line":94,"column":5}},"loc":{"start":{"line":94,"column":24},"end":{"line":96,"column":5}},"line":94},"30":{"name":"(anonymous_30)","decl":{"start":{"line":100,"column":4},"end":{"line":100,"column":5}},"loc":{"start":{"line":100,"column":24},"end":{"line":107,"column":5}},"line":100}},"branchMap":{"0":{"loc":{"start":{"line":2,"column":16},"end":{"line":10,"column":1}},"type":"binary-expr","locations":[{"start":{"line":2,"column":17},"end":{"line":2,"column":21}},{"start":{"line":2,"column":25},"end":{"line":2,"column":39}},{"start":{"line":2,"column":44},"end":{"line":10,"column":1}}],"line":2},"1":{"loc":{"start":{"line":3,"column":35},"end":{"line":3,"column":109}},"type":"cond-expr","locations":[{"start":{"line":3,"column":56},"end":{"line":3,"column":61}},{"start":{"line":3,"column":64},"end":{"line":3,"column":109}}],"line":3},"2":{"loc":{"start":{"line":4,"column":16},"end":{"line":4,"column":34}},"type":"binary-expr","locations":[{"start":{"line":4,"column":16},"end":{"line":4,"column":17}},{"start":{"line":4,"column":22},"end":{"line":4,"column":33}}],"line":4},"3":{"loc":{"start":{"line":7,"column":32},"end":{"line":7,"column":115}},"type":"cond-expr","locations":[{"start":{"line":7,"column":46},"end":{"line":7,"column":67}},{"start":{"line":7,"column":70},"end":{"line":7,"column":115}}],"line":7},"4":{"loc":{"start":{"line":8,"column":51},"end":{"line":8,"column":67}},"type":"binary-expr","locations":[{"start":{"line":8,"column":51},"end":{"line":8,"column":61}},{"start":{"line":8,"column":65},"end":{"line":8,"column":67}}],"line":8},"5":{"loc":{"start":{"line":11,"column":22},"end":{"line":13,"column":1}},"type":"binary-expr","locations":[{"start":{"line":11,"column":23},"end":{"line":11,"column":27}},{"start":{"line":11,"column":31},"end":{"line":11,"column":51}},{"start":{"line":11,"column":56},"end":{"line":13,"column":1}}],"line":11},"6":{"loc":{"start":{"line":12,"column":11},"end":{"line":12,"column":61}},"type":"cond-expr","locations":[{"start":{"line":12,"column":37},"end":{"line":12,"column":40}},{"start":{"line":12,"column":43},"end":{"line":12,"column":61}}],"line":12},"7":{"loc":{"start":{"line":12,"column":12},"end":{"line":12,"column":33}},"type":"binary-expr","locations":[{"start":{"line":12,"column":12},"end":{"line":12,"column":15}},{"start":{"line":12,"column":19},"end":{"line":12,"column":33}}],"line":12},"8":{"loc":{"start":{"line":101,"column":8},"end":{"line":106,"column":9}},"type":"if","locations":[{"start":{"line":101,"column":8},"end":{"line":106,"column":9}},{"start":{"line":104,"column":13},"end":{"line":106,"column":9}}],"line":101}},"s":{"0":1,"1":5,"2":0,"3":5,"4":5,"5":5,"6":0,"7":0,"8":0,"9":0,"10":10,"11":5,"12":1,"13":3,"14":1,"15":1,"16":1,"17":1,"18":1,"19":1,"20":1,"21":1,"22":1,"23":1,"24":1,"25":1,"26":1,"27":1,"28":1,"29":1,"30":1,"31":1,"32":1,"33":1,"34":1,"35":1,"36":1,"37":1,"38":1,"39":1,"40":1,"41":1,"42":1,"43":1,"44":1,"45":1,"46":1,"47":1,"48":1,"49":0,"50":0,"51":0,"52":0,"53":0,"54":0,"55":0,"56":0,"57":0,"58":0,"59":0,"60":1,"61":1,"62":1,"63":0,"64":1},"f":{"0":5,"1":5,"2":0,"3":5,"4":5,"5":0,"6":10,"7":3,"8":1,"9":1,"10":1,"11":1,"12":1,"13":1,"14":1,"15":1,"16":1,"17":1,"18":1,"19":0,"20":0,"21":0,"22":0,"23":0,"24":0,"25":0,"26":0,"27":0,"28":0,"29":0,"30":1},"b":{"0":[1,0,1],"1":[5,0],"2":[5,5],"3":[5,5],"4":[5,5],"5":[1,0,1],"6":[3,0],"7":[3,3],"8":[1,0]},"_coverageSchema":"1a1c01bbd47fc00a2c39e90264f33305004495a9","hash":"e28af0150215377328869b87a7393db9d32eabf1"}
,"C:\\Users\\calia\\Desktop\\ECE461_Project_Phase1\\src\\dist\\Metrics\\Netscore.js": {"path":"C:\\Users\\calia\\Desktop\\ECE461_Project_Phase1\\src\\dist\\Metrics\\Netscore.js","statementMap":{"0":{"start":{"line":2,"column":16},"end":{"line":10,"column":1}},"1":{"start":{"line":3,"column":28},"end":{"line":3,"column":110}},"2":{"start":{"line":3,"column":91},"end":{"line":3,"column":106}},"3":{"start":{"line":4,"column":4},"end":{"line":9,"column":7}},"4":{"start":{"line":5,"column":36},"end":{"line":5,"column":97}},"5":{"start":{"line":5,"column":42},"end":{"line":5,"column":70}},"6":{"start":{"line":5,"column":85},"end":{"line":5,"column":95}},"7":{"start":{"line":6,"column":35},"end":{"line":6,"column":100}},"8":{"start":{"line":6,"column":41},"end":{"line":6,"column":73}},"9":{"start":{"line":6,"column":88},"end":{"line":6,"column":98}},"10":{"start":{"line":7,"column":32},"end":{"line":7,"column":116}},"11":{"start":{"line":8,"column":8},"end":{"line":8,"column":78}},"12":{"start":{"line":11,"column":0},"end":{"line":11,"column":62}},"13":{"start":{"line":12,"column":0},"end":{"line":12,"column":44}},"14":{"start":{"line":13,"column":30},"end":{"line":13,"column":71}},"15":{"start":{"line":15,"column":4},"end":{"line":48,"column":7}},"16":{"start":{"line":16,"column":27},"end":{"line":16,"column":85}},"17":{"start":{"line":17,"column":28},"end":{"line":17,"column":87}},"18":{"start":{"line":18,"column":37},"end":{"line":18,"column":105}},"19":{"start":{"line":19,"column":23},"end":{"line":19,"column":77}},"20":{"start":{"line":20,"column":31},"end":{"line":20,"column":93}},"21":{"start":{"line":21,"column":26},"end":{"line":21,"column":83}},"22":{"start":{"line":22,"column":25},"end":{"line":26,"column":46}},"23":{"start":{"line":27,"column":20},"end":{"line":27,"column":59}},"24":{"start":{"line":28,"column":29},"end":{"line":46,"column":9}},"25":{"start":{"line":47,"column":8},"end":{"line":47,"column":28}}},"fnMap":{"0":{"name":"(anonymous_0)","decl":{"start":{"line":2,"column":44},"end":{"line":2,"column":45}},"loc":{"start":{"line":2,"column":89},"end":{"line":10,"column":1}},"line":2},"1":{"name":"adopt","decl":{"start":{"line":3,"column":13},"end":{"line":3,"column":18}},"loc":{"start":{"line":3,"column":26},"end":{"line":3,"column":112}},"line":3},"2":{"name":"(anonymous_2)","decl":{"start":{"line":3,"column":70},"end":{"line":3,"column":71}},"loc":{"start":{"line":3,"column":89},"end":{"line":3,"column":108}},"line":3},"3":{"name":"(anonymous_3)","decl":{"start":{"line":4,"column":36},"end":{"line":4,"column":37}},"loc":{"start":{"line":4,"column":63},"end":{"line":9,"column":5}},"line":4},"4":{"name":"fulfilled","decl":{"start":{"line":5,"column":17},"end":{"line":5,"column":26}},"loc":{"start":{"line":5,"column":34},"end":{"line":5,"column":99}},"line":5},"5":{"name":"rejected","decl":{"start":{"line":6,"column":17},"end":{"line":6,"column":25}},"loc":{"start":{"line":6,"column":33},"end":{"line":6,"column":102}},"line":6},"6":{"name":"step","decl":{"start":{"line":7,"column":17},"end":{"line":7,"column":21}},"loc":{"start":{"line":7,"column":30},"end":{"line":7,"column":118}},"line":7},"7":{"name":"calculateMetrics","decl":{"start":{"line":14,"column":9},"end":{"line":14,"column":25}},"loc":{"start":{"line":14,"column":48},"end":{"line":49,"column":1}},"line":14},"8":{"name":"(anonymous_8)","decl":{"start":{"line":15,"column":43},"end":{"line":15,"column":44}},"loc":{"start":{"line":15,"column":56},"end":{"line":48,"column":5}},"line":15}},"branchMap":{"0":{"loc":{"start":{"line":2,"column":16},"end":{"line":10,"column":1}},"type":"binary-expr","locations":[{"start":{"line":2,"column":17},"end":{"line":2,"column":21}},{"start":{"line":2,"column":25},"end":{"line":2,"column":39}},{"start":{"line":2,"column":44},"end":{"line":10,"column":1}}],"line":2},"1":{"loc":{"start":{"line":3,"column":35},"end":{"line":3,"column":109}},"type":"cond-expr","locations":[{"start":{"line":3,"column":56},"end":{"line":3,"column":61}},{"start":{"line":3,"column":64},"end":{"line":3,"column":109}}],"line":3},"2":{"loc":{"start":{"line":4,"column":16},"end":{"line":4,"column":34}},"type":"binary-expr","locations":[{"start":{"line":4,"column":16},"end":{"line":4,"column":17}},{"start":{"line":4,"column":22},"end":{"line":4,"column":33}}],"line":4},"3":{"loc":{"start":{"line":7,"column":32},"end":{"line":7,"column":115}},"type":"cond-expr","locations":[{"start":{"line":7,"column":46},"end":{"line":7,"column":67}},{"start":{"line":7,"column":70},"end":{"line":7,"column":115}}],"line":7},"4":{"loc":{"start":{"line":8,"column":51},"end":{"line":8,"column":67}},"type":"binary-expr","locations":[{"start":{"line":8,"column":51},"end":{"line":8,"column":61}},{"start":{"line":8,"column":65},"end":{"line":8,"column":67}}],"line":8}},"s":{"0":1,"1":5,"2":0,"3":1,"4":5,"5":5,"6":0,"7":0,"8":0,"9":0,"10":6,"11":1,"12":1,"13":1,"14":1,"15":1,"16":1,"17":1,"18":1,"19":1,"20":1,"21":1,"22":1,"23":1,"24":1,"25":1},"f":{"0":1,"1":5,"2":0,"3":1,"4":5,"5":0,"6":6,"7":1,"8":1},"b":{"0":[1,0,1],"1":[5,0],"2":[1,1],"3":[1,5],"4":[1,1]},"_coverageSchema":"1a1c01bbd47fc00a2c39e90264f33305004495a9","hash":"6948befc843564e55037dd394252bf50877f0123"}
,"C:\\Users\\calia\\Desktop\\ECE461_Project_Phase1\\src\\dist\\Metrics\\RampUp.js": {"path":"C:\\Users\\calia\\Desktop\\ECE461_Project_Phase1\\src\\dist\\Metrics\\RampUp.js","statementMap":{"0":{"start":{"line":2,"column":16},"end":{"line":10,"column":1}},"1":{"start":{"line":3,"column":28},"end":{"line":3,"column":110}},"2":{"start":{"line":3,"column":91},"end":{"line":3,"column":106}},"3":{"start":{"line":4,"column":4},"end":{"line":9,"column":7}},"4":{"start":{"line":5,"column":36},"end":{"line":5,"column":97}},"5":{"start":{"line":5,"column":42},"end":{"line":5,"column":70}},"6":{"start":{"line":5,"column":85},"end":{"line":5,"column":95}},"7":{"start":{"line":6,"column":35},"end":{"line":6,"column":100}},"8":{"start":{"line":6,"column":41},"end":{"line":6,"column":73}},"9":{"start":{"line":6,"column":88},"end":{"line":6,"column":98}},"10":{"start":{"line":7,"column":32},"end":{"line":7,"column":116}},"11":{"start":{"line":8,"column":8},"end":{"line":8,"column":78}},"12":{"start":{"line":11,"column":0},"end":{"line":11,"column":62}},"13":{"start":{"line":12,"column":0},"end":{"line":12,"column":36}},"14":{"start":{"line":13,"column":17},"end":{"line":13,"column":37}},"15":{"start":{"line":14,"column":14},"end":{"line":33,"column":1}},"16":{"start":{"line":35,"column":4},"end":{"line":67,"column":7}},"17":{"start":{"line":36,"column":25},"end":{"line":36,"column":57}},"18":{"start":{"line":37,"column":26},"end":{"line":37,"column":30}},"19":{"start":{"line":38,"column":24},"end":{"line":38,"column":28}},"20":{"start":{"line":39,"column":29},"end":{"line":39,"column":31}},"21":{"start":{"line":40,"column":8},"end":{"line":66,"column":9}},"22":{"start":{"line":41,"column":12},"end":{"line":57,"column":13}},"23":{"start":{"line":42,"column":29},"end":{"line":46,"column":18}},"24":{"start":{"line":47,"column":37},"end":{"line":47,"column":76}},"25":{"start":{"line":48,"column":16},"end":{"line":54,"column":19}},"26":{"start":{"line":49,"column":35},"end":{"line":49,"column":49}},"27":{"start":{"line":50,"column":38},"end":{"line":50,"column":75}},"28":{"start":{"line":51,"column":20},"end":{"line":53,"column":21}},"29":{"start":{"line":52,"column":24},"end":{"line":52,"column":63}},"30":{"start":{"line":55,"column":16},"end":{"line":55,"column":85}},"31":{"start":{"line":56,"column":16},"end":{"line":56,"column":81}},"32":{"start":{"line":58,"column":33},"end":{"line":58,"column":60}},"33":{"start":{"line":59,"column":37},"end":{"line":59,"column":86}},"34":{"start":{"line":59,"column":72},"end":{"line":59,"column":82}},"35":{"start":{"line":60,"column":39},"end":{"line":60,"column":77}},"36":{"start":{"line":61,"column":12},"end":{"line":61,"column":38}},"37":{"start":{"line":64,"column":12},"end":{"line":64,"column":66}},"38":{"start":{"line":65,"column":12},"end":{"line":65,"column":24}},"39":{"start":{"line":69,"column":0},"end":{"line":69,"column":49}},"40":{"start":{"line":71,"column":4},"end":{"line":89,"column":7}},"41":{"start":{"line":72,"column":25},"end":{"line":72,"column":54}},"42":{"start":{"line":73,"column":20},"end":{"line":73,"column":22}},"43":{"start":{"line":74,"column":19},"end":{"line":74,"column":21}},"44":{"start":{"line":75,"column":8},"end":{"line":86,"column":9}},"45":{"start":{"line":76,"column":29},"end":{"line":76,"column":53}},"46":{"start":{"line":77,"column":12},"end":{"line":82,"column":13}},"47":{"start":{"line":78,"column":42},"end":{"line":78,"column":61}},"48":{"start":{"line":79,"column":16},"end":{"line":79,"column":74}},"49":{"start":{"line":80,"column":16},"end":{"line":81,"column":76}},"50":{"start":{"line":85,"column":12},"end":{"line":85,"column":84}},"51":{"start":{"line":87,"column":21},"end":{"line":87,"column":70}},"52":{"start":{"line":88,"column":8},"end":{"line":88,"column":22}}},"fnMap":{"0":{"name":"(anonymous_0)","decl":{"start":{"line":2,"column":44},"end":{"line":2,"column":45}},"loc":{"start":{"line":2,"column":89},"end":{"line":10,"column":1}},"line":2},"1":{"name":"adopt","decl":{"start":{"line":3,"column":13},"end":{"line":3,"column":18}},"loc":{"start":{"line":3,"column":26},"end":{"line":3,"column":112}},"line":3},"2":{"name":"(anonymous_2)","decl":{"start":{"line":3,"column":70},"end":{"line":3,"column":71}},"loc":{"start":{"line":3,"column":89},"end":{"line":3,"column":108}},"line":3},"3":{"name":"(anonymous_3)","decl":{"start":{"line":4,"column":36},"end":{"line":4,"column":37}},"loc":{"start":{"line":4,"column":63},"end":{"line":9,"column":5}},"line":4},"4":{"name":"fulfilled","decl":{"start":{"line":5,"column":17},"end":{"line":5,"column":26}},"loc":{"start":{"line":5,"column":34},"end":{"line":5,"column":99}},"line":5},"5":{"name":"rejected","decl":{"start":{"line":6,"column":17},"end":{"line":6,"column":25}},"loc":{"start":{"line":6,"column":33},"end":{"line":6,"column":102}},"line":6},"6":{"name":"step","decl":{"start":{"line":7,"column":17},"end":{"line":7,"column":21}},"loc":{"start":{"line":7,"column":30},"end":{"line":7,"column":118}},"line":7},"7":{"name":"calculateAverageTimeForFirstPR","decl":{"start":{"line":34,"column":9},"end":{"line":34,"column":39}},"loc":{"start":{"line":34,"column":53},"end":{"line":68,"column":1}},"line":34},"8":{"name":"(anonymous_8)","decl":{"start":{"line":35,"column":43},"end":{"line":35,"column":44}},"loc":{"start":{"line":35,"column":56},"end":{"line":67,"column":5}},"line":35},"9":{"name":"(anonymous_9)","decl":{"start":{"line":48,"column":37},"end":{"line":48,"column":38}},"loc":{"start":{"line":48,"column":45},"end":{"line":54,"column":17}},"line":48},"10":{"name":"(anonymous_10)","decl":{"start":{"line":59,"column":57},"end":{"line":59,"column":58}},"loc":{"start":{"line":59,"column":72},"end":{"line":59,"column":82}},"line":59},"11":{"name":"getNpmRampUp","decl":{"start":{"line":70,"column":9},"end":{"line":70,"column":21}},"loc":{"start":{"line":70,"column":35},"end":{"line":90,"column":1}},"line":70},"12":{"name":"(anonymous_12)","decl":{"start":{"line":71,"column":43},"end":{"line":71,"column":44}},"loc":{"start":{"line":71,"column":56},"end":{"line":89,"column":5}},"line":71}},"branchMap":{"0":{"loc":{"start":{"line":2,"column":16},"end":{"line":10,"column":1}},"type":"binary-expr","locations":[{"start":{"line":2,"column":17},"end":{"line":2,"column":21}},{"start":{"line":2,"column":25},"end":{"line":2,"column":39}},{"start":{"line":2,"column":44},"end":{"line":10,"column":1}}],"line":2},"1":{"loc":{"start":{"line":3,"column":35},"end":{"line":3,"column":109}},"type":"cond-expr","locations":[{"start":{"line":3,"column":56},"end":{"line":3,"column":61}},{"start":{"line":3,"column":64},"end":{"line":3,"column":109}}],"line":3},"2":{"loc":{"start":{"line":4,"column":16},"end":{"line":4,"column":34}},"type":"binary-expr","locations":[{"start":{"line":4,"column":16},"end":{"line":4,"column":17}},{"start":{"line":4,"column":22},"end":{"line":4,"column":33}}],"line":4},"3":{"loc":{"start":{"line":7,"column":32},"end":{"line":7,"column":115}},"type":"cond-expr","locations":[{"start":{"line":7,"column":46},"end":{"line":7,"column":67}},{"start":{"line":7,"column":70},"end":{"line":7,"column":115}}],"line":7},"4":{"loc":{"start":{"line":8,"column":51},"end":{"line":8,"column":67}},"type":"binary-expr","locations":[{"start":{"line":8,"column":51},"end":{"line":8,"column":61}},{"start":{"line":8,"column":65},"end":{"line":8,"column":67}}],"line":8},"5":{"loc":{"start":{"line":51,"column":20},"end":{"line":53,"column":21}},"type":"if","locations":[{"start":{"line":51,"column":20},"end":{"line":53,"column":21}},{"start":{},"end":{}}],"line":51},"6":{"loc":{"start":{"line":51,"column":24},"end":{"line":51,"column":77}},"type":"binary-expr","locations":[{"start":{"line":51,"column":24},"end":{"line":51,"column":30}},{"start":{"line":51,"column":34},"end":{"line":51,"column":46}},{"start":{"line":51,"column":50},"end":{"line":51,"column":77}}],"line":51},"7":{"loc":{"start":{"line":77,"column":12},"end":{"line":82,"column":13}},"type":"if","locations":[{"start":{"line":77,"column":12},"end":{"line":82,"column":13}},{"start":{},"end":{}}],"line":77}},"s":{"0":2,"1":30,"2":0,"3":4,"4":30,"5":30,"6":0,"7":0,"8":0,"9":0,"10":34,"11":4,"12":2,"13":2,"14":2,"15":2,"16":3,"17":3,"18":3,"19":3,"20":3,"21":3,"22":3,"23":28,"24":28,"25":28,"26":2560,"27":2560,"28":2560,"29":1164,"30":28,"31":28,"32":3,"33":3,"34":1164,"35":3,"36":3,"37":0,"38":0,"39":2,"40":1,"41":1,"42":1,"43":1,"44":1,"45":1,"46":1,"47":1,"48":1,"49":1,"50":0,"51":1,"52":1},"f":{"0":4,"1":30,"2":0,"3":4,"4":30,"5":0,"6":34,"7":3,"8":3,"9":2560,"10":1164,"11":1,"12":1},"b":{"0":[2,0,2],"1":[30,0],"2":[4,4],"3":[4,30],"4":[4,4],"5":[1164,1396],"6":[2560,2538,2538],"7":[1,0]},"_coverageSchema":"1a1c01bbd47fc00a2c39e90264f33305004495a9","hash":"982b3d9d21dcb0482e3c22e4538ae98f237d9f87"}
,"C:\\Users\\calia\\Desktop\\ECE461_Project_Phase1\\src\\dist\\Metrics\\Responsiveness.js": {"path":"C:\\Users\\calia\\Desktop\\ECE461_Project_Phase1\\src\\dist\\Metrics\\Responsiveness.js","statementMap":{"0":{"start":{"line":2,"column":16},"end":{"line":10,"column":1}},"1":{"start":{"line":3,"column":28},"end":{"line":3,"column":110}},"2":{"start":{"line":3,"column":91},"end":{"line":3,"column":106}},"3":{"start":{"line":4,"column":4},"end":{"line":9,"column":7}},"4":{"start":{"line":5,"column":36},"end":{"line":5,"column":97}},"5":{"start":{"line":5,"column":42},"end":{"line":5,"column":70}},"6":{"start":{"line":5,"column":85},"end":{"line":5,"column":95}},"7":{"start":{"line":6,"column":35},"end":{"line":6,"column":100}},"8":{"start":{"line":6,"column":41},"end":{"line":6,"column":73}},"9":{"start":{"line":6,"column":88},"end":{"line":6,"column":98}},"10":{"start":{"line":7,"column":32},"end":{"line":7,"column":116}},"11":{"start":{"line":8,"column":8},"end":{"line":8,"column":78}},"12":{"start":{"line":11,"column":0},"end":{"line":11,"column":62}},"13":{"start":{"line":12,"column":0},"end":{"line":12,"column":54}},"14":{"start":{"line":13,"column":0},"end":{"line":13,"column":52}},"15":{"start":{"line":14,"column":17},"end":{"line":14,"column":37}},"16":{"start":{"line":15,"column":19},"end":{"line":21,"column":1}},"17":{"start":{"line":22,"column":21},"end":{"line":41,"column":1}},"18":{"start":{"line":43,"column":4},"end":{"line":88,"column":7}},"19":{"start":{"line":44,"column":25},"end":{"line":44,"column":57}},"20":{"start":{"line":45,"column":30},"end":{"line":45,"column":32}},"21":{"start":{"line":46,"column":31},"end":{"line":46,"column":32}},"22":{"start":{"line":47,"column":8},"end":{"line":87,"column":9}},"23":{"start":{"line":48,"column":32},"end":{"line":51,"column":14}},"24":{"start":{"line":52,"column":29},"end":{"line":52,"column":73}},"25":{"start":{"line":53,"column":12},"end":{"line":61,"column":13}},"26":{"start":{"line":54,"column":16},"end":{"line":54,"column":39}},"27":{"start":{"line":56,"column":17},"end":{"line":61,"column":13}},"28":{"start":{"line":57,"column":16},"end":{"line":57,"column":38}},"29":{"start":{"line":60,"column":16},"end":{"line":60,"column":38}},"30":{"start":{"line":62,"column":33},"end":{"line":66,"column":14}},"31":{"start":{"line":67,"column":27},"end":{"line":67,"column":68}},"32":{"start":{"line":68,"column":12},"end":{"line":77,"column":15}},"33":{"start":{"line":69,"column":34},"end":{"line":69,"column":64}},"34":{"start":{"line":70,"column":37},"end":{"line":70,"column":65}},"35":{"start":{"line":71,"column":16},"end":{"line":76,"column":17}},"36":{"start":{"line":72,"column":44},"end":{"line":72,"column":81}},"37":{"start":{"line":73,"column":41},"end":{"line":74,"column":50}},"38":{"start":{"line":75,"column":20},"end":{"line":75,"column":53}},"39":{"start":{"line":78,"column":12},"end":{"line":78,"column":48}},"40":{"start":{"line":78,"column":41},"end":{"line":78,"column":46}},"41":{"start":{"line":79,"column":38},"end":{"line":79,"column":88}},"42":{"start":{"line":79,"column":74},"end":{"line":79,"column":84}},"43":{"start":{"line":80,"column":40},"end":{"line":80,"column":80}},"44":{"start":{"line":81,"column":35},"end":{"line":81,"column":77}},"45":{"start":{"line":82,"column":12},"end":{"line":82,"column":34}},"46":{"start":{"line":85,"column":12},"end":{"line":85,"column":73}},"47":{"start":{"line":86,"column":12},"end":{"line":86,"column":24}},"48":{"start":{"line":91,"column":4},"end":{"line":106,"column":7}},"49":{"start":{"line":92,"column":25},"end":{"line":92,"column":54}},"50":{"start":{"line":93,"column":8},"end":{"line":105,"column":9}},"51":{"start":{"line":94,"column":29},"end":{"line":94,"column":53}},"52":{"start":{"line":95,"column":12},"end":{"line":101,"column":13}},"53":{"start":{"line":96,"column":42},"end":{"line":96,"column":61}},"54":{"start":{"line":97,"column":30},"end":{"line":97,"column":79}},"55":{"start":{"line":98,"column":29},"end":{"line":99,"column":75}},"56":{"start":{"line":100,"column":16},"end":{"line":100,"column":64}},"57":{"start":{"line":104,"column":12},"end":{"line":104,"column":84}}},"fnMap":{"0":{"name":"(anonymous_0)","decl":{"start":{"line":2,"column":44},"end":{"line":2,"column":45}},"loc":{"start":{"line":2,"column":89},"end":{"line":10,"column":1}},"line":2},"1":{"name":"adopt","decl":{"start":{"line":3,"column":13},"end":{"line":3,"column":18}},"loc":{"start":{"line":3,"column":26},"end":{"line":3,"column":112}},"line":3},"2":{"name":"(anonymous_2)","decl":{"start":{"line":3,"column":70},"end":{"line":3,"column":71}},"loc":{"start":{"line":3,"column":89},"end":{"line":3,"column":108}},"line":3},"3":{"name":"(anonymous_3)","decl":{"start":{"line":4,"column":36},"end":{"line":4,"column":37}},"loc":{"start":{"line":4,"column":63},"end":{"line":9,"column":5}},"line":4},"4":{"name":"fulfilled","decl":{"start":{"line":5,"column":17},"end":{"line":5,"column":26}},"loc":{"start":{"line":5,"column":34},"end":{"line":5,"column":99}},"line":5},"5":{"name":"rejected","decl":{"start":{"line":6,"column":17},"end":{"line":6,"column":25}},"loc":{"start":{"line":6,"column":33},"end":{"line":6,"column":102}},"line":6},"6":{"name":"step","decl":{"start":{"line":7,"column":17},"end":{"line":7,"column":21}},"loc":{"start":{"line":7,"column":30},"end":{"line":7,"column":118}},"line":7},"7":{"name":"getIssueResponseTimes","decl":{"start":{"line":42,"column":9},"end":{"line":42,"column":30}},"loc":{"start":{"line":42,"column":44},"end":{"line":89,"column":1}},"line":42},"8":{"name":"(anonymous_8)","decl":{"start":{"line":43,"column":43},"end":{"line":43,"column":44}},"loc":{"start":{"line":43,"column":56},"end":{"line":88,"column":5}},"line":43},"9":{"name":"(anonymous_9)","decl":{"start":{"line":68,"column":27},"end":{"line":68,"column":28}},"loc":{"start":{"line":68,"column":38},"end":{"line":77,"column":13}},"line":68},"10":{"name":"(anonymous_10)","decl":{"start":{"line":78,"column":31},"end":{"line":78,"column":32}},"loc":{"start":{"line":78,"column":41},"end":{"line":78,"column":46}},"line":78},"11":{"name":"(anonymous_11)","decl":{"start":{"line":79,"column":59},"end":{"line":79,"column":60}},"loc":{"start":{"line":79,"column":74},"end":{"line":79,"column":84}},"line":79},"12":{"name":"getNpmResponsiveness","decl":{"start":{"line":90,"column":9},"end":{"line":90,"column":29}},"loc":{"start":{"line":90,"column":43},"end":{"line":107,"column":1}},"line":90},"13":{"name":"(anonymous_13)","decl":{"start":{"line":91,"column":43},"end":{"line":91,"column":44}},"loc":{"start":{"line":91,"column":56},"end":{"line":106,"column":5}},"line":91}},"branchMap":{"0":{"loc":{"start":{"line":2,"column":16},"end":{"line":10,"column":1}},"type":"binary-expr","locations":[{"start":{"line":2,"column":17},"end":{"line":2,"column":21}},{"start":{"line":2,"column":25},"end":{"line":2,"column":39}},{"start":{"line":2,"column":44},"end":{"line":10,"column":1}}],"line":2},"1":{"loc":{"start":{"line":3,"column":35},"end":{"line":3,"column":109}},"type":"cond-expr","locations":[{"start":{"line":3,"column":56},"end":{"line":3,"column":61}},{"start":{"line":3,"column":64},"end":{"line":3,"column":109}}],"line":3},"2":{"loc":{"start":{"line":4,"column":16},"end":{"line":4,"column":34}},"type":"binary-expr","locations":[{"start":{"line":4,"column":16},"end":{"line":4,"column":17}},{"start":{"line":4,"column":22},"end":{"line":4,"column":33}}],"line":4},"3":{"loc":{"start":{"line":7,"column":32},"end":{"line":7,"column":115}},"type":"cond-expr","locations":[{"start":{"line":7,"column":46},"end":{"line":7,"column":67}},{"start":{"line":7,"column":70},"end":{"line":7,"column":115}}],"line":7},"4":{"loc":{"start":{"line":8,"column":51},"end":{"line":8,"column":67}},"type":"binary-expr","locations":[{"start":{"line":8,"column":51},"end":{"line":8,"column":61}},{"start":{"line":8,"column":65},"end":{"line":8,"column":67}}],"line":8},"5":{"loc":{"start":{"line":53,"column":12},"end":{"line":61,"column":13}},"type":"if","locations":[{"start":{"line":53,"column":12},"end":{"line":61,"column":13}},{"start":{"line":56,"column":17},"end":{"line":61,"column":13}}],"line":53},"6":{"loc":{"start":{"line":56,"column":17},"end":{"line":61,"column":13}},"type":"if","locations":[{"start":{"line":56,"column":17},"end":{"line":61,"column":13}},{"start":{"line":59,"column":17},"end":{"line":61,"column":13}}],"line":56},"7":{"loc":{"start":{"line":71,"column":16},"end":{"line":76,"column":17}},"type":"if","locations":[{"start":{"line":71,"column":16},"end":{"line":76,"column":17}},{"start":{},"end":{}}],"line":71},"8":{"loc":{"start":{"line":95,"column":12},"end":{"line":101,"column":13}},"type":"if","locations":[{"start":{"line":95,"column":12},"end":{"line":101,"column":13}},{"start":{},"end":{}}],"line":95}},"s":{"0":2,"1":8,"2":0,"3":4,"4":8,"5":8,"6":0,"7":0,"8":0,"9":0,"10":12,"11":4,"12":2,"13":2,"14":2,"15":2,"16":2,"17":2,"18":3,"19":3,"20":3,"21":3,"22":3,"23":3,"24":3,"25":3,"26":0,"27":3,"28":0,"29":3,"30":3,"31":3,"32":3,"33":226,"34":226,"35":226,"36":161,"37":161,"38":161,"39":3,"40":748,"41":3,"42":161,"43":3,"44":3,"45":3,"46":0,"47":0,"48":1,"49":1,"50":1,"51":1,"52":1,"53":1,"54":1,"55":1,"56":1,"57":0},"f":{"0":4,"1":8,"2":0,"3":4,"4":8,"5":0,"6":12,"7":3,"8":3,"9":226,"10":748,"11":161,"12":1,"13":1},"b":{"0":[2,0,2],"1":[8,0],"2":[4,4],"3":[4,8],"4":[4,4],"5":[0,3],"6":[0,3],"7":[161,65],"8":[1,0]},"_coverageSchema":"1a1c01bbd47fc00a2c39e90264f33305004495a9","hash":"8f9cd711935a140568f57791b91e4dfd5d2fa766"}
}
