TN:
SF:src/dist/api.js
FN:2,(anonymous_0)
FN:6,(anonymous_1)
FN:9,(anonymous_2)
FN:13,(anonymous_3)
FN:15,(anonymous_4)
FN:18,(anonymous_5)
FN:25,(anonymous_6)
FN:26,adopt
FN:26,(anonymous_8)
FN:27,(anonymous_9)
FN:28,fulfilled
FN:29,rejected
FN:30,step
FN:34,(anonymous_13)
FN:44,(anonymous_14)
FN:49,(anonymous_15)
FN:53,(anonymous_16)
FN:54,(anonymous_17)
FN:76,(anonymous_18)
FN:79,(anonymous_19)
FN:80,(anonymous_20)
FNF:21
FNH:18
FNDA:42,(anonymous_0)
FNDA:6,(anonymous_1)
FNDA:0,(anonymous_2)
FNDA:6,(anonymous_3)
FNDA:0,(anonymous_4)
FNDA:6,(anonymous_5)
FNDA:38,(anonymous_6)
FNDA:39,adopt
FNDA:2,(anonymous_8)
FNDA:38,(anonymous_9)
FNDA:39,fulfilled
FNDA:0,rejected
FNDA:77,step
FNDA:6,(anonymous_13)
FNDA:15,(anonymous_14)
FNDA:14,(anonymous_15)
FNDA:37,(anonymous_16)
FNDA:37,(anonymous_17)
FNDA:1,(anonymous_18)
FNDA:1,(anonymous_19)
FNDA:1,(anonymous_20)
DA:2,6
DA:3,42
DA:4,42
DA:5,42
DA:6,42
DA:8,42
DA:10,0
DA:11,0
DA:13,6
DA:14,6
DA:16,0
DA:18,6
DA:19,6
DA:20,6
DA:21,42
DA:22,6
DA:23,6
DA:25,6
DA:26,39
DA:27,38
DA:28,39
DA:29,0
DA:30,77
DA:31,38
DA:34,6
DA:35,6
DA:37,6
DA:38,6
DA:39,6
DA:40,6
DA:41,6
DA:42,6
DA:45,15
DA:50,14
DA:51,14
DA:54,37
DA:55,37
DA:56,37
DA:59,37
DA:63,37
DA:64,37
DA:65,37
DA:68,0
DA:69,0
DA:74,6
DA:77,1
DA:80,1
DA:81,1
DA:82,1
DA:83,1
DA:84,1
DA:85,0
DA:87,1
DA:88,1
DA:89,1
DA:90,1
DA:91,1
DA:92,1
DA:95,0
DA:99,0
DA:100,0
DA:105,6
LF:62
LH:52
BRDA:2,0,0,6
BRDA:2,0,1,0
BRDA:2,0,2,6
BRDA:2,1,0,6
BRDA:2,1,1,0
BRDA:3,2,0,42
BRDA:3,2,1,0
BRDA:5,3,0,42
BRDA:5,3,1,0
BRDA:5,4,0,42
BRDA:5,4,1,42
BRDA:5,5,0,0
BRDA:5,5,1,42
BRDA:5,6,0,42
BRDA:5,6,1,0
BRDA:10,7,0,0
BRDA:10,7,1,0
BRDA:13,8,0,6
BRDA:13,8,1,0
BRDA:13,8,2,6
BRDA:13,9,0,6
BRDA:13,9,1,0
BRDA:18,10,0,6
BRDA:18,10,1,0
BRDA:18,10,2,6
BRDA:19,11,0,0
BRDA:19,11,1,6
BRDA:19,12,0,6
BRDA:19,12,1,6
BRDA:21,13,0,6
BRDA:21,13,1,0
BRDA:21,14,0,42
BRDA:21,14,1,0
BRDA:21,15,0,42
BRDA:21,15,1,42
BRDA:25,16,0,6
BRDA:25,16,1,0
BRDA:25,16,2,6
BRDA:26,17,0,37
BRDA:26,17,1,2
BRDA:27,18,0,38
BRDA:27,18,1,38
BRDA:30,19,0,38
BRDA:30,19,1,39
BRDA:31,20,0,38
BRDA:31,20,1,38
BRDA:34,21,0,6
BRDA:34,21,1,0
BRDA:34,21,2,6
BRDA:35,22,0,0
BRDA:35,22,1,6
BRDA:35,23,0,6
BRDA:35,23,1,6
BRDA:84,24,0,0
BRDA:84,24,1,1
BRDA:91,25,0,1
BRDA:91,25,1,0
BRF:57
BRH:38
end_of_record
TN:
SF:src/dist/logger.js
FN:24,(anonymous_0)
FNF:1
FNH:1
FNDA:10,(anonymous_0)
DA:2,1
DA:3,1
DA:4,1
DA:22,1
DA:25,10
DA:32,1
LF:6
LH:6
BRF:0
BRH:0
end_of_record
TN:
SF:src/dist/timeWrapper.js
FN:2,(anonymous_0)
FN:3,adopt
FN:3,(anonymous_2)
FN:4,(anonymous_3)
FN:5,fulfilled
FN:6,rejected
FN:7,step
FN:13,timeWrapper
FN:14,(anonymous_8)
FN:15,(anonymous_9)
FNF:10
FNH:8
FNDA:5,(anonymous_0)
FNDA:5,adopt
FNDA:0,(anonymous_2)
FNDA:5,(anonymous_3)
FNDA:5,fulfilled
FNDA:0,rejected
FNDA:10,step
FNDA:5,timeWrapper
FNDA:5,(anonymous_8)
FNDA:5,(anonymous_9)
DA:2,1
DA:3,5
DA:4,5
DA:5,5
DA:6,0
DA:7,10
DA:8,5
DA:11,1
DA:12,1
DA:14,5
DA:15,5
DA:16,5
DA:17,5
DA:18,5
DA:19,5
DA:20,5
DA:21,5
DA:22,5
DA:25,0
DA:26,0
DA:27,0
DA:28,0
LF:22
LH:17
BRDA:2,0,0,1
BRDA:2,0,1,0
BRDA:2,0,2,1
BRDA:3,1,0,5
BRDA:3,1,1,0
BRDA:4,2,0,5
BRDA:4,2,1,5
BRDA:7,3,0,5
BRDA:7,3,1,5
BRDA:8,4,0,5
BRDA:8,4,1,5
BRF:11
BRH:9
end_of_record
TN:
SF:src/dist/Metrics/BusFactor.js
FN:2,(anonymous_0)
FN:3,adopt
FN:3,(anonymous_2)
FN:4,(anonymous_3)
FN:5,fulfilled
FN:6,rejected
FN:7,step
FN:41,getCommitsByUser
FN:42,(anonymous_8)
FN:56,(anonymous_9)
FN:72,(anonymous_10)
FN:75,(anonymous_11)
FN:77,(anonymous_12)
FN:96,getNpmCommitsbyUser
FN:97,(anonymous_14)
FNF:15
FNH:11
FNDA:2,(anonymous_0)
FNDA:12,adopt
FNDA:0,(anonymous_2)
FNDA:2,(anonymous_3)
FNDA:12,fulfilled
FNDA:0,rejected
FNDA:14,step
FNDA:2,getCommitsByUser
FNDA:2,(anonymous_8)
FNDA:1120,(anonymous_9)
FNDA:52,(anonymous_10)
FNDA:164,(anonymous_11)
FNDA:52,(anonymous_12)
FNDA:0,getNpmCommitsbyUser
FNDA:0,(anonymous_14)
DA:2,2
DA:3,12
DA:4,2
DA:5,12
DA:6,0
DA:7,14
DA:8,2
DA:11,2
DA:12,2
DA:13,2
DA:14,2
DA:42,2
DA:43,2
DA:44,2
DA:45,2
DA:46,2
DA:47,2
DA:48,2
DA:49,2
DA:50,12
DA:55,12
DA:56,12
DA:58,1120
DA:59,1120
DA:60,1118
DA:61,52
DA:63,1118
DA:66,12
DA:68,12
DA:71,2
DA:72,2
DA:73,52
DA:75,164
DA:76,2
DA:77,2
DA:78,52
DA:80,2
DA:81,2
DA:82,4
DA:83,4
DA:84,4
DA:85,2
DA:90,0
DA:92,2
DA:95,2
DA:97,0
DA:98,0
DA:99,0
DA:100,0
DA:101,0
DA:102,0
DA:103,0
DA:104,0
DA:105,0
DA:106,0
DA:111,0
DA:113,0
DA:114,0
LF:58
LH:43
BRDA:2,0,0,2
BRDA:2,0,1,0
BRDA:2,0,2,2
BRDA:3,1,0,12
BRDA:3,1,1,0
BRDA:4,2,0,2
BRDA:4,2,1,2
BRDA:7,3,0,2
BRDA:7,3,1,12
BRDA:8,4,0,2
BRDA:8,4,1,2
BRDA:58,5,0,2
BRDA:58,5,1,1118
BRDA:58,6,0,1120
BRDA:58,6,1,1118
BRDA:59,7,0,1118
BRDA:59,7,1,2
BRDA:60,8,0,52
BRDA:60,8,1,1066
BRDA:84,9,0,2
BRDA:84,9,1,2
BRDA:103,10,0,0
BRDA:103,10,1,0
BRF:23
BRH:19
end_of_record
TN:
SF:src/dist/Metrics/Correctness.js
FN:2,(anonymous_0)
FN:3,adopt
FN:3,(anonymous_2)
FN:4,(anonymous_3)
FN:5,fulfilled
FN:6,rejected
FN:7,step
FN:14,fetchIssues
FN:15,(anonymous_8)
FN:36,calculateLOC
FN:37,(anonymous_10)
FN:69,countLines
FN:72,traverseTree
FN:75,(anonymous_13)
FN:93,calculateCorrectness
FN:94,(anonymous_15)
FN:106,getNpmCorrectness
FN:107,(anonymous_17)
FNF:18
FNH:14
FNDA:9,(anonymous_0)
FNDA:12,adopt
FNDA:0,(anonymous_2)
FNDA:9,(anonymous_3)
FNDA:12,fulfilled
FNDA:0,rejected
FNDA:21,step
FNDA:3,fetchIssues
FNDA:3,(anonymous_8)
FNDA:3,calculateLOC
FNDA:3,(anonymous_10)
FNDA:66,countLines
FNDA:15,traverseTree
FNDA:84,(anonymous_13)
FNDA:3,calculateCorrectness
FNDA:3,(anonymous_15)
FNDA:0,getNpmCorrectness
FNDA:0,(anonymous_17)
DA:2,2
DA:3,12
DA:4,9
DA:5,12
DA:6,0
DA:7,21
DA:8,9
DA:11,2
DA:12,2
DA:13,2
DA:15,3
DA:16,3
DA:17,3
DA:32,3
DA:33,3
DA:37,3
DA:38,3
DA:39,3
DA:67,3
DA:68,3
DA:70,66
DA:73,15
DA:74,0
DA:75,15
DA:76,84
DA:77,66
DA:79,18
DA:80,12
DA:84,3
DA:85,3
DA:88,0
DA:90,3
DA:94,3
DA:95,3
DA:96,3
DA:97,3
DA:98,3
DA:99,3
DA:100,3
DA:101,3
DA:102,3
DA:103,3
DA:107,0
DA:108,0
DA:109,0
DA:110,0
DA:111,0
DA:112,0
DA:113,0
DA:114,0
DA:115,0
DA:116,0
DA:121,0
DA:123,0
DA:124,0
DA:127,2
LF:56
LH:40
BRDA:2,0,0,2
BRDA:2,0,1,0
BRDA:2,0,2,2
BRDA:3,1,0,12
BRDA:3,1,1,0
BRDA:4,2,0,9
BRDA:4,2,1,9
BRDA:7,3,0,9
BRDA:7,3,1,12
BRDA:8,4,0,9
BRDA:8,4,1,9
BRDA:73,5,0,0
BRDA:73,5,1,15
BRDA:76,6,0,66
BRDA:76,6,1,18
BRDA:76,7,0,84
BRDA:76,7,1,66
BRDA:76,7,2,66
BRDA:79,8,0,12
BRDA:79,8,1,6
BRDA:79,9,0,18
BRDA:79,9,1,18
BRDA:79,9,2,18
BRDA:84,10,0,3
BRDA:84,10,1,0
BRDA:84,11,0,3
BRDA:84,11,1,3
BRDA:100,12,0,3
BRDA:100,12,1,0
BRDA:101,13,0,3
BRDA:101,13,1,0
BRDA:113,14,0,0
BRDA:113,14,1,0
BRF:33
BRH:25
end_of_record
TN:
SF:src/dist/Metrics/Licensing.js
FN:2,(anonymous_0)
FN:3,adopt
FN:3,(anonymous_2)
FN:4,(anonymous_3)
FN:5,fulfilled
FN:6,rejected
FN:7,step
FN:11,(anonymous_7)
FN:55,clearTmpDirectory
FN:56,(anonymous_9)
FN:69,cloneRepository
FN:70,(anonymous_11)
FN:75,getLicense
FN:76,(anonymous_13)
FN:84,determineLicenseScore
FN:96,checkLicenseCompatibility
FN:97,(anonymous_16)
FNF:17
FNH:16
FNDA:12,(anonymous_0)
FNDA:12,adopt
FNDA:3,(anonymous_2)
FNDA:12,(anonymous_3)
FNDA:12,fulfilled
FNDA:0,rejected
FNDA:24,step
FNDA:4,(anonymous_7)
FNDA:3,clearTmpDirectory
FNDA:3,(anonymous_9)
FNDA:3,cloneRepository
FNDA:3,(anonymous_11)
FNDA:3,getLicense
FNDA:3,(anonymous_13)
FNDA:6,determineLicenseScore
FNDA:3,checkLicenseCompatibility
FNDA:3,(anonymous_16)
DA:2,2
DA:3,12
DA:4,12
DA:5,12
DA:6,0
DA:7,24
DA:8,12
DA:11,2
DA:12,4
DA:14,2
DA:15,2
DA:16,2
DA:17,2
DA:18,2
DA:19,2
DA:20,2
DA:21,2
DA:56,3
DA:57,3
DA:58,3
DA:59,3
DA:60,3
DA:61,3
DA:65,0
DA:70,3
DA:71,3
DA:72,3
DA:76,3
DA:77,3
DA:78,3
DA:79,3
DA:81,0
DA:85,6
DA:86,6
DA:87,5
DA:88,5
DA:89,40
DA:90,4
DA:94,2
DA:97,3
DA:98,3
DA:99,3
DA:100,3
DA:101,3
DA:102,3
DA:103,3
DA:106,0
LF:47
LH:43
BRDA:2,0,0,2
BRDA:2,0,1,0
BRDA:2,0,2,2
BRDA:3,1,0,9
BRDA:3,1,1,3
BRDA:4,2,0,12
BRDA:4,2,1,12
BRDA:7,3,0,12
BRDA:7,3,1,12
BRDA:8,4,0,12
BRDA:8,4,1,12
BRDA:11,5,0,2
BRDA:11,5,1,0
BRDA:11,5,2,2
BRDA:12,6,0,0
BRDA:12,6,1,4
BRDA:12,7,0,4
BRDA:12,7,1,4
BRDA:57,8,0,3
BRDA:57,8,1,0
BRDA:59,9,0,3
BRDA:59,9,1,0
BRDA:78,10,0,3
BRDA:78,10,1,0
BRDA:86,11,0,5
BRDA:86,11,1,1
BRDA:89,12,0,4
BRDA:89,12,1,36
BRDA:102,13,0,3
BRDA:102,13,1,0
BRF:30
BRH:23
end_of_record
TN:
SF:src/dist/Metrics/Netscore.js
FN:2,(anonymous_0)
FN:3,adopt
FN:3,(anonymous_2)
FN:4,(anonymous_3)
FN:5,fulfilled
FN:6,rejected
FN:7,step
FN:11,(anonymous_7)
FN:26,calculateMetrics
FN:27,(anonymous_9)
FNF:10
FNH:8
FNDA:1,(anonymous_0)
FNDA:5,adopt
FNDA:0,(anonymous_2)
FNDA:1,(anonymous_3)
FNDA:5,fulfilled
FNDA:0,rejected
FNDA:6,step
FNDA:3,(anonymous_7)
FNDA:1,calculateMetrics
FNDA:1,(anonymous_9)
DA:2,1
DA:3,5
DA:4,1
DA:5,5
DA:6,0
DA:7,6
DA:8,1
DA:11,1
DA:12,3
DA:14,1
DA:15,1
DA:16,1
DA:17,1
DA:18,1
DA:19,1
DA:20,1
DA:21,1
DA:22,1
DA:23,1
DA:24,1
DA:25,1
DA:27,1
DA:28,1
DA:29,1
DA:30,1
DA:31,1
DA:32,1
DA:33,1
DA:38,1
DA:39,1
DA:58,1
DA:61,1
LF:32
LH:31
BRDA:2,0,0,1
BRDA:2,0,1,0
BRDA:2,0,2,1
BRDA:3,1,0,5
BRDA:3,1,1,0
BRDA:4,2,0,1
BRDA:4,2,1,1
BRDA:7,3,0,1
BRDA:7,3,1,5
BRDA:8,4,0,1
BRDA:8,4,1,1
BRDA:11,5,0,1
BRDA:11,5,1,0
BRDA:11,5,2,1
BRDA:12,6,0,3
BRDA:12,6,1,0
BRDA:12,7,0,3
BRDA:12,7,1,3
BRF:18
BRH:14
end_of_record
TN:
SF:src/dist/Metrics/RampUp.js
FN:2,(anonymous_0)
FN:3,adopt
FN:3,(anonymous_2)
FN:4,(anonymous_3)
FN:5,fulfilled
FN:6,rejected
FN:7,step
FN:34,calculateAverageTimeForFirstPR
FN:35,(anonymous_8)
FN:48,(anonymous_9)
FN:59,(anonymous_10)
FN:70,getNpmRampUp
FN:71,(anonymous_12)
FNF:13
FNH:9
FNDA:2,(anonymous_0)
FNDA:12,adopt
FNDA:0,(anonymous_2)
FNDA:2,(anonymous_3)
FNDA:12,fulfilled
FNDA:0,rejected
FNDA:14,step
FNDA:2,calculateAverageTimeForFirstPR
FNDA:2,(anonymous_8)
FNDA:1006,(anonymous_9)
FNDA:62,(anonymous_10)
FNDA:0,getNpmRampUp
FNDA:0,(anonymous_12)
DA:2,2
DA:3,12
DA:4,2
DA:5,12
DA:6,0
DA:7,14
DA:8,2
DA:11,2
DA:12,2
DA:13,2
DA:14,2
DA:35,2
DA:36,2
DA:37,2
DA:38,2
DA:39,2
DA:40,2
DA:41,2
DA:42,12
DA:47,12
DA:48,12
DA:49,1006
DA:50,1006
DA:51,1006
DA:52,62
DA:55,12
DA:56,12
DA:58,2
DA:59,62
DA:60,2
DA:61,2
DA:64,0
DA:65,0
DA:69,2
DA:71,0
DA:72,0
DA:73,0
DA:74,0
DA:75,0
DA:76,0
DA:77,0
DA:78,0
DA:79,0
DA:80,0
DA:85,0
DA:87,0
DA:88,0
LF:47
LH:31
BRDA:2,0,0,2
BRDA:2,0,1,0
BRDA:2,0,2,2
BRDA:3,1,0,12
BRDA:3,1,1,0
BRDA:4,2,0,2
BRDA:4,2,1,2
BRDA:7,3,0,2
BRDA:7,3,1,12
BRDA:8,4,0,2
BRDA:8,4,1,2
BRDA:51,5,0,62
BRDA:51,5,1,944
BRDA:51,6,0,1006
BRDA:51,6,1,1004
BRDA:51,6,2,1004
BRDA:77,7,0,0
BRDA:77,7,1,0
BRF:18
BRH:14
end_of_record
TN:
SF:src/dist/Metrics/Responsiveness.js
FN:2,(anonymous_0)
FN:3,adopt
FN:3,(anonymous_2)
FN:4,(anonymous_3)
FN:5,fulfilled
FN:6,rejected
FN:7,step
FN:42,getIssueResponseTimes
FN:43,(anonymous_8)
FN:68,(anonymous_9)
FN:78,(anonymous_10)
FN:79,(anonymous_11)
FN:91,getNpmPackageInfo
FN:92,(anonymous_13)
FNF:14
FNH:12
FNDA:4,(anonymous_0)
FNDA:8,adopt
FNDA:0,(anonymous_2)
FNDA:4,(anonymous_3)
FNDA:8,fulfilled
FNDA:0,rejected
FNDA:12,step
FNDA:3,getIssueResponseTimes
FNDA:3,(anonymous_8)
FNDA:226,(anonymous_9)
FNDA:748,(anonymous_10)
FNDA:161,(anonymous_11)
FNDA:1,getNpmPackageInfo
FNDA:1,(anonymous_13)
DA:2,2
DA:3,8
DA:4,4
DA:5,8
DA:6,0
DA:7,12
DA:8,4
DA:11,2
DA:12,2
DA:13,2
DA:14,2
DA:15,2
DA:22,2
DA:43,3
DA:44,3
DA:45,3
DA:46,3
DA:47,3
DA:48,3
DA:52,3
DA:53,3
DA:54,0
DA:56,3
DA:57,0
DA:60,3
DA:62,3
DA:67,3
DA:68,3
DA:69,226
DA:70,226
DA:71,226
DA:72,161
DA:73,161
DA:75,161
DA:78,748
DA:79,161
DA:80,3
DA:81,3
DA:82,3
DA:83,3
DA:86,0
DA:87,0
DA:92,1
DA:93,1
DA:94,1
DA:95,1
DA:96,1
DA:97,1
DA:98,1
DA:99,1
DA:101,1
DA:105,0
LF:52
LH:46
BRDA:2,0,0,2
BRDA:2,0,1,0
BRDA:2,0,2,2
BRDA:3,1,0,8
BRDA:3,1,1,0
BRDA:4,2,0,4
BRDA:4,2,1,4
BRDA:7,3,0,4
BRDA:7,3,1,8
BRDA:8,4,0,4
BRDA:8,4,1,4
BRDA:53,5,0,0
BRDA:53,5,1,3
BRDA:56,6,0,0
BRDA:56,6,1,3
BRDA:71,7,0,161
BRDA:71,7,1,65
BRDA:96,8,0,1
BRDA:96,8,1,0
BRF:19
BRH:14
end_of_record
TN:
SF:src/dist/commands/InstallCommand.js
FN:2,(anonymous_0)
FN:6,(anonymous_1)
FN:9,(anonymous_2)
FN:13,(anonymous_3)
FN:15,(anonymous_4)
FN:18,(anonymous_5)
FN:25,(anonymous_6)
FN:26,adopt
FN:26,(anonymous_8)
FN:27,(anonymous_9)
FN:28,fulfilled
FN:29,rejected
FN:30,step
FN:34,(anonymous_13)
FN:43,(anonymous_14)
FN:44,(anonymous_15)
FN:45,(anonymous_16)
FN:60,(anonymous_17)
FN:61,(anonymous_18)
FN:64,(anonymous_19)
FN:65,(anonymous_20)
FN:65,(anonymous_21)
FN:72,(anonymous_22)
FNF:23
FNH:19
FNDA:103,(anonymous_0)
FNDA:2,(anonymous_1)
FNDA:0,(anonymous_2)
FNDA:1,(anonymous_3)
FNDA:0,(anonymous_4)
FNDA:1,(anonymous_5)
FNDA:4,(anonymous_6)
FNDA:6,adopt
FNDA:0,(anonymous_8)
FNDA:4,(anonymous_9)
FNDA:6,fulfilled
FNDA:0,rejected
FNDA:10,step
FNDA:1,(anonymous_13)
FNDA:6,(anonymous_14)
FNDA:6,(anonymous_15)
FNDA:6,(anonymous_16)
FNDA:2,(anonymous_17)
FNDA:2,(anonymous_18)
FNDA:2,(anonymous_19)
FNDA:2,(anonymous_20)
FNDA:2,(anonymous_21)
FNDA:6,(anonymous_22)
DA:2,1
DA:3,103
DA:4,103
DA:5,103
DA:6,98
DA:8,103
DA:10,0
DA:11,0
DA:13,1
DA:14,1
DA:16,0
DA:18,1
DA:19,1
DA:20,1
DA:21,103
DA:22,1
DA:23,1
DA:25,1
DA:26,6
DA:27,4
DA:28,6
DA:29,0
DA:30,10
DA:31,4
DA:34,1
DA:35,1
DA:37,1
DA:38,1
DA:39,1
DA:40,1
DA:41,1
DA:44,6
DA:45,6
DA:46,6
DA:47,0
DA:48,0
DA:49,0
DA:50,0
DA:52,6
DA:53,6
DA:54,6
DA:55,6
DA:56,6
DA:61,2
DA:62,2
DA:63,2
DA:64,2
DA:65,2
DA:66,2
DA:67,1
DA:68,1
DA:69,1
DA:70,1
DA:72,6
DA:73,1
DA:74,1
DA:75,6
DA:77,1
DA:78,1
DA:79,1
DA:82,0
DA:83,0
DA:84,0
DA:91,1
LF:64
LH:53
BRDA:2,0,0,1
BRDA:2,0,1,0
BRDA:2,0,2,1
BRDA:2,1,0,1
BRDA:2,1,1,0
BRDA:3,2,0,103
BRDA:3,2,1,0
BRDA:5,3,0,98
BRDA:5,3,1,5
BRDA:5,4,0,103
BRDA:5,4,1,103
BRDA:5,5,0,5
BRDA:5,5,1,98
BRDA:5,6,0,98
BRDA:5,6,1,5
BRDA:10,7,0,0
BRDA:10,7,1,0
BRDA:13,8,0,1
BRDA:13,8,1,0
BRDA:13,8,2,1
BRDA:13,9,0,1
BRDA:13,9,1,0
BRDA:18,10,0,1
BRDA:18,10,1,0
BRDA:18,10,2,1
BRDA:19,11,0,0
BRDA:19,11,1,1
BRDA:19,12,0,1
BRDA:19,12,1,1
BRDA:21,13,0,1
BRDA:21,13,1,0
BRDA:21,14,0,103
BRDA:21,14,1,0
BRDA:21,15,0,103
BRDA:21,15,1,103
BRDA:25,16,0,1
BRDA:25,16,1,0
BRDA:25,16,2,1
BRDA:26,17,0,6
BRDA:26,17,1,0
BRDA:27,18,0,4
BRDA:27,18,1,4
BRDA:30,19,0,4
BRDA:30,19,1,6
BRDA:31,20,0,4
BRDA:31,20,1,4
BRDA:34,21,0,1
BRDA:34,21,1,0
BRDA:34,21,2,1
BRDA:35,22,0,1
BRDA:35,22,1,0
BRDA:35,23,0,1
BRDA:35,23,1,1
BRDA:46,24,0,0
BRDA:46,24,1,6
BRDA:66,25,0,1
BRDA:66,25,1,1
BRF:57
BRH:41
end_of_record
